{"C:\\Users\\Chandan\\Desktop\\HANCOM\\TEAM CODE\\Updated Gitlab code\\formcontrols\\src\\App.vue": {"path":"C:\\Users\\Chandan\\Desktop\\HANCOM\\TEAM CODE\\Updated Gitlab code\\formcontrols\\src\\App.vue","statementMap":{"0":{"start":{"line":16,"column":0},"end":{"line":16,"column":null}},"1":{"start":{"line":17,"column":0},"end":{"line":17,"column":null}},"2":{"start":{"line":18,"column":0},"end":{"line":18,"column":null}},"3":{"start":{"line":19,"column":0},"end":{"line":19,"column":null}},"4":{"start":{"line":28,"column":0},"end":{"line":28,"column":null}},"5":{"start":{"line":29,"column":0},"end":{"line":29,"column":null}},"6":{"start":{"line":28,"column":0},"end":{"line":21,"column":null}}},"fnMap":{"0":{"name":"(anonymous_2)","decl":{"start":{"line":29,"column":0},"end":{"line":29,"column":null}},"loc":{"start":{"line":29,"column":0},"end":{"line":29,"column":null}}}},"branchMap":{},"s":{"0":0,"1":0,"2":0,"3":0,"4":0,"5":0,"6":0},"f":{"0":0},"b":{}}
,"C:\\Users\\Chandan\\Desktop\\HANCOM\\TEAM CODE\\Updated Gitlab code\\formcontrols\\src\\main.ts": {"path":"C:\\Users\\Chandan\\Desktop\\HANCOM\\TEAM CODE\\Updated Gitlab code\\formcontrols\\src\\main.ts","statementMap":{"0":{"start":{"line":1,"column":0},"end":{"line":1,"column":21}},"1":{"start":{"line":2,"column":0},"end":{"line":2,"column":27}},"2":{"start":{"line":3,"column":0},"end":{"line":3,"column":29}},"3":{"start":{"line":4,"column":0},"end":{"line":4,"column":27}},"4":{"start":{"line":5,"column":0},"end":{"line":5,"column":38}},"5":{"start":{"line":6,"column":0},"end":{"line":6,"column":47}},"6":{"start":{"line":8,"column":0},"end":{"line":8,"column":null}},"7":{"start":{"line":9,"column":0},"end":{"line":9,"column":null}},"8":{"start":{"line":10,"column":16},"end":{"line":27,"column":1}},"9":{"start":{"line":11,"column":22},"end":{"line":11,"column":31}},"10":{"start":{"line":12,"column":2},"end":{"line":18,"column":null}},"11":{"start":{"line":15,"column":8},"end":{"line":15,"column":null}},"12":{"start":{"line":20,"column":2},"end":{"line":20,"column":null}},"13":{"start":{"line":22,"column":2},"end":{"line":26,"column":null}},"14":{"start":{"line":25,"column":17},"end":{"line":25,"column":23}},"15":{"start":{"line":29,"column":0},"end":{"line":29,"column":null}}},"fnMap":{"0":{"name":"(anonymous_0)","decl":{"start":{"line":10,"column":16},"end":{"line":10,"column":21}},"loc":{"start":{"line":10,"column":27},"end":{"line":27,"column":1}}},"1":{"name":"(anonymous_1)","decl":{"start":{"line":14,"column":11},"end":{"line":14,"column":null}},"loc":{"start":{"line":14,"column":11},"end":{"line":16,"column":7}}},"2":{"name":"(anonymous_2)","decl":{"start":{"line":25,"column":12},"end":{"line":25,"column":13}},"loc":{"start":{"line":25,"column":17},"end":{"line":25,"column":23}}}},"branchMap":{},"s":{"0":0,"1":0,"2":0,"3":0,"4":0,"5":0,"6":0,"7":0,"8":0,"9":0,"10":0,"11":0,"12":0,"13":0,"14":0,"15":0},"f":{"0":0,"1":0,"2":0},"b":{}}
,"C:\\Users\\Chandan\\Desktop\\HANCOM\\TEAM CODE\\Updated Gitlab code\\formcontrols\\src\\router.ts": {"path":"C:\\Users\\Chandan\\Desktop\\HANCOM\\TEAM CODE\\Updated Gitlab code\\formcontrols\\src\\router.ts","statementMap":{"0":{"start":{"line":1,"column":0},"end":{"line":1,"column":21}},"1":{"start":{"line":2,"column":0},"end":{"line":2,"column":31}},"2":{"start":{"line":4,"column":0},"end":{"line":4,"column":null}},"3":{"start":{"line":6,"column":0},"end":{"line":10,"column":null}}},"fnMap":{},"branchMap":{},"s":{"0":0,"1":0,"2":0,"3":0},"f":{},"b":{}}
,"C:\\Users\\Chandan\\Desktop\\HANCOM\\TEAM CODE\\Updated Gitlab code\\formcontrols\\src\\shims-vue.d.ts": {"path":"C:\\Users\\Chandan\\Desktop\\HANCOM\\TEAM CODE\\Updated Gitlab code\\formcontrols\\src\\shims-vue.d.ts","statementMap":{},"fnMap":{},"branchMap":{},"s":{},"f":{},"b":{},"hash":"244d5a22eea0f6015be18aadcd3e70a9e2ba1ab4"}
,"C:\\Users\\Chandan\\Desktop\\HANCOM\\TEAM CODE\\Updated Gitlab code\\formcontrols\\src\\@types\\fd.d.ts": {"path":"C:\\Users\\Chandan\\Desktop\\HANCOM\\TEAM CODE\\Updated Gitlab code\\formcontrols\\src\\@types\\fd.d.ts","statementMap":{},"fnMap":{},"branchMap":{},"s":{},"f":{},"b":{},"hash":"7c39861363fdb00666c506877c77b266f2860e4f"}
,"C:\\Users\\Chandan\\Desktop\\HANCOM\\TEAM CODE\\Updated Gitlab code\\formcontrols\\src\\@types\\vue-drag-selector.d.ts": {"path":"C:\\Users\\Chandan\\Desktop\\HANCOM\\TEAM CODE\\Updated Gitlab code\\formcontrols\\src\\@types\\vue-drag-selector.d.ts","statementMap":{},"fnMap":{},"branchMap":{},"s":{},"f":{},"b":{},"hash":"6401ab95cc019b6ae2f406cd5aff58f2ef7649c4"}
,"C:\\Users\\Chandan\\Desktop\\HANCOM\\TEAM CODE\\Updated Gitlab code\\formcontrols\\src\\@types\\vuex.d.ts": {"path":"C:\\Users\\Chandan\\Desktop\\HANCOM\\TEAM CODE\\Updated Gitlab code\\formcontrols\\src\\@types\\vuex.d.ts","statementMap":{},"fnMap":{},"branchMap":{},"s":{},"f":{},"b":{},"hash":"85e7e8498ca94b77be738e5f27346e458043c906"}
,"C:\\Users\\Chandan\\Desktop\\HANCOM\\TEAM CODE\\Updated Gitlab code\\formcontrols\\src\\FormDesigner\\controls-group-types.ts": {"path":"C:\\Users\\Chandan\\Desktop\\HANCOM\\TEAM CODE\\Updated Gitlab code\\formcontrols\\src\\FormDesigner\\controls-group-types.ts","statementMap":{"0":{"start":{"line":1,"column":13},"end":{"line":1,"column":null}},"1":{"start":{"line":2,"column":13},"end":{"line":2,"column":null}},"2":{"start":{"line":3,"column":13},"end":{"line":3,"column":null}},"3":{"start":{"line":4,"column":13},"end":{"line":4,"column":null}},"4":{"start":{"line":5,"column":13},"end":{"line":5,"column":null}},"5":{"start":{"line":6,"column":13},"end":{"line":6,"column":null}},"6":{"start":{"line":7,"column":13},"end":{"line":7,"column":null}},"7":{"start":{"line":8,"column":13},"end":{"line":8,"column":null}}},"fnMap":{},"branchMap":{},"s":{"0":0,"1":0,"2":0,"3":0,"4":0,"5":0,"6":0,"7":0},"f":{},"b":{}}
,"C:\\Users\\Chandan\\Desktop\\HANCOM\\TEAM CODE\\Updated Gitlab code\\formcontrols\\src\\FormDesigner\\controls-properties.ts": {"path":"C:\\Users\\Chandan\\Desktop\\HANCOM\\TEAM CODE\\Updated Gitlab code\\formcontrols\\src\\FormDesigner\\controls-properties.ts","statementMap":{"0":{"start":{"line":3,"column":13},"end":{"line":352,"column":null}},"1":{"start":{"line":11,"column":4},"end":{"line":15,"column":null}},"2":{"start":{"line":12,"column":6},"end":{"line":12,"column":null}},"3":{"start":{"line":14,"column":6},"end":{"line":14,"column":null}},"4":{"start":{"line":24,"column":37},"end":{"line":30,"column":null}},"5":{"start":{"line":31,"column":4},"end":{"line":33,"column":null}},"6":{"start":{"line":32,"column":6},"end":{"line":32,"column":null}},"7":{"start":{"line":34,"column":4},"end":{"line":34,"column":null}},"8":{"start":{"line":43,"column":37},"end":{"line":59,"column":null}},"9":{"start":{"line":60,"column":44},"end":{"line":60,"column":80}},"10":{"start":{"line":61,"column":4},"end":{"line":63,"column":null}},"11":{"start":{"line":62,"column":6},"end":{"line":62,"column":null}},"12":{"start":{"line":64,"column":4},"end":{"line":64,"column":null}},"13":{"start":{"line":73,"column":4},"end":{"line":73,"column":null}},"14":{"start":{"line":82,"column":20},"end":{"line":82,"column":51}},"15":{"start":{"line":83,"column":26},"end":{"line":83,"column":63}},"16":{"start":{"line":84,"column":28},"end":{"line":84,"column":67}},"17":{"start":{"line":86,"column":4},"end":{"line":86,"column":null}},"18":{"start":{"line":89,"column":4},"end":{"line":103,"column":null}},"19":{"start":{"line":90,"column":6},"end":{"line":92,"column":null}},"20":{"start":{"line":91,"column":8},"end":{"line":91,"column":null}},"21":{"start":{"line":93,"column":6},"end":{"line":93,"column":null}},"22":{"start":{"line":95,"column":6},"end":{"line":102,"column":null}},"23":{"start":{"line":96,"column":8},"end":{"line":98,"column":null}},"24":{"start":{"line":97,"column":10},"end":{"line":97,"column":null}},"25":{"start":{"line":99,"column":8},"end":{"line":99,"column":null}},"26":{"start":{"line":101,"column":8},"end":{"line":101,"column":null}},"27":{"start":{"line":112,"column":20},"end":{"line":112,"column":51}},"28":{"start":{"line":113,"column":29},"end":{"line":113,"column":69}},"29":{"start":{"line":114,"column":28},"end":{"line":114,"column":67}},"30":{"start":{"line":115,"column":4},"end":{"line":115,"column":null}},"31":{"start":{"line":118,"column":4},"end":{"line":130,"column":null}},"32":{"start":{"line":119,"column":6},"end":{"line":129,"column":null}},"33":{"start":{"line":120,"column":8},"end":{"line":120,"column":null}},"34":{"start":{"line":121,"column":13},"end":{"line":129,"column":null}},"35":{"start":{"line":122,"column":8},"end":{"line":122,"column":null}},"36":{"start":{"line":123,"column":13},"end":{"line":129,"column":null}},"37":{"start":{"line":124,"column":8},"end":{"line":124,"column":null}},"38":{"start":{"line":125,"column":13},"end":{"line":129,"column":null}},"39":{"start":{"line":126,"column":8},"end":{"line":126,"column":null}},"40":{"start":{"line":127,"column":13},"end":{"line":129,"column":null}},"41":{"start":{"line":128,"column":8},"end":{"line":128,"column":null}},"42":{"start":{"line":131,"column":4},"end":{"line":131,"column":null}},"43":{"start":{"line":141,"column":39},"end":{"line":155,"column":null}},"44":{"start":{"line":156,"column":4},"end":{"line":158,"column":null}},"45":{"start":{"line":157,"column":6},"end":{"line":157,"column":null}},"46":{"start":{"line":159,"column":4},"end":{"line":159,"column":null}},"47":{"start":{"line":169,"column":39},"end":{"line":175,"column":null}},"48":{"start":{"line":176,"column":4},"end":{"line":179,"column":null}},"49":{"start":{"line":177,"column":27},"end":{"line":177,"column":67}},"50":{"start":{"line":178,"column":6},"end":{"line":178,"column":null}},"51":{"start":{"line":180,"column":4},"end":{"line":180,"column":null}},"52":{"start":{"line":189,"column":25},"end":{"line":189,"column":64}},"53":{"start":{"line":190,"column":4},"end":{"line":190,"column":null}},"54":{"start":{"line":193,"column":34},"end":{"line":197,"column":null}},"55":{"start":{"line":198,"column":4},"end":{"line":200,"column":null}},"56":{"start":{"line":199,"column":6},"end":{"line":199,"column":null}},"57":{"start":{"line":201,"column":4},"end":{"line":201,"column":null}},"58":{"start":{"line":210,"column":33},"end":{"line":210,"column":78}},"59":{"start":{"line":211,"column":29},"end":{"line":211,"column":63}},"60":{"start":{"line":212,"column":4},"end":{"line":212,"column":null}},"61":{"start":{"line":216,"column":35},"end":{"line":221,"column":null}},"62":{"start":{"line":222,"column":4},"end":{"line":236,"column":null}},"63":{"start":{"line":223,"column":6},"end":{"line":223,"column":null}},"64":{"start":{"line":224,"column":11},"end":{"line":236,"column":null}},"65":{"start":{"line":225,"column":6},"end":{"line":225,"column":null}},"66":{"start":{"line":226,"column":11},"end":{"line":236,"column":null}},"67":{"start":{"line":227,"column":6},"end":{"line":227,"column":null}},"68":{"start":{"line":228,"column":11},"end":{"line":236,"column":null}},"69":{"start":{"line":229,"column":6},"end":{"line":229,"column":null}},"70":{"start":{"line":230,"column":11},"end":{"line":236,"column":null}},"71":{"start":{"line":231,"column":6},"end":{"line":231,"column":null}},"72":{"start":{"line":232,"column":11},"end":{"line":236,"column":null}},"73":{"start":{"line":233,"column":6},"end":{"line":233,"column":null}},"74":{"start":{"line":234,"column":11},"end":{"line":236,"column":null}},"75":{"start":{"line":235,"column":6},"end":{"line":235,"column":null}},"76":{"start":{"line":237,"column":4},"end":{"line":237,"column":null}},"77":{"start":{"line":246,"column":38},"end":{"line":246,"column":81}},"78":{"start":{"line":247,"column":26},"end":{"line":247,"column":56}},"79":{"start":{"line":248,"column":35},"end":{"line":248,"column":71}},"80":{"start":{"line":249,"column":25},"end":{"line":249,"column":54}},"81":{"start":{"line":250,"column":34},"end":{"line":250,"column":69}},"82":{"start":{"line":251,"column":4},"end":{"line":251,"column":null}},"83":{"start":{"line":252,"column":4},"end":{"line":252,"column":null}},"84":{"start":{"line":253,"column":4},"end":{"line":253,"column":null}},"85":{"start":{"line":262,"column":35},"end":{"line":265,"column":null}},"86":{"start":{"line":266,"column":29},"end":{"line":266,"column":63}},"87":{"start":{"line":267,"column":4},"end":{"line":271,"column":null}},"88":{"start":{"line":268,"column":6},"end":{"line":268,"column":null}},"89":{"start":{"line":270,"column":6},"end":{"line":270,"column":null}},"90":{"start":{"line":280,"column":4},"end":{"line":288,"column":6}},"91":{"start":{"line":281,"column":6},"end":{"line":281,"column":null}},"92":{"start":{"line":282,"column":11},"end":{"line":288,"column":6}},"93":{"start":{"line":283,"column":6},"end":{"line":287,"column":null}},"94":{"start":{"line":284,"column":8},"end":{"line":284,"column":null}},"95":{"start":{"line":286,"column":8},"end":{"line":286,"column":null}},"96":{"start":{"line":288,"column":6},"end":{"line":288,"column":null}},"97":{"start":{"line":297,"column":4},"end":{"line":301,"column":null}},"98":{"start":{"line":298,"column":6},"end":{"line":298,"column":null}},"99":{"start":{"line":300,"column":6},"end":{"line":300,"column":null}},"100":{"start":{"line":310,"column":4},"end":{"line":314,"column":null}},"101":{"start":{"line":311,"column":6},"end":{"line":311,"column":null}},"102":{"start":{"line":313,"column":6},"end":{"line":313,"column":null}},"103":{"start":{"line":324,"column":35},"end":{"line":324,"column":37}},"104":{"start":{"line":325,"column":36},"end":{"line":325,"column":38}},"105":{"start":{"line":326,"column":34},"end":{"line":326,"column":36}},"106":{"start":{"line":327,"column":28},"end":{"line":327,"column":33}},"107":{"start":{"line":328,"column":4},"end":{"line":345,"column":null}},"108":{"start":{"line":329,"column":6},"end":{"line":334,"column":null}},"109":{"start":{"line":329,"column":19},"end":{"line":329,"column":20}},"110":{"start":{"line":330,"column":8},"end":{"line":333,"column":null}},"111":{"start":{"line":331,"column":10},"end":{"line":331,"column":null}},"112":{"start":{"line":332,"column":10},"end":{"line":332,"column":15}},"113":{"start":{"line":335,"column":6},"end":{"line":342,"column":null}},"114":{"start":{"line":336,"column":31},"end":{"line":336,"column":59}},"115":{"start":{"line":337,"column":8},"end":{"line":337,"column":null}},"116":{"start":{"line":338,"column":8},"end":{"line":338,"column":null}},"117":{"start":{"line":339,"column":8},"end":{"line":339,"column":null}},"118":{"start":{"line":341,"column":8},"end":{"line":341,"column":null}},"119":{"start":{"line":344,"column":6},"end":{"line":344,"column":null}},"120":{"start":{"line":346,"column":4},"end":{"line":350,"column":null}}},"fnMap":{"0":{"name":"(anonymous_0)","decl":{"start":{"line":10,"column":19},"end":{"line":10,"column":20}},"loc":{"start":{"line":10,"column":56},"end":{"line":16,"column":3}}},"1":{"name":"(anonymous_1)","decl":{"start":{"line":23,"column":21},"end":{"line":23,"column":22}},"loc":{"start":{"line":23,"column":58},"end":{"line":35,"column":3}}},"2":{"name":"(anonymous_2)","decl":{"start":{"line":42,"column":20},"end":{"line":42,"column":21}},"loc":{"start":{"line":42,"column":57},"end":{"line":65,"column":3}}},"3":{"name":"(anonymous_3)","decl":{"start":{"line":72,"column":15},"end":{"line":72,"column":16}},"loc":{"start":{"line":72,"column":52},"end":{"line":74,"column":3}}},"4":{"name":"(anonymous_4)","decl":{"start":{"line":81,"column":23},"end":{"line":81,"column":24}},"loc":{"start":{"line":81,"column":60},"end":{"line":87,"column":3}}},"5":{"name":"(anonymous_5)","decl":{"start":{"line":88,"column":21},"end":{"line":88,"column":22}},"loc":{"start":{"line":88,"column":90},"end":{"line":104,"column":3}}},"6":{"name":"(anonymous_6)","decl":{"start":{"line":111,"column":23},"end":{"line":111,"column":24}},"loc":{"start":{"line":111,"column":60},"end":{"line":116,"column":3}}},"7":{"name":"(anonymous_7)","decl":{"start":{"line":117,"column":19},"end":{"line":117,"column":20}},"loc":{"start":{"line":117,"column":90},"end":{"line":132,"column":3}}},"8":{"name":"(anonymous_8)","decl":{"start":{"line":140,"column":25},"end":{"line":140,"column":26}},"loc":{"start":{"line":140,"column":70},"end":{"line":160,"column":3}}},"9":{"name":"(anonymous_9)","decl":{"start":{"line":168,"column":24},"end":{"line":168,"column":25}},"loc":{"start":{"line":168,"column":69},"end":{"line":181,"column":3}}},"10":{"name":"(anonymous_10)","decl":{"start":{"line":188,"column":23},"end":{"line":188,"column":24}},"loc":{"start":{"line":188,"column":60},"end":{"line":191,"column":3}}},"11":{"name":"(anonymous_11)","decl":{"start":{"line":192,"column":19},"end":{"line":192,"column":20}},"loc":{"start":{"line":192,"column":37},"end":{"line":202,"column":3}}},"12":{"name":"(anonymous_12)","decl":{"start":{"line":209,"column":17},"end":{"line":209,"column":18}},"loc":{"start":{"line":209,"column":61},"end":{"line":213,"column":3}}},"13":{"name":"(anonymous_13)","decl":{"start":{"line":215,"column":20},"end":{"line":215,"column":21}},"loc":{"start":{"line":215,"column":63},"end":{"line":238,"column":3}}},"14":{"name":"(anonymous_14)","decl":{"start":{"line":245,"column":31},"end":{"line":245,"column":32}},"loc":{"start":{"line":245,"column":80},"end":{"line":254,"column":3}}},"15":{"name":"(anonymous_15)","decl":{"start":{"line":261,"column":24},"end":{"line":261,"column":25}},"loc":{"start":{"line":261,"column":68},"end":{"line":272,"column":3}}},"16":{"name":"(anonymous_16)","decl":{"start":{"line":279,"column":27},"end":{"line":279,"column":28}},"loc":{"start":{"line":279,"column":65},"end":{"line":289,"column":3}}},"17":{"name":"(anonymous_17)","decl":{"start":{"line":296,"column":16},"end":{"line":296,"column":17}},"loc":{"start":{"line":296,"column":53},"end":{"line":302,"column":3}}},"18":{"name":"(anonymous_18)","decl":{"start":{"line":309,"column":30},"end":{"line":309,"column":31}},"loc":{"start":{"line":309,"column":67},"end":{"line":315,"column":3}}},"19":{"name":"(anonymous_19)","decl":{"start":{"line":323,"column":19},"end":{"line":323,"column":20}},"loc":{"start":{"line":323,"column":60},"end":{"line":351,"column":3}}}},"branchMap":{"0":{"loc":{"start":{"line":11,"column":4},"end":{"line":15,"column":null}},"type":"if","locations":[{"start":{"line":11,"column":4},"end":{"line":15,"column":null}},{"start":{"line":11,"column":4},"end":{"line":15,"column":null}}]},"1":{"loc":{"start":{"line":31,"column":4},"end":{"line":33,"column":null}},"type":"if","locations":[{"start":{"line":31,"column":4},"end":{"line":33,"column":null}},{"start":{"line":31,"column":4},"end":{"line":33,"column":null}}]},"2":{"loc":{"start":{"line":61,"column":4},"end":{"line":63,"column":null}},"type":"if","locations":[{"start":{"line":61,"column":4},"end":{"line":63,"column":null}},{"start":{"line":61,"column":4},"end":{"line":63,"column":null}}]},"3":{"loc":{"start":{"line":89,"column":4},"end":{"line":103,"column":null}},"type":"if","locations":[{"start":{"line":89,"column":4},"end":{"line":103,"column":null}},{"start":{"line":89,"column":4},"end":{"line":103,"column":null}}]},"4":{"loc":{"start":{"line":90,"column":6},"end":{"line":92,"column":null}},"type":"if","locations":[{"start":{"line":90,"column":6},"end":{"line":92,"column":null}},{"start":{"line":90,"column":6},"end":{"line":92,"column":null}}]},"5":{"loc":{"start":{"line":95,"column":6},"end":{"line":102,"column":null}},"type":"if","locations":[{"start":{"line":95,"column":6},"end":{"line":102,"column":null}},{"start":{"line":95,"column":6},"end":{"line":102,"column":null}}]},"6":{"loc":{"start":{"line":96,"column":8},"end":{"line":98,"column":null}},"type":"if","locations":[{"start":{"line":96,"column":8},"end":{"line":98,"column":null}},{"start":{"line":96,"column":8},"end":{"line":98,"column":null}}]},"7":{"loc":{"start":{"line":118,"column":4},"end":{"line":130,"column":null}},"type":"if","locations":[{"start":{"line":118,"column":4},"end":{"line":130,"column":null}},{"start":{"line":118,"column":4},"end":{"line":130,"column":null}}]},"8":{"loc":{"start":{"line":119,"column":6},"end":{"line":129,"column":null}},"type":"if","locations":[{"start":{"line":119,"column":6},"end":{"line":129,"column":null}},{"start":{"line":119,"column":6},"end":{"line":129,"column":null}}]},"9":{"loc":{"start":{"line":121,"column":13},"end":{"line":129,"column":null}},"type":"if","locations":[{"start":{"line":121,"column":13},"end":{"line":129,"column":null}},{"start":{"line":121,"column":13},"end":{"line":129,"column":null}}]},"10":{"loc":{"start":{"line":123,"column":13},"end":{"line":129,"column":null}},"type":"if","locations":[{"start":{"line":123,"column":13},"end":{"line":129,"column":null}},{"start":{"line":123,"column":13},"end":{"line":129,"column":null}}]},"11":{"loc":{"start":{"line":125,"column":13},"end":{"line":129,"column":null}},"type":"if","locations":[{"start":{"line":125,"column":13},"end":{"line":129,"column":null}},{"start":{"line":125,"column":13},"end":{"line":129,"column":null}}]},"12":{"loc":{"start":{"line":127,"column":13},"end":{"line":129,"column":null}},"type":"if","locations":[{"start":{"line":127,"column":13},"end":{"line":129,"column":null}},{"start":{"line":127,"column":13},"end":{"line":129,"column":null}}]},"13":{"loc":{"start":{"line":156,"column":4},"end":{"line":158,"column":null}},"type":"if","locations":[{"start":{"line":156,"column":4},"end":{"line":158,"column":null}},{"start":{"line":156,"column":4},"end":{"line":158,"column":null}}]},"14":{"loc":{"start":{"line":176,"column":4},"end":{"line":179,"column":null}},"type":"if","locations":[{"start":{"line":176,"column":4},"end":{"line":179,"column":null}},{"start":{"line":176,"column":4},"end":{"line":179,"column":null}}]},"15":{"loc":{"start":{"line":198,"column":4},"end":{"line":200,"column":null}},"type":"if","locations":[{"start":{"line":198,"column":4},"end":{"line":200,"column":null}},{"start":{"line":198,"column":4},"end":{"line":200,"column":null}}]},"16":{"loc":{"start":{"line":222,"column":4},"end":{"line":236,"column":null}},"type":"if","locations":[{"start":{"line":222,"column":4},"end":{"line":236,"column":null}},{"start":{"line":222,"column":4},"end":{"line":236,"column":null}}]},"17":{"loc":{"start":{"line":222,"column":8},"end":{"line":222,"column":27}},"type":"binary-expr","locations":[{"start":{"line":222,"column":8},"end":{"line":222,"column":27}},{"start":{"line":222,"column":31},"end":{"line":222,"column":46}}]},"18":{"loc":{"start":{"line":224,"column":11},"end":{"line":236,"column":null}},"type":"if","locations":[{"start":{"line":224,"column":11},"end":{"line":236,"column":null}},{"start":{"line":224,"column":11},"end":{"line":236,"column":null}}]},"19":{"loc":{"start":{"line":224,"column":15},"end":{"line":224,"column":34}},"type":"binary-expr","locations":[{"start":{"line":224,"column":15},"end":{"line":224,"column":34}},{"start":{"line":224,"column":39},"end":{"line":224,"column":54}},{"start":{"line":224,"column":58},"end":{"line":224,"column":73}}]},"20":{"loc":{"start":{"line":226,"column":11},"end":{"line":236,"column":null}},"type":"if","locations":[{"start":{"line":226,"column":11},"end":{"line":236,"column":null}},{"start":{"line":226,"column":11},"end":{"line":236,"column":null}}]},"21":{"loc":{"start":{"line":226,"column":15},"end":{"line":226,"column":34}},"type":"binary-expr","locations":[{"start":{"line":226,"column":15},"end":{"line":226,"column":34}},{"start":{"line":226,"column":39},"end":{"line":226,"column":54}},{"start":{"line":226,"column":58},"end":{"line":226,"column":73}}]},"22":{"loc":{"start":{"line":228,"column":11},"end":{"line":236,"column":null}},"type":"if","locations":[{"start":{"line":228,"column":11},"end":{"line":236,"column":null}},{"start":{"line":228,"column":11},"end":{"line":236,"column":null}}]},"23":{"loc":{"start":{"line":228,"column":15},"end":{"line":228,"column":34}},"type":"binary-expr","locations":[{"start":{"line":228,"column":15},"end":{"line":228,"column":34}},{"start":{"line":228,"column":38},"end":{"line":228,"column":53}}]},"24":{"loc":{"start":{"line":230,"column":11},"end":{"line":236,"column":null}},"type":"if","locations":[{"start":{"line":230,"column":11},"end":{"line":236,"column":null}},{"start":{"line":230,"column":11},"end":{"line":236,"column":null}}]},"25":{"loc":{"start":{"line":230,"column":16},"end":{"line":230,"column":35}},"type":"binary-expr","locations":[{"start":{"line":230,"column":16},"end":{"line":230,"column":35}},{"start":{"line":230,"column":39},"end":{"line":230,"column":58}},{"start":{"line":230,"column":63},"end":{"line":230,"column":78}}]},"26":{"loc":{"start":{"line":232,"column":11},"end":{"line":236,"column":null}},"type":"if","locations":[{"start":{"line":232,"column":11},"end":{"line":236,"column":null}},{"start":{"line":232,"column":11},"end":{"line":236,"column":null}}]},"27":{"loc":{"start":{"line":232,"column":16},"end":{"line":232,"column":35}},"type":"binary-expr","locations":[{"start":{"line":232,"column":16},"end":{"line":232,"column":35}},{"start":{"line":232,"column":39},"end":{"line":232,"column":58}},{"start":{"line":232,"column":63},"end":{"line":232,"column":78}}]},"28":{"loc":{"start":{"line":234,"column":11},"end":{"line":236,"column":null}},"type":"if","locations":[{"start":{"line":234,"column":11},"end":{"line":236,"column":null}},{"start":{"line":234,"column":11},"end":{"line":236,"column":null}}]},"29":{"loc":{"start":{"line":234,"column":15},"end":{"line":234,"column":34}},"type":"binary-expr","locations":[{"start":{"line":234,"column":15},"end":{"line":234,"column":34}},{"start":{"line":234,"column":38},"end":{"line":234,"column":53}}]},"30":{"loc":{"start":{"line":251,"column":57},"end":{"line":251,"column":63}},"type":"cond-expr","locations":[{"start":{"line":251,"column":57},"end":{"line":251,"column":63}},{"start":{"line":251,"column":66},"end":{"line":251,"column":87}}]},"31":{"loc":{"start":{"line":251,"column":132},"end":{"line":251,"column":138}},"type":"cond-expr","locations":[{"start":{"line":251,"column":132},"end":{"line":251,"column":138}},{"start":{"line":251,"column":141},"end":{"line":251,"column":163}}]},"32":{"loc":{"start":{"line":267,"column":4},"end":{"line":271,"column":null}},"type":"if","locations":[{"start":{"line":267,"column":4},"end":{"line":271,"column":null}},{"start":{"line":267,"column":4},"end":{"line":271,"column":null}}]},"33":{"loc":{"start":{"line":280,"column":4},"end":{"line":288,"column":6}},"type":"if","locations":[{"start":{"line":280,"column":4},"end":{"line":288,"column":6}},{"start":{"line":280,"column":4},"end":{"line":288,"column":6}}]},"34":{"loc":{"start":{"line":282,"column":11},"end":{"line":288,"column":6}},"type":"if","locations":[{"start":{"line":282,"column":11},"end":{"line":288,"column":6}},{"start":{"line":282,"column":11},"end":{"line":288,"column":6}}]},"35":{"loc":{"start":{"line":283,"column":6},"end":{"line":287,"column":null}},"type":"if","locations":[{"start":{"line":283,"column":6},"end":{"line":287,"column":null}},{"start":{"line":283,"column":6},"end":{"line":287,"column":null}}]},"36":{"loc":{"start":{"line":297,"column":4},"end":{"line":301,"column":null}},"type":"if","locations":[{"start":{"line":297,"column":4},"end":{"line":301,"column":null}},{"start":{"line":297,"column":4},"end":{"line":301,"column":null}}]},"37":{"loc":{"start":{"line":310,"column":4},"end":{"line":314,"column":null}},"type":"if","locations":[{"start":{"line":310,"column":4},"end":{"line":314,"column":null}},{"start":{"line":310,"column":4},"end":{"line":314,"column":null}}]},"38":{"loc":{"start":{"line":328,"column":4},"end":{"line":345,"column":null}},"type":"if","locations":[{"start":{"line":328,"column":4},"end":{"line":345,"column":null}},{"start":{"line":328,"column":4},"end":{"line":345,"column":null}}]},"39":{"loc":{"start":{"line":328,"column":8},"end":{"line":328,"column":15}},"type":"binary-expr","locations":[{"start":{"line":328,"column":8},"end":{"line":328,"column":15}},{"start":{"line":328,"column":19},"end":{"line":328,"column":30}}]},"40":{"loc":{"start":{"line":330,"column":8},"end":{"line":333,"column":null}},"type":"if","locations":[{"start":{"line":330,"column":8},"end":{"line":333,"column":null}},{"start":{"line":330,"column":8},"end":{"line":333,"column":null}}]},"41":{"loc":{"start":{"line":335,"column":6},"end":{"line":342,"column":null}},"type":"if","locations":[{"start":{"line":335,"column":6},"end":{"line":342,"column":null}},{"start":{"line":335,"column":6},"end":{"line":342,"column":null}}]},"42":{"loc":{"start":{"line":335,"column":10},"end":{"line":335,"column":19}},"type":"binary-expr","locations":[{"start":{"line":335,"column":10},"end":{"line":335,"column":19}},{"start":{"line":335,"column":23},"end":{"line":335,"column":41}}]}},"s":{"0":1,"1":5,"2":5,"3":0,"4":1,"5":1,"6":1,"7":0,"8":0,"9":0,"10":0,"11":0,"12":0,"13":0,"14":5,"15":5,"16":5,"17":5,"18":5,"19":4,"20":0,"21":4,"22":1,"23":0,"24":0,"25":0,"26":1,"27":1,"28":1,"29":1,"30":1,"31":1,"32":1,"33":0,"34":1,"35":0,"36":1,"37":1,"38":0,"39":0,"40":0,"41":0,"42":0,"43":0,"44":0,"45":0,"46":0,"47":0,"48":0,"49":0,"50":0,"51":0,"52":1,"53":1,"54":1,"55":1,"56":1,"57":0,"58":0,"59":0,"60":0,"61":0,"62":0,"63":0,"64":0,"65":0,"66":0,"67":0,"68":0,"69":0,"70":0,"71":0,"72":0,"73":0,"74":0,"75":0,"76":0,"77":0,"78":0,"79":0,"80":0,"81":0,"82":0,"83":0,"84":0,"85":0,"86":0,"87":0,"88":0,"89":0,"90":0,"91":0,"92":0,"93":0,"94":0,"95":0,"96":0,"97":0,"98":0,"99":0,"100":0,"101":0,"102":0,"103":0,"104":0,"105":0,"106":0,"107":0,"108":0,"109":0,"110":0,"111":0,"112":0,"113":0,"114":0,"115":0,"116":0,"117":0,"118":0,"119":0,"120":0},"f":{"0":5,"1":1,"2":0,"3":0,"4":5,"5":5,"6":1,"7":1,"8":0,"9":0,"10":1,"11":1,"12":0,"13":0,"14":0,"15":0,"16":0,"17":0,"18":0,"19":0},"b":{"0":[5,0],"1":[1,0],"2":[0,0],"3":[4,1],"4":[0,4],"5":[0,1],"6":[0,0],"7":[1,0],"8":[0,1],"9":[0,1],"10":[1,0],"11":[0,0],"12":[0,0],"13":[0,0],"14":[0,0],"15":[1,0],"16":[0,0],"17":[0,0],"18":[0,0],"19":[0,0,0],"20":[0,0],"21":[0,0,0],"22":[0,0],"23":[0,0],"24":[0,0],"25":[0,0,0],"26":[0,0],"27":[0,0,0],"28":[0,0],"29":[0,0],"30":[0,0],"31":[0,0],"32":[0,0],"33":[0,0],"34":[0,0],"35":[0,0],"36":[0,0],"37":[0,0],"38":[0,0],"39":[0,0],"40":[0,0],"41":[0,0],"42":[0,0]}}
,"C:\\Users\\Chandan\\Desktop\\HANCOM\\TEAM CODE\\Updated Gitlab code\\formcontrols\\src\\FormDesigner\\controls-select-types.ts": {"path":"C:\\Users\\Chandan\\Desktop\\HANCOM\\TEAM CODE\\Updated Gitlab code\\formcontrols\\src\\FormDesigner\\controls-select-types.ts","statementMap":{"0":{"start":{"line":1,"column":13},"end":{"line":5,"column":null}},"1":{"start":{"line":7,"column":13},"end":{"line":10,"column":null}},"2":{"start":{"line":12,"column":13},"end":{"line":15,"column":null}},"3":{"start":{"line":17,"column":13},"end":{"line":19,"column":null}},"4":{"start":{"line":21,"column":13},"end":{"line":26,"column":null}},"5":{"start":{"line":28,"column":13},"end":{"line":34,"column":null}},"6":{"start":{"line":36,"column":13},"end":{"line":52,"column":null}},"7":{"start":{"line":54,"column":13},"end":{"line":57,"column":null}},"8":{"start":{"line":59,"column":13},"end":{"line":63,"column":null}},"9":{"start":{"line":64,"column":13},"end":{"line":78,"column":null}},"10":{"start":{"line":79,"column":13},"end":{"line":82,"column":null}},"11":{"start":{"line":83,"column":13},"end":{"line":88,"column":null}},"12":{"start":{"line":90,"column":13},"end":{"line":93,"column":null}},"13":{"start":{"line":94,"column":13},"end":{"line":98,"column":null}},"14":{"start":{"line":99,"column":13},"end":{"line":103,"column":null}},"15":{"start":{"line":104,"column":13},"end":{"line":107,"column":null}},"16":{"start":{"line":108,"column":13},"end":{"line":113,"column":null}},"17":{"start":{"line":114,"column":13},"end":{"line":120,"column":null}},"18":{"start":{"line":121,"column":13},"end":{"line":125,"column":null}},"19":{"start":{"line":126,"column":13},"end":{"line":131,"column":null}},"20":{"start":{"line":133,"column":13},"end":{"line":137,"column":null}},"21":{"start":{"line":139,"column":13},"end":{"line":142,"column":null}},"22":{"start":{"line":144,"column":13},"end":{"line":149,"column":null}},"23":{"start":{"line":151,"column":13},"end":{"line":155,"column":null}},"24":{"start":{"line":157,"column":13},"end":{"line":160,"column":null}},"25":{"start":{"line":162,"column":13},"end":{"line":166,"column":null}}},"fnMap":{},"branchMap":{},"s":{"0":0,"1":0,"2":0,"3":0,"4":0,"5":0,"6":0,"7":0,"8":0,"9":0,"10":0,"11":0,"12":0,"13":0,"14":0,"15":0,"16":0,"17":0,"18":0,"19":0,"20":0,"21":0,"22":0,"23":0,"24":0,"25":0},"f":{},"b":{}}
,"C:\\Users\\Chandan\\Desktop\\HANCOM\\TEAM CODE\\Updated Gitlab code\\formcontrols\\src\\FormDesigner\\event-bus.ts": {"path":"C:\\Users\\Chandan\\Desktop\\HANCOM\\TEAM CODE\\Updated Gitlab code\\formcontrols\\src\\FormDesigner\\event-bus.ts","statementMap":{"0":{"start":{"line":1,"column":0},"end":{"line":1,"column":21}},"1":{"start":{"line":2,"column":13},"end":{"line":2,"column":null}}},"fnMap":{},"branchMap":{},"s":{"0":0,"1":0},"f":{},"b":{}}
,"C:\\Users\\Chandan\\Desktop\\HANCOM\\TEAM CODE\\Updated Gitlab code\\formcontrols\\src\\FormDesigner\\components\\atoms\\FDCheckBox\\index.vue": {"path":"C:\\Users\\Chandan\\Desktop\\HANCOM\\TEAM CODE\\Updated Gitlab code\\formcontrols\\src\\FormDesigner\\components\\atoms\\FDCheckBox\\index.vue","statementMap":{"0":{"start":{"line":50,"column":0},"end":{"line":50,"column":null}},"1":{"start":{"line":51,"column":0},"end":{"line":51,"column":null}},"2":{"start":{"line":52,"column":0},"end":{"line":52,"column":null}},"3":{"start":{"line":60,"column":0},"end":{"line":60,"column":null}},"4":{"start":{"line":73,"column":0},"end":{"line":77,"column":null}},"5":{"start":{"line":74,"column":0},"end":{"line":74,"column":null}},"6":{"start":{"line":76,"column":0},"end":{"line":76,"column":null}},"7":{"start":{"line":88,"column":0},"end":{"line":111,"column":null}},"8":{"start":{"line":89,"column":0},"end":{"line":110,"column":null}},"9":{"start":{"line":90,"column":0},"end":{"line":90,"column":null}},"10":{"start":{"line":91,"column":0},"end":{"line":91,"column":null}},"11":{"start":{"line":92,"column":0},"end":{"line":109,"column":null}},"12":{"start":{"line":93,"column":0},"end":{"line":99,"column":null}},"13":{"start":{"line":94,"column":0},"end":{"line":94,"column":null}},"14":{"start":{"line":95,"column":0},"end":{"line":95,"column":null}},"15":{"start":{"line":97,"column":0},"end":{"line":97,"column":null}},"16":{"start":{"line":98,"column":0},"end":{"line":98,"column":null}},"17":{"start":{"line":100,"column":0},"end":{"line":109,"column":null}},"18":{"start":{"line":101,"column":0},"end":{"line":101,"column":null}},"19":{"start":{"line":102,"column":0},"end":{"line":102,"column":null}},"20":{"start":{"line":103,"column":0},"end":{"line":109,"column":null}},"21":{"start":{"line":104,"column":0},"end":{"line":104,"column":null}},"22":{"start":{"line":105,"column":0},"end":{"line":105,"column":null}},"23":{"start":{"line":107,"column":0},"end":{"line":107,"column":null}},"24":{"start":{"line":108,"column":0},"end":{"line":108,"column":null}},"25":{"start":{"line":119,"column":0},"end":{"line":139,"column":null}},"26":{"start":{"line":120,"column":0},"end":{"line":120,"column":null}},"27":{"start":{"line":121,"column":0},"end":{"line":121,"column":null}},"28":{"start":{"line":122,"column":0},"end":{"line":138,"column":null}},"29":{"start":{"line":123,"column":0},"end":{"line":123,"column":null}},"30":{"start":{"line":124,"column":0},"end":{"line":124,"column":null}},"31":{"start":{"line":125,"column":0},"end":{"line":125,"column":null}},"32":{"start":{"line":127,"column":0},"end":{"line":137,"column":null}},"33":{"start":{"line":128,"column":0},"end":{"line":128,"column":null}},"34":{"start":{"line":129,"column":0},"end":{"line":129,"column":null}},"35":{"start":{"line":131,"column":0},"end":{"line":131,"column":null}},"36":{"start":{"line":132,"column":0},"end":{"line":132,"column":null}},"37":{"start":{"line":133,"column":0},"end":{"line":133,"column":null}},"38":{"start":{"line":148,"column":0},"end":{"line":152,"column":null}},"39":{"start":{"line":149,"column":0},"end":{"line":149,"column":null}},"40":{"start":{"line":151,"column":0},"end":{"line":151,"column":null}},"41":{"start":{"line":162,"column":0},"end":{"line":162,"column":null}},"42":{"start":{"line":163,"column":0},"end":{"line":163,"column":null}},"43":{"start":{"line":176,"column":0},"end":{"line":176,"column":null}},"44":{"start":{"line":177,"column":0},"end":{"line":179,"column":null}},"45":{"start":{"line":188,"column":0},"end":{"line":188,"column":null}},"46":{"start":{"line":189,"column":0},"end":{"line":193,"column":null}},"47":{"start":{"line":190,"column":0},"end":{"line":190,"column":null}},"48":{"start":{"line":192,"column":0},"end":{"line":192,"column":null}},"49":{"start":{"line":194,"column":0},"end":{"line":194,"column":null}},"50":{"start":{"line":249,"column":0},"end":{"line":249,"column":null}},"51":{"start":{"line":250,"column":0},"end":{"line":250,"column":null}},"52":{"start":{"line":271,"column":0},"end":{"line":271,"column":null}},"53":{"start":{"line":272,"column":0},"end":{"line":272,"column":null}},"54":{"start":{"line":290,"column":0},"end":{"line":290,"column":null}},"55":{"start":{"line":291,"column":0},"end":{"line":291,"column":null}},"56":{"start":{"line":303,"column":0},"end":{"line":322,"column":null}},"57":{"start":{"line":304,"column":0},"end":{"line":319,"column":null}},"58":{"start":{"line":305,"column":0},"end":{"line":305,"column":null}},"59":{"start":{"line":306,"column":0},"end":{"line":306,"column":null}},"60":{"start":{"line":308,"column":0},"end":{"line":308,"column":null}},"61":{"start":{"line":311,"column":0},"end":{"line":311,"column":null}},"62":{"start":{"line":315,"column":0},"end":{"line":315,"column":null}},"63":{"start":{"line":321,"column":0},"end":{"line":321,"column":null}},"64":{"start":{"line":330,"column":0},"end":{"line":330,"column":null}},"65":{"start":{"line":61,"column":0},"end":{"line":61,"column":null}},"66":{"start":{"line":62,"column":0},"end":{"line":62,"column":null}},"67":{"start":{"line":63,"column":0},"end":{"line":63,"column":null}},"68":{"start":{"line":72,"column":0},"end":{"line":69,"column":null}},"69":{"start":{"line":87,"column":0},"end":{"line":84,"column":null}},"70":{"start":{"line":302,"column":0},"end":{"line":299,"column":null}},"71":{"start":{"line":60,"column":0},"end":{"line":54,"column":null}}},"fnMap":{"0":{"name":"(anonymous_2)","decl":{"start":{"line":72,"column":0},"end":{"line":72,"column":null}},"loc":{"start":{"line":72,"column":0},"end":{"line":78,"column":null}}},"1":{"name":"(anonymous_3)","decl":{"start":{"line":87,"column":0},"end":{"line":87,"column":null}},"loc":{"start":{"line":87,"column":0},"end":{"line":112,"column":null}}},"2":{"name":"(anonymous_4)","decl":{"start":{"line":118,"column":0},"end":{"line":118,"column":null}},"loc":{"start":{"line":118,"column":0},"end":{"line":140,"column":null}}},"3":{"name":"(anonymous_5)","decl":{"start":{"line":147,"column":0},"end":{"line":147,"column":null}},"loc":{"start":{"line":147,"column":0},"end":{"line":153,"column":null}}},"4":{"name":"(anonymous_6)","decl":{"start":{"line":161,"column":0},"end":{"line":161,"column":null}},"loc":{"start":{"line":161,"column":0},"end":{"line":167,"column":null}}},"5":{"name":"(anonymous_7)","decl":{"start":{"line":175,"column":0},"end":{"line":175,"column":null}},"loc":{"start":{"line":175,"column":0},"end":{"line":240,"column":null}}},"6":{"name":"(anonymous_8)","decl":{"start":{"line":248,"column":0},"end":{"line":248,"column":null}},"loc":{"start":{"line":248,"column":0},"end":{"line":262,"column":null}}},"7":{"name":"(anonymous_9)","decl":{"start":{"line":270,"column":0},"end":{"line":270,"column":null}},"loc":{"start":{"line":270,"column":0},"end":{"line":281,"column":null}}},"8":{"name":"(anonymous_10)","decl":{"start":{"line":289,"column":0},"end":{"line":289,"column":null}},"loc":{"start":{"line":289,"column":0},"end":{"line":294,"column":null}}},"9":{"name":"(anonymous_11)","decl":{"start":{"line":302,"column":0},"end":{"line":302,"column":null}},"loc":{"start":{"line":302,"column":0},"end":{"line":323,"column":null}}},"10":{"name":"(anonymous_12)","decl":{"start":{"line":304,"column":0},"end":{"line":304,"column":null}},"loc":{"start":{"line":304,"column":0},"end":{"line":319,"column":null}}},"11":{"name":"(anonymous_13)","decl":{"start":{"line":329,"column":0},"end":{"line":329,"column":null}},"loc":{"start":{"line":329,"column":0},"end":{"line":331,"column":null}}}},"branchMap":{"0":{"loc":{"start":{"line":73,"column":0},"end":{"line":77,"column":null}},"type":"if","locations":[{"start":{"line":73,"column":0},"end":{"line":77,"column":null}},{"start":{"line":73,"column":0},"end":{"line":77,"column":null}}]},"1":{"loc":{"start":{"line":88,"column":0},"end":{"line":111,"column":null}},"type":"if","locations":[{"start":{"line":88,"column":0},"end":{"line":111,"column":null}},{"start":{"line":88,"column":0},"end":{"line":111,"column":null}}]},"2":{"loc":{"start":{"line":88,"column":0},"end":{"line":88,"column":null}},"type":"binary-expr","locations":[{"start":{"line":88,"column":0},"end":{"line":88,"column":null}},{"start":{"line":88,"column":0},"end":{"line":88,"column":null}}]},"3":{"loc":{"start":{"line":89,"column":0},"end":{"line":110,"column":null}},"type":"if","locations":[{"start":{"line":89,"column":0},"end":{"line":110,"column":null}},{"start":{"line":89,"column":0},"end":{"line":110,"column":null}}]},"4":{"loc":{"start":{"line":92,"column":0},"end":{"line":109,"column":null}},"type":"if","locations":[{"start":{"line":92,"column":0},"end":{"line":109,"column":null}},{"start":{"line":92,"column":0},"end":{"line":109,"column":null}}]},"5":{"loc":{"start":{"line":93,"column":0},"end":{"line":99,"column":null}},"type":"if","locations":[{"start":{"line":93,"column":0},"end":{"line":99,"column":null}},{"start":{"line":93,"column":0},"end":{"line":99,"column":null}}]},"6":{"loc":{"start":{"line":100,"column":0},"end":{"line":109,"column":null}},"type":"if","locations":[{"start":{"line":100,"column":0},"end":{"line":109,"column":null}},{"start":{"line":100,"column":0},"end":{"line":109,"column":null}}]},"7":{"loc":{"start":{"line":103,"column":0},"end":{"line":109,"column":null}},"type":"if","locations":[{"start":{"line":103,"column":0},"end":{"line":109,"column":null}},{"start":{"line":103,"column":0},"end":{"line":109,"column":null}}]},"8":{"loc":{"start":{"line":119,"column":0},"end":{"line":139,"column":null}},"type":"if","locations":[{"start":{"line":119,"column":0},"end":{"line":139,"column":null}},{"start":{"line":119,"column":0},"end":{"line":139,"column":null}}]},"9":{"loc":{"start":{"line":122,"column":0},"end":{"line":138,"column":null}},"type":"if","locations":[{"start":{"line":122,"column":0},"end":{"line":138,"column":null}},{"start":{"line":122,"column":0},"end":{"line":138,"column":null}}]},"10":{"loc":{"start":{"line":127,"column":0},"end":{"line":137,"column":null}},"type":"if","locations":[{"start":{"line":127,"column":0},"end":{"line":137,"column":null}},{"start":{"line":127,"column":0},"end":{"line":137,"column":null}}]},"11":{"loc":{"start":{"line":148,"column":0},"end":{"line":152,"column":null}},"type":"if","locations":[{"start":{"line":148,"column":0},"end":{"line":152,"column":null}},{"start":{"line":148,"column":0},"end":{"line":152,"column":null}}]},"12":{"loc":{"start":{"line":149,"column":0},"end":{"line":149,"column":null}},"type":"binary-expr","locations":[{"start":{"line":149,"column":0},"end":{"line":149,"column":null}},{"start":{"line":149,"column":0},"end":{"line":149,"column":null}}]},"13":{"loc":{"start":{"line":164,"column":0},"end":{"line":164,"column":null}},"type":"cond-expr","locations":[{"start":{"line":164,"column":0},"end":{"line":164,"column":null}},{"start":{"line":164,"column":0},"end":{"line":164,"column":null}}]},"14":{"loc":{"start":{"line":177,"column":0},"end":{"line":177,"column":null}},"type":"cond-expr","locations":[{"start":{"line":177,"column":0},"end":{"line":177,"column":null}},{"start":{"line":177,"column":0},"end":{"line":179,"column":null}}]},"15":{"loc":{"start":{"line":189,"column":0},"end":{"line":193,"column":null}},"type":"if","locations":[{"start":{"line":189,"column":0},"end":{"line":193,"column":null}},{"start":{"line":189,"column":0},"end":{"line":193,"column":null}}]},"16":{"loc":{"start":{"line":190,"column":0},"end":{"line":190,"column":null}},"type":"cond-expr","locations":[{"start":{"line":190,"column":0},"end":{"line":190,"column":null}},{"start":{"line":190,"column":0},"end":{"line":190,"column":null}}]},"17":{"loc":{"start":{"line":199,"column":0},"end":{"line":199,"column":null}},"type":"cond-expr","locations":[{"start":{"line":199,"column":0},"end":{"line":199,"column":null}},{"start":{"line":199,"column":0},"end":{"line":199,"column":null}}]},"18":{"loc":{"start":{"line":204,"column":0},"end":{"line":204,"column":null}},"type":"cond-expr","locations":[{"start":{"line":204,"column":0},"end":{"line":204,"column":null}},{"start":{"line":204,"column":0},"end":{"line":204,"column":null}}]},"19":{"loc":{"start":{"line":205,"column":0},"end":{"line":205,"column":null}},"type":"cond-expr","locations":[{"start":{"line":205,"column":0},"end":{"line":205,"column":null}},{"start":{"line":205,"column":0},"end":{"line":205,"column":null}}]},"20":{"loc":{"start":{"line":206,"column":0},"end":{"line":206,"column":null}},"type":"cond-expr","locations":[{"start":{"line":206,"column":0},"end":{"line":206,"column":null}},{"start":{"line":206,"column":0},"end":{"line":206,"column":null}}]},"21":{"loc":{"start":{"line":208,"column":0},"end":{"line":208,"column":null}},"type":"cond-expr","locations":[{"start":{"line":208,"column":0},"end":{"line":208,"column":null}},{"start":{"line":208,"column":0},"end":{"line":208,"column":null}}]},"22":{"loc":{"start":{"line":212,"column":0},"end":{"line":212,"column":null}},"type":"cond-expr","locations":[{"start":{"line":212,"column":0},"end":{"line":212,"column":null}},{"start":{"line":212,"column":0},"end":{"line":212,"column":null}}]},"23":{"loc":{"start":{"line":214,"column":0},"end":{"line":214,"column":null}},"type":"cond-expr","locations":[{"start":{"line":214,"column":0},"end":{"line":214,"column":null}},{"start":{"line":214,"column":0},"end":{"line":214,"column":null}}]},"24":{"loc":{"start":{"line":215,"column":0},"end":{"line":215,"column":null}},"type":"cond-expr","locations":[{"start":{"line":215,"column":0},"end":{"line":215,"column":null}},{"start":{"line":215,"column":0},"end":{"line":215,"column":null}}]},"25":{"loc":{"start":{"line":223,"column":0},"end":{"line":223,"column":null}},"type":"cond-expr","locations":[{"start":{"line":223,"column":0},"end":{"line":223,"column":null}},{"start":{"line":223,"column":0},"end":{"line":223,"column":null}}]},"26":{"loc":{"start":{"line":228,"column":0},"end":{"line":228,"column":null}},"type":"cond-expr","locations":[{"start":{"line":228,"column":0},"end":{"line":228,"column":null}},{"start":{"line":228,"column":0},"end":{"line":228,"column":null}}]},"27":{"loc":{"start":{"line":231,"column":0},"end":{"line":231,"column":null}},"type":"cond-expr","locations":[{"start":{"line":231,"column":0},"end":{"line":231,"column":null}},{"start":{"line":231,"column":0},"end":{"line":231,"column":null}}]},"28":{"loc":{"start":{"line":236,"column":0},"end":{"line":236,"column":null}},"type":"cond-expr","locations":[{"start":{"line":236,"column":0},"end":{"line":236,"column":null}},{"start":{"line":236,"column":0},"end":{"line":236,"column":null}}]},"29":{"loc":{"start":{"line":254,"column":0},"end":{"line":254,"column":null}},"type":"cond-expr","locations":[{"start":{"line":254,"column":0},"end":{"line":254,"column":null}},{"start":{"line":254,"column":0},"end":{"line":254,"column":null}}]},"30":{"loc":{"start":{"line":303,"column":0},"end":{"line":322,"column":null}},"type":"if","locations":[{"start":{"line":303,"column":0},"end":{"line":322,"column":null}},{"start":{"line":303,"column":0},"end":{"line":322,"column":null}}]}},"s":{"0":0,"1":0,"2":0,"3":0,"4":0,"5":0,"6":0,"7":0,"8":0,"9":0,"10":0,"11":0,"12":0,"13":0,"14":0,"15":0,"16":0,"17":0,"18":0,"19":0,"20":0,"21":0,"22":0,"23":0,"24":0,"25":0,"26":0,"27":0,"28":0,"29":0,"30":0,"31":0,"32":0,"33":0,"34":0,"35":0,"36":0,"37":0,"38":0,"39":0,"40":0,"41":0,"42":0,"43":0,"44":0,"45":0,"46":0,"47":0,"48":0,"49":0,"50":0,"51":0,"52":0,"53":0,"54":0,"55":0,"56":0,"57":0,"58":0,"59":0,"60":0,"61":0,"62":0,"63":0,"64":0,"65":0,"66":0,"67":0,"68":0,"69":0,"70":0,"71":0},"f":{"0":0,"1":0,"2":0,"3":0,"4":0,"5":0,"6":0,"7":0,"8":0,"9":0,"10":0,"11":0},"b":{"0":[0,0],"1":[0,0],"2":[0,0],"3":[0,0],"4":[0,0],"5":[0,0],"6":[0,0],"7":[0,0],"8":[0,0],"9":[0,0],"10":[0,0],"11":[0,0],"12":[0,0],"13":[0,0],"14":[0,0],"15":[0,0],"16":[0,0],"17":[0,0],"18":[0,0],"19":[0,0],"20":[0,0],"21":[0,0],"22":[0,0],"23":[0,0],"24":[0,0],"25":[0,0],"26":[0,0],"27":[0,0],"28":[0,0],"29":[0,0],"30":[0,0]}}
,"C:\\Users\\Chandan\\Desktop\\HANCOM\\TEAM CODE\\Updated Gitlab code\\formcontrols\\src\\FormDesigner\\components\\atoms\\FDComboBox\\index.vue": {"path":"C:\\Users\\Chandan\\Desktop\\HANCOM\\TEAM CODE\\Updated Gitlab code\\formcontrols\\src\\FormDesigner\\components\\atoms\\FDComboBox\\index.vue","statementMap":{"0":{"start":{"line":132,"column":0},"end":{"line":132,"column":null}},"1":{"start":{"line":140,"column":0},"end":{"line":140,"column":null}},"2":{"start":{"line":146,"column":0},"end":{"line":146,"column":null}},"3":{"start":{"line":152,"column":0},"end":{"line":152,"column":null}},"4":{"start":{"line":153,"column":0},"end":{"line":153,"column":null}},"5":{"start":{"line":154,"column":0},"end":{"line":154,"column":null}},"6":{"start":{"line":155,"column":0},"end":{"line":155,"column":null}},"7":{"start":{"line":156,"column":0},"end":{"line":156,"column":null}},"8":{"start":{"line":157,"column":0},"end":{"line":157,"column":null}},"9":{"start":{"line":158,"column":0},"end":{"line":158,"column":null}},"10":{"start":{"line":159,"column":0},"end":{"line":159,"column":null}},"11":{"start":{"line":160,"column":0},"end":{"line":160,"column":null}},"12":{"start":{"line":161,"column":0},"end":{"line":161,"column":null}},"13":{"start":{"line":162,"column":0},"end":{"line":162,"column":null}},"14":{"start":{"line":164,"column":0},"end":{"line":168,"column":null}},"15":{"start":{"line":165,"column":0},"end":{"line":165,"column":null}},"16":{"start":{"line":167,"column":0},"end":{"line":167,"column":null}},"17":{"start":{"line":172,"column":0},"end":{"line":172,"column":null}},"18":{"start":{"line":173,"column":0},"end":{"line":173,"column":null}},"19":{"start":{"line":177,"column":0},"end":{"line":181,"column":null}},"20":{"start":{"line":178,"column":0},"end":{"line":178,"column":null}},"21":{"start":{"line":180,"column":0},"end":{"line":180,"column":null}},"22":{"start":{"line":184,"column":0},"end":{"line":184,"column":null}},"23":{"start":{"line":188,"column":0},"end":{"line":212,"column":null}},"24":{"start":{"line":189,"column":0},"end":{"line":189,"column":null}},"25":{"start":{"line":190,"column":0},"end":{"line":190,"column":null}},"26":{"start":{"line":191,"column":0},"end":{"line":191,"column":null}},"27":{"start":{"line":192,"column":0},"end":{"line":192,"column":null}},"28":{"start":{"line":193,"column":0},"end":{"line":193,"column":null}},"29":{"start":{"line":194,"column":0},"end":{"line":194,"column":null}},"30":{"start":{"line":195,"column":0},"end":{"line":195,"column":null}},"31":{"start":{"line":196,"column":0},"end":{"line":198,"column":null}},"32":{"start":{"line":197,"column":0},"end":{"line":197,"column":null}},"33":{"start":{"line":199,"column":0},"end":{"line":209,"column":null}},"34":{"start":{"line":200,"column":0},"end":{"line":207,"column":null}},"35":{"start":{"line":200,"column":0},"end":{"line":200,"column":null}},"36":{"start":{"line":201,"column":0},"end":{"line":206,"column":null}},"37":{"start":{"line":202,"column":0},"end":{"line":202,"column":null}},"38":{"start":{"line":203,"column":0},"end":{"line":203,"column":null}},"39":{"start":{"line":204,"column":0},"end":{"line":204,"column":null}},"40":{"start":{"line":205,"column":0},"end":{"line":205,"column":null}},"41":{"start":{"line":208,"column":0},"end":{"line":208,"column":null}},"42":{"start":{"line":211,"column":0},"end":{"line":211,"column":null}},"43":{"start":{"line":216,"column":0},"end":{"line":220,"column":null}},"44":{"start":{"line":217,"column":0},"end":{"line":219,"column":null}},"45":{"start":{"line":218,"column":0},"end":{"line":218,"column":null}},"46":{"start":{"line":224,"column":0},"end":{"line":224,"column":null}},"47":{"start":{"line":225,"column":0},"end":{"line":225,"column":null}},"48":{"start":{"line":226,"column":0},"end":{"line":226,"column":null}},"49":{"start":{"line":229,"column":0},"end":{"line":229,"column":null}},"50":{"start":{"line":233,"column":0},"end":{"line":233,"column":null}},"51":{"start":{"line":234,"column":0},"end":{"line":234,"column":null}},"52":{"start":{"line":239,"column":0},"end":{"line":239,"column":null}},"53":{"start":{"line":240,"column":0},"end":{"line":240,"column":null}},"54":{"start":{"line":247,"column":0},"end":{"line":247,"column":null}},"55":{"start":{"line":248,"column":0},"end":{"line":248,"column":null}},"56":{"start":{"line":255,"column":0},"end":{"line":255,"column":null}},"57":{"start":{"line":270,"column":0},"end":{"line":275,"column":null}},"58":{"start":{"line":271,"column":0},"end":{"line":271,"column":null}},"59":{"start":{"line":272,"column":0},"end":{"line":272,"column":null}},"60":{"start":{"line":274,"column":0},"end":{"line":274,"column":null}},"61":{"start":{"line":276,"column":0},"end":{"line":276,"column":null}},"62":{"start":{"line":277,"column":0},"end":{"line":279,"column":null}},"63":{"start":{"line":278,"column":0},"end":{"line":278,"column":null}},"64":{"start":{"line":280,"column":0},"end":{"line":287,"column":null}},"65":{"start":{"line":281,"column":0},"end":{"line":281,"column":null}},"66":{"start":{"line":282,"column":0},"end":{"line":282,"column":null}},"67":{"start":{"line":285,"column":0},"end":{"line":285,"column":null}},"68":{"start":{"line":286,"column":0},"end":{"line":286,"column":null}},"69":{"start":{"line":288,"column":0},"end":{"line":305,"column":null}},"70":{"start":{"line":289,"column":0},"end":{"line":289,"column":null}},"71":{"start":{"line":291,"column":0},"end":{"line":291,"column":null}},"72":{"start":{"line":292,"column":0},"end":{"line":292,"column":null}},"73":{"start":{"line":293,"column":0},"end":{"line":293,"column":null}},"74":{"start":{"line":294,"column":0},"end":{"line":294,"column":null}},"75":{"start":{"line":295,"column":0},"end":{"line":295,"column":null}},"76":{"start":{"line":296,"column":0},"end":{"line":296,"column":null}},"77":{"start":{"line":300,"column":0},"end":{"line":300,"column":null}},"78":{"start":{"line":304,"column":0},"end":{"line":304,"column":null}},"79":{"start":{"line":306,"column":0},"end":{"line":315,"column":null}},"80":{"start":{"line":307,"column":0},"end":{"line":307,"column":null}},"81":{"start":{"line":310,"column":0},"end":{"line":314,"column":null}},"82":{"start":{"line":311,"column":0},"end":{"line":311,"column":null}},"83":{"start":{"line":313,"column":0},"end":{"line":313,"column":null}},"84":{"start":{"line":329,"column":0},"end":{"line":333,"column":null}},"85":{"start":{"line":330,"column":0},"end":{"line":330,"column":null}},"86":{"start":{"line":332,"column":0},"end":{"line":332,"column":null}},"87":{"start":{"line":334,"column":0},"end":{"line":340,"column":null}},"88":{"start":{"line":335,"column":0},"end":{"line":335,"column":null}},"89":{"start":{"line":336,"column":0},"end":{"line":336,"column":null}},"90":{"start":{"line":337,"column":0},"end":{"line":340,"column":null}},"91":{"start":{"line":339,"column":0},"end":{"line":339,"column":null}},"92":{"start":{"line":351,"column":0},"end":{"line":365,"column":null}},"93":{"start":{"line":352,"column":0},"end":{"line":352,"column":null}},"94":{"start":{"line":353,"column":0},"end":{"line":353,"column":null}},"95":{"start":{"line":354,"column":0},"end":{"line":360,"column":null}},"96":{"start":{"line":358,"column":0},"end":{"line":358,"column":null}},"97":{"start":{"line":361,"column":0},"end":{"line":361,"column":null}},"98":{"start":{"line":362,"column":0},"end":{"line":362,"column":null}},"99":{"start":{"line":364,"column":0},"end":{"line":364,"column":null}},"100":{"start":{"line":375,"column":0},"end":{"line":377,"column":null}},"101":{"start":{"line":376,"column":0},"end":{"line":376,"column":null}},"102":{"start":{"line":378,"column":0},"end":{"line":378,"column":null}},"103":{"start":{"line":386,"column":0},"end":{"line":415,"column":null}},"104":{"start":{"line":387,"column":0},"end":{"line":387,"column":null}},"105":{"start":{"line":388,"column":0},"end":{"line":412,"column":null}},"106":{"start":{"line":389,"column":0},"end":{"line":389,"column":null}},"107":{"start":{"line":391,"column":0},"end":{"line":391,"column":null}},"108":{"start":{"line":392,"column":0},"end":{"line":392,"column":null}},"109":{"start":{"line":393,"column":0},"end":{"line":393,"column":null}},"110":{"start":{"line":394,"column":0},"end":{"line":394,"column":null}},"111":{"start":{"line":395,"column":0},"end":{"line":395,"column":null}},"112":{"start":{"line":396,"column":0},"end":{"line":396,"column":null}},"113":{"start":{"line":397,"column":0},"end":{"line":397,"column":null}},"114":{"start":{"line":398,"column":0},"end":{"line":398,"column":null}},"115":{"start":{"line":399,"column":0},"end":{"line":399,"column":null}},"116":{"start":{"line":400,"column":0},"end":{"line":400,"column":null}},"117":{"start":{"line":401,"column":0},"end":{"line":401,"column":null}},"118":{"start":{"line":405,"column":0},"end":{"line":405,"column":null}},"119":{"start":{"line":409,"column":0},"end":{"line":409,"column":null}},"120":{"start":{"line":410,"column":0},"end":{"line":410,"column":null}},"121":{"start":{"line":411,"column":0},"end":{"line":411,"column":null}},"122":{"start":{"line":414,"column":0},"end":{"line":414,"column":null}},"123":{"start":{"line":419,"column":0},"end":{"line":419,"column":null}},"124":{"start":{"line":420,"column":0},"end":{"line":420,"column":null}},"125":{"start":{"line":426,"column":0},"end":{"line":426,"column":null}},"126":{"start":{"line":427,"column":0},"end":{"line":429,"column":null}},"127":{"start":{"line":437,"column":0},"end":{"line":437,"column":null}},"128":{"start":{"line":467,"column":0},"end":{"line":467,"column":null}},"129":{"start":{"line":468,"column":0},"end":{"line":470,"column":null}},"130":{"start":{"line":478,"column":0},"end":{"line":478,"column":null}},"131":{"start":{"line":519,"column":0},"end":{"line":519,"column":null}},"132":{"start":{"line":520,"column":0},"end":{"line":520,"column":null}},"133":{"start":{"line":530,"column":0},"end":{"line":530,"column":null}},"134":{"start":{"line":531,"column":0},"end":{"line":531,"column":null}},"135":{"start":{"line":532,"column":0},"end":{"line":536,"column":null}},"136":{"start":{"line":533,"column":0},"end":{"line":533,"column":null}},"137":{"start":{"line":535,"column":0},"end":{"line":535,"column":null}},"138":{"start":{"line":537,"column":0},"end":{"line":537,"column":null}},"139":{"start":{"line":542,"column":0},"end":{"line":542,"column":null}},"140":{"start":{"line":543,"column":0},"end":{"line":543,"column":null}},"141":{"start":{"line":553,"column":0},"end":{"line":553,"column":null}},"142":{"start":{"line":554,"column":0},"end":{"line":554,"column":null}},"143":{"start":{"line":558,"column":0},"end":{"line":568,"column":null}},"144":{"start":{"line":562,"column":0},"end":{"line":562,"column":null}},"145":{"start":{"line":563,"column":0},"end":{"line":567,"column":null}},"146":{"start":{"line":564,"column":0},"end":{"line":564,"column":null}},"147":{"start":{"line":566,"column":0},"end":{"line":566,"column":null}},"148":{"start":{"line":573,"column":0},"end":{"line":573,"column":null}},"149":{"start":{"line":576,"column":0},"end":{"line":576,"column":null}},"150":{"start":{"line":577,"column":0},"end":{"line":579,"column":null}},"151":{"start":{"line":578,"column":0},"end":{"line":578,"column":null}},"152":{"start":{"line":580,"column":0},"end":{"line":580,"column":null}},"153":{"start":{"line":581,"column":0},"end":{"line":585,"column":null}},"154":{"start":{"line":582,"column":0},"end":{"line":582,"column":null}},"155":{"start":{"line":584,"column":0},"end":{"line":584,"column":null}},"156":{"start":{"line":589,"column":0},"end":{"line":597,"column":null}},"157":{"start":{"line":590,"column":0},"end":{"line":590,"column":null}},"158":{"start":{"line":591,"column":0},"end":{"line":597,"column":null}},"159":{"start":{"line":592,"column":0},"end":{"line":596,"column":null}},"160":{"start":{"line":593,"column":0},"end":{"line":593,"column":null}},"161":{"start":{"line":595,"column":0},"end":{"line":595,"column":null}},"162":{"start":{"line":601,"column":0},"end":{"line":607,"column":null}},"163":{"start":{"line":602,"column":0},"end":{"line":602,"column":null}},"164":{"start":{"line":603,"column":0},"end":{"line":607,"column":null}},"165":{"start":{"line":604,"column":0},"end":{"line":604,"column":null}},"166":{"start":{"line":605,"column":0},"end":{"line":607,"column":null}},"167":{"start":{"line":606,"column":0},"end":{"line":606,"column":null}},"168":{"start":{"line":611,"column":0},"end":{"line":611,"column":null}},"169":{"start":{"line":612,"column":0},"end":{"line":614,"column":null}},"170":{"start":{"line":622,"column":0},"end":{"line":622,"column":null}},"171":{"start":{"line":641,"column":0},"end":{"line":641,"column":null}},"172":{"start":{"line":642,"column":0},"end":{"line":642,"column":null}},"173":{"start":{"line":662,"column":0},"end":{"line":662,"column":null}},"174":{"start":{"line":663,"column":0},"end":{"line":663,"column":null}},"175":{"start":{"line":668,"column":0},"end":{"line":668,"column":null}},"176":{"start":{"line":669,"column":0},"end":{"line":669,"column":null}},"177":{"start":{"line":684,"column":0},"end":{"line":695,"column":null}},"178":{"start":{"line":685,"column":0},"end":{"line":692,"column":null}},"179":{"start":{"line":686,"column":0},"end":{"line":689,"column":null}},"180":{"start":{"line":687,"column":0},"end":{"line":687,"column":null}},"181":{"start":{"line":688,"column":0},"end":{"line":688,"column":null}},"182":{"start":{"line":691,"column":0},"end":{"line":691,"column":null}},"183":{"start":{"line":694,"column":0},"end":{"line":694,"column":null}},"184":{"start":{"line":148,"column":0},"end":{"line":148,"column":null}},"185":{"start":{"line":149,"column":0},"end":{"line":149,"column":null}},"186":{"start":{"line":150,"column":0},"end":{"line":150,"column":null}},"187":{"start":{"line":151,"column":0},"end":{"line":151,"column":null}},"188":{"start":{"line":385,"column":0},"end":{"line":384,"column":null}},"189":{"start":{"line":557,"column":0},"end":{"line":556,"column":null}},"190":{"start":{"line":572,"column":0},"end":{"line":571,"column":null}},"191":{"start":{"line":146,"column":0},"end":{"line":143,"column":null}}},"fnMap":{"0":{"name":"(anonymous_2)","decl":{"start":{"line":146,"column":0},"end":{"line":146,"column":null}},"loc":{"start":{"line":146,"column":0},"end":{"line":697,"column":null}}},"1":{"name":"(anonymous_3)","decl":{"start":{"line":163,"column":0},"end":{"line":163,"column":null}},"loc":{"start":{"line":163,"column":0},"end":{"line":169,"column":null}}},"2":{"name":"(anonymous_4)","decl":{"start":{"line":171,"column":0},"end":{"line":171,"column":null}},"loc":{"start":{"line":171,"column":0},"end":{"line":174,"column":null}}},"3":{"name":"(anonymous_5)","decl":{"start":{"line":176,"column":0},"end":{"line":176,"column":null}},"loc":{"start":{"line":176,"column":0},"end":{"line":182,"column":null}}},"4":{"name":"(anonymous_6)","decl":{"start":{"line":183,"column":0},"end":{"line":183,"column":null}},"loc":{"start":{"line":183,"column":0},"end":{"line":185,"column":null}}},"5":{"name":"(anonymous_7)","decl":{"start":{"line":187,"column":0},"end":{"line":187,"column":null}},"loc":{"start":{"line":187,"column":0},"end":{"line":213,"column":null}}},"6":{"name":"(anonymous_8)","decl":{"start":{"line":215,"column":0},"end":{"line":215,"column":null}},"loc":{"start":{"line":215,"column":0},"end":{"line":221,"column":null}}},"7":{"name":"(anonymous_9)","decl":{"start":{"line":223,"column":0},"end":{"line":223,"column":null}},"loc":{"start":{"line":223,"column":0},"end":{"line":227,"column":null}}},"8":{"name":"(anonymous_10)","decl":{"start":{"line":228,"column":0},"end":{"line":228,"column":null}},"loc":{"start":{"line":228,"column":0},"end":{"line":230,"column":null}}},"9":{"name":"(anonymous_11)","decl":{"start":{"line":232,"column":0},"end":{"line":232,"column":null}},"loc":{"start":{"line":232,"column":0},"end":{"line":237,"column":null}}},"10":{"name":"(anonymous_12)","decl":{"start":{"line":238,"column":0},"end":{"line":238,"column":null}},"loc":{"start":{"line":238,"column":0},"end":{"line":244,"column":null}}},"11":{"name":"(anonymous_13)","decl":{"start":{"line":246,"column":0},"end":{"line":246,"column":null}},"loc":{"start":{"line":246,"column":0},"end":{"line":252,"column":null}}},"12":{"name":"(anonymous_14)","decl":{"start":{"line":254,"column":0},"end":{"line":254,"column":null}},"loc":{"start":{"line":254,"column":0},"end":{"line":256,"column":null}}},"13":{"name":"(anonymous_15)","decl":{"start":{"line":264,"column":0},"end":{"line":264,"column":null}},"loc":{"start":{"line":264,"column":0},"end":{"line":316,"column":null}}},"14":{"name":"(anonymous_16)","decl":{"start":{"line":307,"column":0},"end":{"line":307,"column":null}},"loc":{"start":{"line":307,"column":0},"end":{"line":307,"column":null}}},"15":{"name":"(anonymous_17)","decl":{"start":{"line":324,"column":0},"end":{"line":324,"column":null}},"loc":{"start":{"line":324,"column":0},"end":{"line":341,"column":null}}},"16":{"name":"(anonymous_18)","decl":{"start":{"line":350,"column":0},"end":{"line":350,"column":null}},"loc":{"start":{"line":350,"column":0},"end":{"line":366,"column":null}}},"17":{"name":"(anonymous_19)","decl":{"start":{"line":374,"column":0},"end":{"line":374,"column":null}},"loc":{"start":{"line":374,"column":0},"end":{"line":379,"column":null}}},"18":{"name":"(anonymous_20)","decl":{"start":{"line":385,"column":0},"end":{"line":385,"column":null}},"loc":{"start":{"line":385,"column":0},"end":{"line":416,"column":null}}},"19":{"name":"(anonymous_21)","decl":{"start":{"line":388,"column":0},"end":{"line":388,"column":null}},"loc":{"start":{"line":388,"column":0},"end":{"line":412,"column":null}}},"20":{"name":"(anonymous_22)","decl":{"start":{"line":418,"column":0},"end":{"line":418,"column":null}},"loc":{"start":{"line":418,"column":0},"end":{"line":423,"column":null}}},"21":{"name":"(anonymous_23)","decl":{"start":{"line":425,"column":0},"end":{"line":425,"column":null}},"loc":{"start":{"line":425,"column":0},"end":{"line":464,"column":null}}},"22":{"name":"(anonymous_24)","decl":{"start":{"line":466,"column":0},"end":{"line":466,"column":null}},"loc":{"start":{"line":466,"column":0},"end":{"line":510,"column":null}}},"23":{"name":"(anonymous_25)","decl":{"start":{"line":518,"column":0},"end":{"line":518,"column":null}},"loc":{"start":{"line":518,"column":0},"end":{"line":527,"column":null}}},"24":{"name":"(anonymous_26)","decl":{"start":{"line":529,"column":0},"end":{"line":529,"column":null}},"loc":{"start":{"line":529,"column":0},"end":{"line":540,"column":null}}},"25":{"name":"(anonymous_27)","decl":{"start":{"line":541,"column":0},"end":{"line":541,"column":null}},"loc":{"start":{"line":541,"column":0},"end":{"line":551,"column":null}}},"26":{"name":"(anonymous_28)","decl":{"start":{"line":552,"column":0},"end":{"line":552,"column":null}},"loc":{"start":{"line":552,"column":0},"end":{"line":555,"column":null}}},"27":{"name":"(anonymous_29)","decl":{"start":{"line":557,"column":0},"end":{"line":557,"column":null}},"loc":{"start":{"line":557,"column":0},"end":{"line":569,"column":null}}},"28":{"name":"(anonymous_30)","decl":{"start":{"line":572,"column":0},"end":{"line":572,"column":null}},"loc":{"start":{"line":572,"column":0},"end":{"line":574,"column":null}}},"29":{"name":"(anonymous_31)","decl":{"start":{"line":575,"column":0},"end":{"line":575,"column":null}},"loc":{"start":{"line":575,"column":0},"end":{"line":586,"column":null}}},"30":{"name":"(anonymous_32)","decl":{"start":{"line":588,"column":0},"end":{"line":588,"column":null}},"loc":{"start":{"line":588,"column":0},"end":{"line":598,"column":null}}},"31":{"name":"(anonymous_33)","decl":{"start":{"line":600,"column":0},"end":{"line":600,"column":null}},"loc":{"start":{"line":600,"column":0},"end":{"line":608,"column":null}}},"32":{"name":"(anonymous_34)","decl":{"start":{"line":610,"column":0},"end":{"line":610,"column":null}},"loc":{"start":{"line":610,"column":0},"end":{"line":638,"column":null}}},"33":{"name":"(anonymous_35)","decl":{"start":{"line":640,"column":0},"end":{"line":640,"column":null}},"loc":{"start":{"line":640,"column":0},"end":{"line":659,"column":null}}},"34":{"name":"(anonymous_36)","decl":{"start":{"line":661,"column":0},"end":{"line":661,"column":null}},"loc":{"start":{"line":661,"column":0},"end":{"line":666,"column":null}}},"35":{"name":"(anonymous_37)","decl":{"start":{"line":667,"column":0},"end":{"line":667,"column":null}},"loc":{"start":{"line":667,"column":0},"end":{"line":682,"column":null}}},"36":{"name":"(anonymous_38)","decl":{"start":{"line":683,"column":0},"end":{"line":683,"column":null}},"loc":{"start":{"line":683,"column":0},"end":{"line":696,"column":null}}}},"branchMap":{"0":{"loc":{"start":{"line":164,"column":0},"end":{"line":168,"column":null}},"type":"if","locations":[{"start":{"line":164,"column":0},"end":{"line":168,"column":null}},{"start":{"line":164,"column":0},"end":{"line":168,"column":null}}]},"1":{"loc":{"start":{"line":164,"column":0},"end":{"line":164,"column":null}},"type":"binary-expr","locations":[{"start":{"line":164,"column":0},"end":{"line":164,"column":null}},{"start":{"line":164,"column":0},"end":{"line":164,"column":null}}]},"2":{"loc":{"start":{"line":165,"column":0},"end":{"line":165,"column":null}},"type":"binary-expr","locations":[{"start":{"line":165,"column":0},"end":{"line":165,"column":null}},{"start":{"line":165,"column":0},"end":{"line":165,"column":null}}]},"3":{"loc":{"start":{"line":177,"column":0},"end":{"line":181,"column":null}},"type":"if","locations":[{"start":{"line":177,"column":0},"end":{"line":181,"column":null}},{"start":{"line":177,"column":0},"end":{"line":181,"column":null}}]},"4":{"loc":{"start":{"line":188,"column":0},"end":{"line":212,"column":null}},"type":"if","locations":[{"start":{"line":188,"column":0},"end":{"line":212,"column":null}},{"start":{"line":188,"column":0},"end":{"line":212,"column":null}}]},"5":{"loc":{"start":{"line":196,"column":0},"end":{"line":198,"column":null}},"type":"if","locations":[{"start":{"line":196,"column":0},"end":{"line":198,"column":null}},{"start":{"line":196,"column":0},"end":{"line":198,"column":null}}]},"6":{"loc":{"start":{"line":199,"column":0},"end":{"line":209,"column":null}},"type":"if","locations":[{"start":{"line":199,"column":0},"end":{"line":209,"column":null}},{"start":{"line":199,"column":0},"end":{"line":209,"column":null}}]},"7":{"loc":{"start":{"line":201,"column":0},"end":{"line":206,"column":null}},"type":"if","locations":[{"start":{"line":201,"column":0},"end":{"line":206,"column":null}},{"start":{"line":201,"column":0},"end":{"line":206,"column":null}}]},"8":{"loc":{"start":{"line":216,"column":0},"end":{"line":220,"column":null}},"type":"if","locations":[{"start":{"line":216,"column":0},"end":{"line":220,"column":null}},{"start":{"line":216,"column":0},"end":{"line":220,"column":null}}]},"9":{"loc":{"start":{"line":217,"column":0},"end":{"line":219,"column":null}},"type":"if","locations":[{"start":{"line":217,"column":0},"end":{"line":219,"column":null}},{"start":{"line":217,"column":0},"end":{"line":219,"column":null}}]},"10":{"loc":{"start":{"line":235,"column":0},"end":{"line":235,"column":null}},"type":"cond-expr","locations":[{"start":{"line":235,"column":0},"end":{"line":235,"column":null}},{"start":{"line":235,"column":0},"end":{"line":235,"column":null}}]},"11":{"loc":{"start":{"line":270,"column":0},"end":{"line":275,"column":null}},"type":"if","locations":[{"start":{"line":270,"column":0},"end":{"line":275,"column":null}},{"start":{"line":270,"column":0},"end":{"line":275,"column":null}}]},"12":{"loc":{"start":{"line":277,"column":0},"end":{"line":279,"column":null}},"type":"if","locations":[{"start":{"line":277,"column":0},"end":{"line":279,"column":null}},{"start":{"line":277,"column":0},"end":{"line":279,"column":null}}]},"13":{"loc":{"start":{"line":280,"column":0},"end":{"line":287,"column":null}},"type":"if","locations":[{"start":{"line":280,"column":0},"end":{"line":287,"column":null}},{"start":{"line":280,"column":0},"end":{"line":287,"column":null}}]},"14":{"loc":{"start":{"line":280,"column":0},"end":{"line":280,"column":null}},"type":"binary-expr","locations":[{"start":{"line":280,"column":0},"end":{"line":280,"column":null}},{"start":{"line":280,"column":0},"end":{"line":280,"column":null}}]},"15":{"loc":{"start":{"line":288,"column":0},"end":{"line":305,"column":null}},"type":"if","locations":[{"start":{"line":288,"column":0},"end":{"line":305,"column":null}},{"start":{"line":288,"column":0},"end":{"line":305,"column":null}}]},"16":{"loc":{"start":{"line":288,"column":0},"end":{"line":288,"column":null}},"type":"binary-expr","locations":[{"start":{"line":288,"column":0},"end":{"line":288,"column":null}},{"start":{"line":288,"column":0},"end":{"line":288,"column":null}},{"start":{"line":288,"column":0},"end":{"line":288,"column":null}}]},"17":{"loc":{"start":{"line":306,"column":0},"end":{"line":315,"column":null}},"type":"if","locations":[{"start":{"line":306,"column":0},"end":{"line":315,"column":null}},{"start":{"line":306,"column":0},"end":{"line":315,"column":null}}]},"18":{"loc":{"start":{"line":306,"column":0},"end":{"line":306,"column":null}},"type":"binary-expr","locations":[{"start":{"line":306,"column":0},"end":{"line":306,"column":null}},{"start":{"line":306,"column":0},"end":{"line":306,"column":null}}]},"19":{"loc":{"start":{"line":310,"column":0},"end":{"line":314,"column":null}},"type":"if","locations":[{"start":{"line":310,"column":0},"end":{"line":314,"column":null}},{"start":{"line":310,"column":0},"end":{"line":314,"column":null}}]},"20":{"loc":{"start":{"line":329,"column":0},"end":{"line":333,"column":null}},"type":"if","locations":[{"start":{"line":329,"column":0},"end":{"line":333,"column":null}},{"start":{"line":329,"column":0},"end":{"line":333,"column":null}}]},"21":{"loc":{"start":{"line":334,"column":0},"end":{"line":340,"column":null}},"type":"if","locations":[{"start":{"line":334,"column":0},"end":{"line":340,"column":null}},{"start":{"line":334,"column":0},"end":{"line":340,"column":null}}]},"22":{"loc":{"start":{"line":337,"column":0},"end":{"line":340,"column":null}},"type":"if","locations":[{"start":{"line":337,"column":0},"end":{"line":340,"column":null}},{"start":{"line":337,"column":0},"end":{"line":340,"column":null}}]},"23":{"loc":{"start":{"line":351,"column":0},"end":{"line":365,"column":null}},"type":"if","locations":[{"start":{"line":351,"column":0},"end":{"line":365,"column":null}},{"start":{"line":351,"column":0},"end":{"line":365,"column":null}}]},"24":{"loc":{"start":{"line":351,"column":0},"end":{"line":351,"column":null}},"type":"binary-expr","locations":[{"start":{"line":351,"column":0},"end":{"line":351,"column":null}},{"start":{"line":351,"column":0},"end":{"line":351,"column":null}}]},"25":{"loc":{"start":{"line":354,"column":0},"end":{"line":360,"column":null}},"type":"if","locations":[{"start":{"line":354,"column":0},"end":{"line":360,"column":null}},{"start":{"line":354,"column":0},"end":{"line":360,"column":null}}]},"26":{"loc":{"start":{"line":354,"column":0},"end":{"line":354,"column":null}},"type":"binary-expr","locations":[{"start":{"line":354,"column":0},"end":{"line":354,"column":null}},{"start":{"line":354,"column":0},"end":{"line":354,"column":null}}]},"27":{"loc":{"start":{"line":375,"column":0},"end":{"line":377,"column":null}},"type":"if","locations":[{"start":{"line":375,"column":0},"end":{"line":377,"column":null}},{"start":{"line":375,"column":0},"end":{"line":377,"column":null}}]},"28":{"loc":{"start":{"line":386,"column":0},"end":{"line":415,"column":null}},"type":"if","locations":[{"start":{"line":386,"column":0},"end":{"line":415,"column":null}},{"start":{"line":386,"column":0},"end":{"line":415,"column":null}}]},"29":{"loc":{"start":{"line":403,"column":0},"end":{"line":403,"column":null}},"type":"cond-expr","locations":[{"start":{"line":403,"column":0},"end":{"line":403,"column":null}},{"start":{"line":403,"column":0},"end":{"line":403,"column":null}}]},"30":{"loc":{"start":{"line":421,"column":0},"end":{"line":421,"column":null}},"type":"cond-expr","locations":[{"start":{"line":421,"column":0},"end":{"line":421,"column":null}},{"start":{"line":421,"column":0},"end":{"line":421,"column":null}}]},"31":{"loc":{"start":{"line":427,"column":0},"end":{"line":427,"column":null}},"type":"cond-expr","locations":[{"start":{"line":427,"column":0},"end":{"line":427,"column":null}},{"start":{"line":427,"column":0},"end":{"line":429,"column":null}}]},"32":{"loc":{"start":{"line":440,"column":0},"end":{"line":440,"column":null}},"type":"cond-expr","locations":[{"start":{"line":440,"column":0},"end":{"line":440,"column":null}},{"start":{"line":440,"column":0},"end":{"line":440,"column":null}}]},"33":{"loc":{"start":{"line":442,"column":0},"end":{"line":442,"column":null}},"type":"cond-expr","locations":[{"start":{"line":442,"column":0},"end":{"line":442,"column":null}},{"start":{"line":442,"column":0},"end":{"line":442,"column":null}}]},"34":{"loc":{"start":{"line":444,"column":0},"end":{"line":444,"column":null}},"type":"cond-expr","locations":[{"start":{"line":444,"column":0},"end":{"line":444,"column":null}},{"start":{"line":444,"column":0},"end":{"line":444,"column":null}}]},"35":{"loc":{"start":{"line":445,"column":0},"end":{"line":445,"column":null}},"type":"cond-expr","locations":[{"start":{"line":445,"column":0},"end":{"line":445,"column":null}},{"start":{"line":445,"column":0},"end":{"line":445,"column":null}}]},"36":{"loc":{"start":{"line":454,"column":0},"end":{"line":454,"column":null}},"type":"cond-expr","locations":[{"start":{"line":454,"column":0},"end":{"line":454,"column":null}},{"start":{"line":454,"column":0},"end":{"line":454,"column":null}}]},"37":{"loc":{"start":{"line":455,"column":0},"end":{"line":455,"column":null}},"type":"cond-expr","locations":[{"start":{"line":455,"column":0},"end":{"line":455,"column":null}},{"start":{"line":455,"column":0},"end":{"line":455,"column":null}}]},"38":{"loc":{"start":{"line":456,"column":0},"end":{"line":456,"column":null}},"type":"cond-expr","locations":[{"start":{"line":456,"column":0},"end":{"line":456,"column":null}},{"start":{"line":456,"column":0},"end":{"line":456,"column":null}}]},"39":{"loc":{"start":{"line":468,"column":0},"end":{"line":468,"column":null}},"type":"cond-expr","locations":[{"start":{"line":468,"column":0},"end":{"line":468,"column":null}},{"start":{"line":468,"column":0},"end":{"line":470,"column":null}}]},"40":{"loc":{"start":{"line":480,"column":0},"end":{"line":480,"column":null}},"type":"cond-expr","locations":[{"start":{"line":480,"column":0},"end":{"line":480,"column":null}},{"start":{"line":480
[...]
{"line":134,"column":2},"end":{"line":134,"column":15}},"loc":{"start":{"line":134,"column":31},"end":{"line":156,"column":3}}},"5":{"name":"(anonymous_5)","decl":{"start":{"line":157,"column":2},"end":{"line":157,"column":24}},"loc":{"start":{"line":157,"column":40},"end":{"line":165,"column":3}}},"6":{"name":"(anonymous_6)","decl":{"start":{"line":166,"column":2},"end":{"line":166,"column":20}},"loc":{"start":{"line":166,"column":36},"end":{"line":175,"column":3}}},"7":{"name":"(anonymous_7)","decl":{"start":{"line":176,"column":2},"end":{"line":176,"column":15}},"loc":{"start":{"line":176,"column":31},"end":{"line":196,"column":3}}},"8":{"name":"(anonymous_8)","decl":{"start":{"line":180,"column":22},"end":{"line":180,"column":32}},"loc":{"start":{"line":180,"column":48},"end":{"line":188,"column":5}}},"9":{"name":"(anonymous_9)","decl":{"start":{"line":197,"column":2},"end":{"line":197,"column":21}},"loc":{"start":{"line":197,"column":37},"end":{"line":216,"column":3}}},"10":{"name":"(anonymous_10)","decl":{"start":{"line":200,"column":22},"end":{"line":200,"column":32}},"loc":{"start":{"line":200,"column":48},"end":{"line":208,"column":5}}},"11":{"name":"(anonymous_11)","decl":{"start":{"line":217,"column":2},"end":{"line":217,"column":18}},"loc":{"start":{"line":217,"column":34},"end":{"line":220,"column":3}}},"12":{"name":"(anonymous_12)","decl":{"start":{"line":221,"column":2},"end":{"line":221,"column":18}},"loc":{"start":{"line":221,"column":34},"end":{"line":225,"column":3}}},"13":{"name":"(anonymous_13)","decl":{"start":{"line":226,"column":2},"end":{"line":226,"column":23}},"loc":{"start":{"line":226,"column":39},"end":{"line":231,"column":3}}},"14":{"name":"(anonymous_14)","decl":{"start":{"line":239,"column":2},"end":{"line":239,"column":15}},"loc":{"start":{"line":239,"column":31},"end":{"line":248,"column":3}}},"15":{"name":"(anonymous_15)","decl":{"start":{"line":249,"column":2},"end":{"line":249,"column":13}},"loc":{"start":{"line":249,"column":29},"end":{"line":255,"column":3}}},"16":{"name":"(anonymous_16)","decl":{"start":{"line":256,"column":2},"end":{"line":256,"column":14}},"loc":{"start":{"line":256,"column":30},"end":{"line":256,"column":34}}},"17":{"name":"(anonymous_17)","decl":{"start":{"line":257,"column":2},"end":{"line":257,"column":15}},"loc":{"start":{"line":257,"column":31},"end":{"line":257,"column":35}}},"18":{"name":"(anonymous_18)","decl":{"start":{"line":258,"column":2},"end":{"line":258,"column":21}},"loc":{"start":{"line":258,"column":37},"end":{"line":260,"column":3}}},"19":{"name":"(anonymous_19)","decl":{"start":{"line":261,"column":2},"end":{"line":261,"column":15}},"loc":{"start":{"line":261,"column":31},"end":{"line":263,"column":3}}}},"branchMap":{"0":{"loc":{"start":{"line":110,"column":4},"end":{"line":115,"column":null}},"type":"if","locations":[{"start":{"line":110,"column":4},"end":{"line":115,"column":null}},{"start":{"line":110,"column":4},"end":{"line":115,"column":null}}]},"1":{"loc":{"start":{"line":120,"column":4},"end":{"line":125,"column":null}},"type":"if","locations":[{"start":{"line":120,"column":4},"end":{"line":125,"column":null}},{"start":{"line":120,"column":4},"end":{"line":125,"column":null}}]},"2":{"loc":{"start":{"line":139,"column":4},"end":{"line":155,"column":null}},"type":"if","locations":[{"start":{"line":139,"column":4},"end":{"line":155,"column":null}},{"start":{"line":139,"column":4},"end":{"line":155,"column":null}}]},"3":{"loc":{"start":{"line":139,"column":8},"end":{"line":139,"column":16}},"type":"binary-expr","locations":[{"start":{"line":139,"column":8},"end":{"line":139,"column":16}},{"start":{"line":139,"column":20},"end":{"line":139,"column":41}}]},"4":{"loc":{"start":{"line":140,"column":6},"end":{"line":154,"column":null}},"type":"if","locations":[{"start":{"line":140,"column":6},"end":{"line":154,"column":null}},{"start":{"line":140,"column":6},"end":{"line":154,"column":null}}]},"5":{"loc":{"start":{"line":141,"column":8},"end":{"line":151,"column":null}},"type":"if","locations":[{"start":{"line":141,"column":8},"end":{"line":151,"column":null}},{"start":{"line":141,"column":8},"end":{"line":151,"column":null}}]},"6":{"loc":{"start":{"line":142,"column":10},"end":{"line":147,"column":null}},"type":"if","locations":[{"start":{"line":142,"column":10},"end":{"line":147,"column":null}},{"start":{"line":142,"column":10},"end":{"line":147,"column":null}}]},"7":{"loc":{"start":{"line":158,"column":4},"end":{"line":164,"column":null}},"type":"if","locations":[{"start":{"line":158,"column":4},"end":{"line":164,"column":null}},{"start":{"line":158,"column":4},"end":{"line":164,"column":null}}]},"8":{"loc":{"start":{"line":158,"column":8},"end":{"line":158,"column":26}},"type":"binary-expr","locations":[{"start":{"line":158,"column":8},"end":{"line":158,"column":26}},{"start":{"line":158,"column":30},"end":{"line":158,"column":47}}]},"9":{"loc":{"start":{"line":161,"column":6},"end":{"line":163,"column":null}},"type":"if","locations":[{"start":{"line":161,"column":6},"end":{"line":163,"column":null}},{"start":{"line":161,"column":6},"end":{"line":163,"column":null}}]},"10":{"loc":{"start":{"line":161,"column":10},"end":{"line":161,"column":30}},"type":"binary-expr","locations":[{"start":{"line":161,"column":10},"end":{"line":161,"column":30}},{"start":{"line":161,"column":34},"end":{"line":161,"column":55}}]},"11":{"loc":{"start":{"line":167,"column":4},"end":{"line":174,"column":null}},"type":"if","locations":[{"start":{"line":167,"column":4},"end":{"line":174,"column":null}},{"start":{"line":167,"column":4},"end":{"line":174,"column":null}}]},"12":{"loc":{"start":{"line":167,"column":8},"end":{"line":167,"column":26}},"type":"binary-expr","locations":[{"start":{"line":167,"column":8},"end":{"line":167,"column":26}},{"start":{"line":167,"column":30},"end":{"line":167,"column":47}}]},"13":{"loc":{"start":{"line":170,"column":6},"end":{"line":173,"column":null}},"type":"if","locations":[{"start":{"line":170,"column":6},"end":{"line":173,"column":null}},{"start":{"line":170,"column":6},"end":{"line":173,"column":null}}]},"14":{"loc":{"start":{"line":170,"column":10},"end":{"line":170,"column":30}},"type":"binary-expr","locations":[{"start":{"line":170,"column":10},"end":{"line":170,"column":30}},{"start":{"line":170,"column":34},"end":{"line":170,"column":55}}]},"15":{"loc":{"start":{"line":182,"column":6},"end":{"line":187,"column":null}},"type":"if","locations":[{"start":{"line":182,"column":6},"end":{"line":187,"column":null}},{"start":{"line":182,"column":6},"end":{"line":187,"column":null}}]},"16":{"loc":{"start":{"line":190,"column":6},"end":{"line":194,"column":null}},"type":"if","locations":[{"start":{"line":190,"column":6},"end":{"line":194,"column":null}},{"start":{"line":190,"column":6},"end":{"line":194,"column":null}}]},"17":{"loc":{"start":{"line":202,"column":6},"end":{"line":207,"column":null}},"type":"if","locations":[{"start":{"line":202,"column":6},"end":{"line":207,"column":null}},{"start":{"line":202,"column":6},"end":{"line":207,"column":null}}]},"18":{"loc":{"start":{"line":210,"column":6},"end":{"line":214,"column":null}},"type":"if","locations":[{"start":{"line":210,"column":6},"end":{"line":214,"column":null}},{"start":{"line":210,"column":6},"end":{"line":214,"column":null}}]},"19":{"loc":{"start":{"line":242,"column":4},"end":{"line":247,"column":null}},"type":"if","locations":[{"start":{"line":242,"column":4},"end":{"line":247,"column":null}},{"start":{"line":242,"column":4},"end":{"line":247,"column":null}}]},"20":{"loc":{"start":{"line":250,"column":4},"end":{"line":254,"column":null}},"type":"if","locations":[{"start":{"line":250,"column":4},"end":{"line":254,"column":null}},{"start":{"line":250,"column":4},"end":{"line":254,"column":null}}]}},"s":{"0":1,"1":1,"2":1,"3":0,"4":0,"5":0,"6":0,"7":0,"8":0,"9":0,"10":0,"11":0,"12":0,"13":0,"14":0,"15":0,"16":0,"17":0,"18":0,"19":0,"20":0,"21":0,"22":0,"23":0,"24":0,"25":0,"26":0,"27":0,"28":0,"29":0,"30":0,"31":0,"32":0,"33":0,"34":0,"35":0,"36":0,"37":0,"38":0,"39":0,"40":0,"41":0,"42":0,"43":0,"44":0,"45":0,"46":0,"47":0,"48":0,"49":0,"50":0,"51":0,"52":0,"53":0,"54":0,"55":0,"56":0,"57":0,"58":0,"59":0,"60":0,"61":0,"62":0,"63":0,"64":0,"65":0,"66":0,"67":0,"68":0,"69":0,"70":0,"71":0,"72":0,"73":0,"74":0,"75":0,"76":0,"77":0,"78":0,"79":0,"80":0,"81":0,"82":0,"83":0,"84":0,"85":0,"86":0,"87":0,"88":0,"89":0,"90":0,"91":0,"92":1},"f":{"0":0,"1":0,"2":0,"3":0,"4":0,"5":0,"6":0,"7":0,"8":0,"9":0,"10":0,"11":0,"12":0,"13":0,"14":0,"15":0,"16":0,"17":0,"18":0,"19":0},"b":{"0":[0,0],"1":[0,0],"2":[0,0],"3":[0,0],"4":[0,0],"5":[0,0],"6":[0,0],"7":[0,0],"8":[0,0],"9":[0,0],"10":[0,0],"11":[0,0],"12":[0,0],"13":[0,0],"14":[0,0],"15":[0,0],"16":[0,0],"17":[0,0],"18":[0,0],"19":[0,0],"20":[0,0]}}
,"C:\\Users\\Chandan\\Desktop\\HANCOM\\TEAM CODE\\Updated Gitlab code\\formcontrols\\src\\stories\\util.ts": {"path":"C:\\Users\\Chandan\\Desktop\\HANCOM\\TEAM CODE\\Updated Gitlab code\\formcontrols\\src\\stories\\util.ts","statementMap":{"0":{"start":{"line":20,"column":15},"end":{"line":20,"column":33}},"1":{"start":{"line":21,"column":16},"end":{"line":21,"column":27}},"2":{"start":{"line":22,"column":2},"end":{"line":25,"column":null}},"3":{"start":{"line":22,"column":15},"end":{"line":22,"column":16}},"4":{"start":{"line":23,"column":16},"end":{"line":23,"column":23}},"5":{"start":{"line":24,"column":4},"end":{"line":24,"column":null}},"6":{"start":{"line":29,"column":15},"end":{"line":29,"column":33}},"7":{"start":{"line":30,"column":16},"end":{"line":30,"column":27}},"8":{"start":{"line":31,"column":2},"end":{"line":34,"column":null}},"9":{"start":{"line":31,"column":15},"end":{"line":31,"column":16}},"10":{"start":{"line":32,"column":16},"end":{"line":32,"column":23}},"11":{"start":{"line":33,"column":4},"end":{"line":33,"column":null}},"12":{"start":{"line":38,"column":15},"end":{"line":38,"column":32}},"13":{"start":{"line":39,"column":16},"end":{"line":39,"column":27}},"14":{"start":{"line":40,"column":2},"end":{"line":43,"column":null}},"15":{"start":{"line":40,"column":15},"end":{"line":40,"column":16}},"16":{"start":{"line":41,"column":16},"end":{"line":41,"column":23}},"17":{"start":{"line":42,"column":4},"end":{"line":42,"column":null}},"18":{"start":{"line":47,"column":15},"end":{"line":47,"column":35}},"19":{"start":{"line":48,"column":16},"end":{"line":48,"column":27}},"20":{"start":{"line":49,"column":2},"end":{"line":63,"column":null}},"21":{"start":{"line":49,"column":15},"end":{"line":49,"column":16}},"22":{"start":{"line":50,"column":16},"end":{"line":50,"column":23}},"23":{"start":{"line":51,"column":19},"end":{"line":51,"column":31}},"24":{"start":{"line":52,"column":20},"end":{"line":52,"column":39}},"25":{"start":{"line":53,"column":21},"end":{"line":53,"column":48}},"26":{"start":{"line":54,"column":4},"end":{"line":62,"column":null}},"27":{"start":{"line":54,"column":17},"end":{"line":54,"column":18}},"28":{"start":{"line":55,"column":21},"end":{"line":55,"column":31}},"29":{"start":{"line":56,"column":23},"end":{"line":56,"column":37}},"30":{"start":{"line":57,"column":6},"end":{"line":61,"column":null}},"31":{"start":{"line":58,"column":8},"end":{"line":58,"column":null}},"32":{"start":{"line":60,"column":8},"end":{"line":60,"column":null}},"33":{"start":{"line":67,"column":15},"end":{"line":67,"column":34}},"34":{"start":{"line":68,"column":16},"end":{"line":68,"column":27}},"35":{"start":{"line":69,"column":2},"end":{"line":95,"column":null}},"36":{"start":{"line":69,"column":15},"end":{"line":69,"column":16}},"37":{"start":{"line":71,"column":16},"end":{"line":71,"column":23}},"38":{"start":{"line":72,"column":16},"end":{"line":72,"column":33}},"39":{"start":{"line":73,"column":19},"end":{"line":73,"column":30}},"40":{"start":{"line":74,"column":20},"end":{"line":74,"column":39}},"41":{"start":{"line":76,"column":4},"end":{"line":94,"column":null}},"42":{"start":{"line":76,"column":17},"end":{"line":76,"column":18}},"43":{"start":{"line":78,"column":21},"end":{"line":78,"column":31}},"44":{"start":{"line":79,"column":25},"end":{"line":79,"column":39}},"45":{"start":{"line":80,"column":29},"end":{"line":80,"column":52}},"46":{"start":{"line":82,"column":6},"end":{"line":82,"column":null}},"47":{"start":{"line":84,"column":6},"end":{"line":93,"column":null}},"48":{"start":{"line":84,"column":19},"end":{"line":84,"column":20}},"49":{"start":{"line":85,"column":21},"end":{"line":85,"column":38}},"50":{"start":{"line":86,"column":23},"end":{"line":86,"column":39}},"51":{"start":{"line":87,"column":21},"end":{"line":87,"column":50}},"52":{"start":{"line":88,"column":8},"end":{"line":92,"column":null}},"53":{"start":{"line":89,"column":10},"end":{"line":89,"column":null}},"54":{"start":{"line":91,"column":10},"end":{"line":91,"column":null}},"55":{"start":{"line":99,"column":2},"end":{"line":101,"column":null}},"56":{"start":{"line":100,"column":4},"end":{"line":100,"column":null}},"57":{"start":{"line":102,"column":2},"end":{"line":104,"column":null}},"58":{"start":{"line":103,"column":4},"end":{"line":103,"column":null}},"59":{"start":{"line":105,"column":2},"end":{"line":107,"column":null}},"60":{"start":{"line":106,"column":4},"end":{"line":106,"column":null}},"61":{"start":{"line":108,"column":2},"end":{"line":110,"column":null}},"62":{"start":{"line":109,"column":4},"end":{"line":109,"column":null}},"63":{"start":{"line":111,"column":2},"end":{"line":113,"column":null}},"64":{"start":{"line":112,"column":4},"end":{"line":112,"column":null}},"65":{"start":{"line":116,"column":13},"end":{"line":123,"column":null}},"66":{"start":{"line":125,"column":22},"end":{"line":125,"column":24}},"67":{"start":{"line":128,"column":27},"end":{"line":128,"column":64}},"68":{"start":{"line":129,"column":2},"end":{"line":148,"column":null}},"69":{"start":{"line":130,"column":4},"end":{"line":130,"column":null}},"70":{"start":{"line":131,"column":22},"end":{"line":131,"column":27}},"71":{"start":{"line":132,"column":4},"end":{"line":140,"column":null}},"72":{"start":{"line":132,"column":24},"end":{"line":132,"column":25}},"73":{"start":{"line":133,"column":20},"end":{"line":133,"column":60}},"74":{"start":{"line":134,"column":6},"end":{"line":139,"column":null}},"75":{"start":{"line":135,"column":8},"end":{"line":135,"column":null}},"76":{"start":{"line":136,"column":8},"end":{"line":136,"column":null}},"77":{"start":{"line":137,"column":13},"end":{"line":139,"column":null}},"78":{"start":{"line":138,"column":8},"end":{"line":138,"column":null}},"79":{"start":{"line":141,"column":4},"end":{"line":147,"column":null}},"80":{"start":{"line":142,"column":6},"end":{"line":146,"column":null}},"81":{"start":{"line":142,"column":6},"end":{"line":142,"column":44}},"82":{"start":{"line":143,"column":30},"end":{"line":143,"column":61}},"83":{"start":{"line":144,"column":22},"end":{"line":144,"column":66}},"84":{"start":{"line":145,"column":22},"end":{"line":145,"column":null}},"85":{"start":{"line":149,"column":2},"end":{"line":149,"column":null}},"86":{"start":{"line":127,"column":0},"end":{"line":127,"column":16}}},"fnMap":{"0":{"name":"checkProps","decl":{"start":{"line":19,"column":9},"end":{"line":19,"column":19}},"loc":{"start":{"line":19,"column":60},"end":{"line":26,"column":1}}},"1":{"name":"checkSlots","decl":{"start":{"line":28,"column":9},"end":{"line":28,"column":19}},"loc":{"start":{"line":28,"column":60},"end":{"line":35,"column":1}}},"2":{"name":"checkElms","decl":{"start":{"line":37,"column":9},"end":{"line":37,"column":18}},"loc":{"start":{"line":37,"column":58},"end":{"line":44,"column":1}}},"3":{"name":"checkClass","decl":{"start":{"line":46,"column":9},"end":{"line":46,"column":19}},"loc":{"start":{"line":46,"column":65},"end":{"line":64,"column":1}}},"4":{"name":"checkEvent","decl":{"start":{"line":66,"column":9},"end":{"line":66,"column":19}},"loc":{"start":{"line":66,"column":66},"end":{"line":96,"column":1}}},"5":{"name":"checkAll","decl":{"start":{"line":98,"column":9},"end":{"line":98,"column":17}},"loc":{"start":{"line":98,"column":140},"end":{"line":114,"column":1}}},"6":{"name":"(anonymous_7)","decl":{"start":{"line":99,"column":21},"end":{"line":99,"column":24}},"loc":{"start":{"line":99,"column":26},"end":{"line":101,"column":3}}},"7":{"name":"(anonymous_8)","decl":{"start":{"line":102,"column":19},"end":{"line":102,"column":22}},"loc":{"start":{"line":102,"column":24},"end":{"line":104,"column":3}}},"8":{"name":"(anonymous_9)","decl":{"start":{"line":105,"column":18},"end":{"line":105,"column":21}},"loc":{"start":{"line":105,"column":23},"end":{"line":107,"column":3}}},"9":{"name":"(anonymous_10)","decl":{"start":{"line":108,"column":19},"end":{"line":108,"column":22}},"loc":{"start":{"line":108,"column":24},"end":{"line":110,"column":3}}},"10":{"name":"(anonymous_11)","decl":{"start":{"line":111,"column":19},"end":{"line":111,"column":22}},"loc":{"start":{"line":111,"column":24},"end":{"line":113,"column":3}}},"11":{"name":"changeMode","decl":{"start":{"line":127,"column":16},"end":{"line":127,"column":26}},"loc":{"start":{"line":127,"column":41},"end":{"line":150,"column":1}}},"12":{"name":"(anonymous_13)","decl":{"start":{"line":142,"column":6},"end":{"line":142,"column":13}},"loc":{"start":{"line":142,"column":6},"end":{"line":142,"column":44}}},"13":{"name":"(anonymous_14)","decl":{"start":{"line":142,"column":49},"end":{"line":142,"column":57}},"loc":{"start":{"line":142,"column":60},"end":{"line":146,"column":7}}}},"branchMap":{"0":{"loc":{"start":{"line":57,"column":6},"end":{"line":61,"column":null}},"type":"if","locations":[{"start":{"line":57,"column":6},"end":{"line":61,"column":null}},{"start":{"line":57,"column":6},"end":{"line":61,"column":null}}]},"1":{"loc":{"start":{"line":88,"column":8},"end":{"line":92,"column":null}},"type":"if","locations":[{"start":{"line":88,"column":8},"end":{"line":92,"column":null}},{"start":{"line":88,"column":8},"end":{"line":92,"column":null}}]},"2":{"loc":{"start":{"line":128,"column":34},"end":{"line":128,"column":50}},"type":"cond-expr","locations":[{"start":{"line":128,"column":34},"end":{"line":128,"column":50}},{"start":{"line":128,"column":53},"end":{"line":128,"column":64}}]},"3":{"loc":{"start":{"line":129,"column":2},"end":{"line":148,"column":null}},"type":"if","locations":[{"start":{"line":129,"column":2},"end":{"line":148,"column":null}},{"start":{"line":129,"column":2},"end":{"line":148,"column":null}}]},"4":{"loc":{"start":{"line":134,"column":6},"end":{"line":139,"column":null}},"type":"if","locations":[{"start":{"line":134,"column":6},"end":{"line":139,"column":null}},{"start":{"line":134,"column":6},"end":{"line":139,"column":null}}]},"5":{"loc":{"start":{"line":137,"column":13},"end":{"line":139,"column":null}},"type":"if","locations":[{"start":{"line":137,"column":13},"end":{"line":139,"column":null}},{"start":{"line":137,"column":13},"end":{"line":139,"column":null}}]},"6":{"loc":{"start":{"line":141,"column":4},"end":{"line":147,"column":null}},"type":"if","locations":[{"start":{"line":141,"column":4},"end":{"line":147,"column":null}},{"start":{"line":141,"column":4},"end":{"line":147,"column":null}}]}},"s":{"0":0,"1":0,"2":0,"3":0,"4":0,"5":0,"6":0,"7":0,"8":0,"9":0,"10":0,"11":0,"12":0,"13":0,"14":0,"15":0,"16":0,"17":0,"18":0,"19":0,"20":0,"21":0,"22":0,"23":0,"24":0,"25":0,"26":0,"27":0,"28":0,"29":0,"30":0,"31":0,"32":0,"33":0,"34":0,"35":0,"36":0,"37":0,"38":0,"39":0,"40":0,"41":0,"42":0,"43":0,"44":0,"45":0,"46":0,"47":0,"48":0,"49":0,"50":0,"51":0,"52":0,"53":0,"54":0,"55":0,"56":0,"57":0,"58":0,"59":0,"60":0,"61":0,"62":0,"63":0,"64":0,"65":0,"66":0,"67":0,"68":0,"69":0,"70":0,"71":0,"72":0,"73":0,"74":0,"75":0,"76":0,"77":0,"78":0,"79":0,"80":0,"81":0,"82":0,"83":0,"84":0,"85":0,"86":0},"f":{"0":0,"1":0,"2":0,"3":0,"4":0,"5":0,"6":0,"7":0,"8":0,"9":0,"10":0,"11":0,"12":0,"13":0},"b":{"0":[0,0],"1":[0,0],"2":[0,0],"3":[0,0],"4":[0,0],"5":[0,0],"6":[0,0]}}
}
