TN:
SF:C:\Users\Chandan\Desktop\HANCOM\TEAM CODE\Updated Gitlab code\formcontrols\src\App.vue
FN:29,(anonymous_2)
FNF:1
FNH:0
FNDA:0,(anonymous_2)
DA:16,0
DA:17,0
DA:18,0
DA:19,0
DA:28,0
DA:29,0
LF:6
LH:0
BRF:0
BRH:0
end_of_record
TN:
SF:C:\Users\Chandan\Desktop\HANCOM\TEAM CODE\Updated Gitlab code\formcontrols\src\main.ts
FN:10,(anonymous_0)
FN:14,(anonymous_1)
FN:25,(anonymous_2)
FNF:3
FNH:0
FNDA:0,(anonymous_0)
FNDA:0,(anonymous_1)
FNDA:0,(anonymous_2)
DA:1,0
DA:2,0
DA:3,0
DA:4,0
DA:5,0
DA:6,0
DA:8,0
DA:9,0
DA:10,0
DA:11,0
DA:12,0
DA:15,0
DA:20,0
DA:22,0
DA:25,0
DA:29,0
LF:16
LH:0
BRF:0
BRH:0
end_of_record
TN:
SF:C:\Users\Chandan\Desktop\HANCOM\TEAM CODE\Updated Gitlab code\formcontrols\src\router.ts
FNF:0
FNH:0
DA:1,0
DA:2,0
DA:4,0
DA:6,0
LF:4
LH:0
BRF:0
BRH:0
end_of_record
TN:
SF:C:\Users\Chandan\Desktop\HANCOM\TEAM CODE\Updated Gitlab code\formcontrols\src\shims-vue.d.ts
FNF:0
FNH:0
LF:0
LH:0
BRF:0
BRH:0
end_of_record
TN:
SF:C:\Users\Chandan\Desktop\HANCOM\TEAM CODE\Updated Gitlab code\formcontrols\src\@types\fd.d.ts
FNF:0
FNH:0
LF:0
LH:0
BRF:0
BRH:0
end_of_record
TN:
SF:C:\Users\Chandan\Desktop\HANCOM\TEAM CODE\Updated Gitlab code\formcontrols\src\@types\vue-drag-selector.d.ts
FNF:0
FNH:0
LF:0
LH:0
BRF:0
BRH:0
end_of_record
TN:
SF:C:\Users\Chandan\Desktop\HANCOM\TEAM CODE\Updated Gitlab code\formcontrols\src\@types\vuex.d.ts
FNF:0
FNH:0
LF:0
LH:0
BRF:0
BRH:0
end_of_record
TN:
SF:C:\Users\Chandan\Desktop\HANCOM\TEAM CODE\Updated Gitlab code\formcontrols\src\FormDesigner\controls-group-types.ts
FNF:0
FNH:0
DA:1,0
DA:2,0
DA:3,0
DA:4,0
DA:5,0
DA:6,0
DA:7,0
DA:8,0
LF:8
LH:0
BRF:0
BRH:0
end_of_record
TN:
SF:C:\Users\Chandan\Desktop\HANCOM\TEAM CODE\Updated Gitlab code\formcontrols\src\FormDesigner\controls-properties.ts
FN:10,(anonymous_0)
FN:23,(anonymous_1)
FN:42,(anonymous_2)
FN:72,(anonymous_3)
FN:81,(anonymous_4)
FN:88,(anonymous_5)
FN:111,(anonymous_6)
FN:117,(anonymous_7)
FN:140,(anonymous_8)
FN:168,(anonymous_9)
FN:188,(anonymous_10)
FN:192,(anonymous_11)
FN:209,(anonymous_12)
FN:215,(anonymous_13)
FN:245,(anonymous_14)
FN:261,(anonymous_15)
FN:279,(anonymous_16)
FN:296,(anonymous_17)
FN:309,(anonymous_18)
FN:323,(anonymous_19)
FNF:20
FNH:8
FNDA:5,(anonymous_0)
FNDA:1,(anonymous_1)
FNDA:0,(anonymous_2)
FNDA:0,(anonymous_3)
FNDA:5,(anonymous_4)
FNDA:5,(anonymous_5)
FNDA:1,(anonymous_6)
FNDA:1,(anonymous_7)
FNDA:0,(anonymous_8)
FNDA:0,(anonymous_9)
FNDA:1,(anonymous_10)
FNDA:1,(anonymous_11)
FNDA:0,(anonymous_12)
FNDA:0,(anonymous_13)
FNDA:0,(anonymous_14)
FNDA:0,(anonymous_15)
FNDA:0,(anonymous_16)
FNDA:0,(anonymous_17)
FNDA:0,(anonymous_18)
FNDA:0,(anonymous_19)
DA:3,1
DA:11,5
DA:12,5
DA:14,0
DA:24,1
DA:31,1
DA:32,1
DA:34,0
DA:43,0
DA:60,0
DA:61,0
DA:62,0
DA:64,0
DA:73,0
DA:82,5
DA:83,5
DA:84,5
DA:86,5
DA:89,5
DA:90,4
DA:91,0
DA:93,4
DA:95,1
DA:96,0
DA:97,0
DA:99,0
DA:101,1
DA:112,1
DA:113,1
DA:114,1
DA:115,1
DA:118,1
DA:119,1
DA:120,0
DA:121,1
DA:122,0
DA:123,1
DA:124,1
DA:125,0
DA:126,0
DA:127,0
DA:128,0
DA:131,0
DA:141,0
DA:156,0
DA:157,0
DA:159,0
DA:169,0
DA:176,0
DA:177,0
DA:178,0
DA:180,0
DA:189,1
DA:190,1
DA:193,1
DA:198,1
DA:199,1
DA:201,0
DA:210,0
DA:211,0
DA:212,0
DA:216,0
DA:222,0
DA:223,0
DA:224,0
DA:225,0
DA:226,0
DA:227,0
DA:228,0
DA:229,0
DA:230,0
DA:231,0
DA:232,0
DA:233,0
DA:234,0
DA:235,0
DA:237,0
DA:246,0
DA:247,0
DA:248,0
DA:249,0
DA:250,0
DA:251,0
DA:252,0
DA:253,0
DA:262,0
DA:266,0
DA:267,0
DA:268,0
DA:270,0
DA:280,0
DA:281,0
DA:282,0
DA:283,0
DA:284,0
DA:286,0
DA:288,0
DA:297,0
DA:298,0
DA:300,0
DA:310,0
DA:311,0
DA:313,0
DA:324,0
DA:325,0
DA:326,0
DA:327,0
DA:328,0
DA:329,0
DA:330,0
DA:331,0
DA:332,0
DA:335,0
DA:336,0
DA:337,0
DA:338,0
DA:339,0
DA:341,0
DA:344,0
DA:346,0
LF:120
LH:29
BRDA:11,0,0,5
BRDA:11,0,1,0
BRDA:31,1,0,1
BRDA:31,1,1,0
BRDA:61,2,0,0
BRDA:61,2,1,0
BRDA:89,3,0,4
BRDA:89,3,1,1
BRDA:90,4,0,0
BRDA:90,4,1,4
BRDA:95,5,0,0
BRDA:95,5,1,1
BRDA:96,6,0,0
BRDA:96,6,1,0
BRDA:118,7,0,1
BRDA:118,7,1,0
BRDA:119,8,0,0
BRDA:119,8,1,1
BRDA:121,9,0,0
BRDA:121,9,1,1
BRDA:123,10,0,1
BRDA:123,10,1,0
BRDA:125,11,0,0
BRDA:125,11,1,0
BRDA:127,12,0,0
BRDA:127,12,1,0
BRDA:156,13,0,0
BRDA:156,13,1,0
BRDA:176,14,0,0
BRDA:176,14,1,0
BRDA:198,15,0,1
BRDA:198,15,1,0
BRDA:222,16,0,0
BRDA:222,16,1,0
BRDA:222,17,0,0
BRDA:222,17,1,0
BRDA:224,18,0,0
BRDA:224,18,1,0
BRDA:224,19,0,0
BRDA:224,19,1,0
BRDA:224,19,2,0
BRDA:226,20,0,0
BRDA:226,20,1,0
BRDA:226,21,0,0
BRDA:226,21,1,0
BRDA:226,21,2,0
BRDA:228,22,0,0
BRDA:228,22,1,0
BRDA:228,23,0,0
BRDA:228,23,1,0
BRDA:230,24,0,0
BRDA:230,24,1,0
BRDA:230,25,0,0
BRDA:230,25,1,0
BRDA:230,25,2,0
BRDA:232,26,0,0
BRDA:232,26,1,0
BRDA:232,27,0,0
BRDA:232,27,1,0
BRDA:232,27,2,0
BRDA:234,28,0,0
BRDA:234,28,1,0
BRDA:234,29,0,0
BRDA:234,29,1,0
BRDA:251,30,0,0
BRDA:251,30,1,0
BRDA:251,31,0,0
BRDA:251,31,1,0
BRDA:267,32,0,0
BRDA:267,32,1,0
BRDA:280,33,0,0
BRDA:280,33,1,0
BRDA:282,34,0,0
BRDA:282,34,1,0
BRDA:283,35,0,0
BRDA:283,35,1,0
BRDA:297,36,0,0
BRDA:297,36,1,0
BRDA:310,37,0,0
BRDA:310,37,1,0
BRDA:328,38,0,0
BRDA:328,38,1,0
BRDA:328,39,0,0
BRDA:328,39,1,0
BRDA:330,40,0,0
BRDA:330,40,1,0
BRDA:335,41,0,0
BRDA:335,41,1,0
BRDA:335,42,0,0
BRDA:335,42,1,0
BRF:90
BRH:11
end_of_record
TN:
SF:C:\Users\Chandan\Desktop\HANCOM\TEAM CODE\Updated Gitlab code\formcontrols\src\FormDesigner\controls-select-types.ts
FNF:0
FNH:0
DA:1,0
DA:7,0
DA:12,0
DA:17,0
DA:21,0
DA:28,0
DA:36,0
DA:54,0
DA:59,0
DA:64,0
DA:79,0
DA:83,0
DA:90,0
DA:94,0
DA:99,0
DA:104,0
DA:108,0
DA:114,0
DA:121,0
DA:126,0
DA:133,0
DA:139,0
DA:144,0
DA:151,0
DA:157,0
DA:162,0
LF:26
LH:0
BRF:0
BRH:0
end_of_record
TN:
SF:C:\Users\Chandan\Desktop\HANCOM\TEAM CODE\Updated Gitlab code\formcontrols\src\FormDesigner\event-bus.ts
FNF:0
FNH:0
DA:1,0
DA:2,0
LF:2
LH:0
BRF:0
BRH:0
end_of_record
TN:
SF:C:\Users\Chandan\Desktop\HANCOM\TEAM CODE\Updated Gitlab code\formcontrols\src\FormDesigner\components\atoms\FDCheckBox\index.vue
FN:72,(anonymous_2)
FN:87,(anonymous_3)
FN:118,(anonymous_4)
FN:147,(anonymous_5)
FN:161,(anonymous_6)
FN:175,(anonymous_7)
FN:248,(anonymous_8)
FN:270,(anonymous_9)
FN:289,(anonymous_10)
FN:302,(anonymous_11)
FN:304,(anonymous_12)
FN:329,(anonymous_13)
FNF:12
FNH:0
FNDA:0,(anonymous_2)
FNDA:0,(anonymous_3)
FNDA:0,(anonymous_4)
FNDA:0,(anonymous_5)
FNDA:0,(anonymous_6)
FNDA:0,(anonymous_7)
FNDA:0,(anonymous_8)
FNDA:0,(anonymous_9)
FNDA:0,(anonymous_10)
FNDA:0,(anonymous_11)
FNDA:0,(anonymous_12)
FNDA:0,(anonymous_13)
DA:50,0
DA:51,0
DA:52,0
DA:60,0
DA:61,0
DA:62,0
DA:63,0
DA:72,0
DA:73,0
DA:74,0
DA:76,0
DA:87,0
DA:88,0
DA:89,0
DA:90,0
DA:91,0
DA:92,0
DA:93,0
DA:94,0
DA:95,0
DA:97,0
DA:98,0
DA:100,0
DA:101,0
DA:102,0
DA:103,0
DA:104,0
DA:105,0
DA:107,0
DA:108,0
DA:119,0
DA:120,0
DA:121,0
DA:122,0
DA:123,0
DA:124,0
DA:125,0
DA:127,0
DA:128,0
DA:129,0
DA:131,0
DA:132,0
DA:133,0
DA:148,0
DA:149,0
DA:151,0
DA:162,0
DA:163,0
DA:176,0
DA:177,0
DA:188,0
DA:189,0
DA:190,0
DA:192,0
DA:194,0
DA:249,0
DA:250,0
DA:271,0
DA:272,0
DA:290,0
DA:291,0
DA:302,0
DA:303,0
DA:304,0
DA:305,0
DA:306,0
DA:308,0
DA:311,0
DA:315,0
DA:321,0
DA:330,0
LF:71
LH:0
BRDA:73,0,0,0
BRDA:73,0,1,0
BRDA:88,1,0,0
BRDA:88,1,1,0
BRDA:88,2,0,0
BRDA:88,2,1,0
BRDA:89,3,0,0
BRDA:89,3,1,0
BRDA:92,4,0,0
BRDA:92,4,1,0
BRDA:93,5,0,0
BRDA:93,5,1,0
BRDA:100,6,0,0
BRDA:100,6,1,0
BRDA:103,7,0,0
BRDA:103,7,1,0
BRDA:119,8,0,0
BRDA:119,8,1,0
BRDA:122,9,0,0
BRDA:122,9,1,0
BRDA:127,10,0,0
BRDA:127,10,1,0
BRDA:148,11,0,0
BRDA:148,11,1,0
BRDA:149,12,0,0
BRDA:149,12,1,0
BRDA:164,13,0,0
BRDA:164,13,1,0
BRDA:177,14,0,0
BRDA:177,14,1,0
BRDA:189,15,0,0
BRDA:189,15,1,0
BRDA:190,16,0,0
BRDA:190,16,1,0
BRDA:199,17,0,0
BRDA:199,17,1,0
BRDA:204,18,0,0
BRDA:204,18,1,0
BRDA:205,19,0,0
BRDA:205,19,1,0
BRDA:206,20,0,0
BRDA:206,20,1,0
BRDA:208,21,0,0
BRDA:208,21,1,0
BRDA:212,22,0,0
BRDA:212,22,1,0
BRDA:214,23,0,0
BRDA:214,23,1,0
BRDA:215,24,0,0
BRDA:215,24,1,0
BRDA:223,25,0,0
BRDA:223,25,1,0
BRDA:228,26,0,0
BRDA:228,26,1,0
BRDA:231,27,0,0
BRDA:231,27,1,0
BRDA:236,28,0,0
BRDA:236,28,1,0
BRDA:254,29,0,0
BRDA:254,29,1,0
BRDA:303,30,0,0
BRDA:303,30,1,0
BRF:62
BRH:0
end_of_record
TN:
SF:C:\Users\Chandan\Desktop\HANCOM\TEAM CODE\Updated Gitlab code\formcontrols\src\FormDesigner\components\atoms\FDComboBox\index.vue
FN:146,(anonymous_2)
FN:163,(anonymous_3)
FN:171,(anonymous_4)
FN:176,(anonymous_5)
FN:183,(anonymous_6)
FN:187,(anonymous_7)
FN:215,(anonymous_8)
FN:223,(anonymous_9)
FN:228,(anonymous_10)
FN:232,(anonymous_11)
FN:238,(anonymous_12)
FN:246,(anonymous_13)
FN:254,(anonymous_14)
FN:264,(anonymous_15)
FN:307,(anonymous_16)
FN:324,(anonymous_17)
FN:350,(anonymous_18)
FN:374,(anonymous_19)
FN:385,(anonymous_20)
FN:388,(anonymous_21)
FN:418,(anonymous_22)
FN:425,(anonymous_23)
FN:466,(anonymous_24)
FN:518,(anonymous_25)
FN:529,(anonymous_26)
FN:541,(anonymous_27)
FN:552,(anonymous_28)
FN:557,(anonymous_29)
FN:572,(anonymous_30)
FN:575,(anonymous_31)
FN:588,(anonymous_32)
FN:600,(anonymous_33)
FN:610,(anonymous_34)
FN:640,(anonymous_35)
FN:661,(anonymous_36)
FN:667,(anonymous_37)
FN:683,(anonymous_38)
FNF:37
FNH:0
FNDA:0,(anonymous_2)
FNDA:0,(anonymous_3)
FNDA:0,(anonymous_4)
FNDA:0,(anonymous_5)
FNDA:0,(anonymous_6)
FNDA:0,(anonymous_7)
FNDA:0,(anonymous_8)
FNDA:0,(anonymous_9)
FNDA:0,(anonymous_10)
FNDA:0,(anonymous_11)
FNDA:0,(anonymous_12)
FNDA:0,(anonymous_13)
FNDA:0,(anonymous_14)
FNDA:0,(anonymous_15)
FNDA:0,(anonymous_16)
FNDA:0,(anonymous_17)
FNDA:0,(anonymous_18)
FNDA:0,(anonymous_19)
FNDA:0,(anonymous_20)
FNDA:0,(anonymous_21)
FNDA:0,(anonymous_22)
FNDA:0,(anonymous_23)
FNDA:0,(anonymous_24)
FNDA:0,(anonymous_25)
FNDA:0,(anonymous_26)
FNDA:0,(anonymous_27)
FNDA:0,(anonymous_28)
FNDA:0,(anonymous_29)
FNDA:0,(anonymous_30)
FNDA:0,(anonymous_31)
FNDA:0,(anonymous_32)
FNDA:0,(anonymous_33)
FNDA:0,(anonymous_34)
FNDA:0,(anonymous_35)
FNDA:0,(anonymous_36)
FNDA:0,(anonymous_37)
FNDA:0,(anonymous_38)
DA:132,0
DA:140,0
DA:146,0
DA:148,0
DA:149,0
DA:150,0
DA:151,0
DA:152,0
DA:153,0
DA:154,0
DA:155,0
DA:156,0
DA:157,0
DA:158,0
DA:159,0
DA:160,0
DA:161,0
DA:162,0
DA:164,0
DA:165,0
DA:167,0
DA:172,0
DA:173,0
DA:177,0
DA:178,0
DA:180,0
DA:184,0
DA:188,0
DA:189,0
DA:190,0
DA:191,0
DA:192,0
DA:193,0
DA:194,0
DA:195,0
DA:196,0
DA:197,0
DA:199,0
DA:200,0
DA:201,0
DA:202,0
DA:203,0
DA:204,0
DA:205,0
DA:208,0
DA:211,0
DA:216,0
DA:217,0
DA:218,0
DA:224,0
DA:225,0
DA:226,0
DA:229,0
DA:233,0
DA:234,0
DA:239,0
DA:240,0
DA:247,0
DA:248,0
DA:255,0
DA:270,0
DA:271,0
DA:272,0
DA:274,0
DA:276,0
DA:277,0
DA:278,0
DA:280,0
DA:281,0
DA:282,0
DA:285,0
DA:286,0
DA:288,0
DA:289,0
DA:291,0
DA:292,0
DA:293,0
DA:294,0
DA:295,0
DA:296,0
DA:300,0
DA:304,0
DA:306,0
DA:307,0
DA:310,0
DA:311,0
DA:313,0
DA:329,0
DA:330,0
DA:332,0
DA:334,0
DA:335,0
DA:336,0
DA:337,0
DA:339,0
DA:351,0
DA:352,0
DA:353,0
DA:354,0
DA:358,0
DA:361,0
DA:362,0
DA:364,0
DA:375,0
DA:376,0
DA:378,0
DA:385,0
DA:386,0
DA:387,0
DA:388,0
DA:389,0
DA:391,0
DA:392,0
DA:393,0
DA:394,0
DA:395,0
DA:396,0
DA:397,0
DA:398,0
DA:399,0
DA:400,0
DA:401,0
DA:405,0
DA:409,0
DA:410,0
DA:411,0
DA:414,0
DA:419,0
DA:420,0
DA:426,0
DA:427,0
DA:437,0
DA:467,0
DA:468,0
DA:478,0
DA:519,0
DA:520,0
DA:530,0
DA:531,0
DA:532,0
DA:533,0
DA:535,0
DA:537,0
DA:542,0
DA:543,0
DA:553,0
DA:554,0
DA:557,0
DA:558,0
DA:562,0
DA:563,0
DA:564,0
DA:566,0
DA:572,0
DA:573,0
DA:576,0
DA:577,0
DA:578,0
DA:580,0
DA:581,0
DA:582,0
DA:584,0
DA:589,0
DA:590,0
DA:591,0
DA:592,0
DA:593,0
DA:595,0
DA:601,0
DA:602,0
DA:603,0
DA:604,0
DA:605,0
DA:606,0
DA:611,0
DA:612,0
DA:622,0
DA:641,0
DA:642,0
DA:662,0
DA:663,0
DA:668,0
DA:669,0
DA:684,0
DA:685,0
DA:686,0
DA:687,0
DA:688,0
DA:691,0
DA:694,0
LF:190
LH:0
BRDA:164,0,0,0
BRDA:164,0,1,0
BRDA:164,1,0,0
BRDA:164,1,1,0
BRDA:165,2,0,0
BRDA:165,2,1,0
BRDA:177,3,0,0
BRDA:177,3,1,0
BRDA:188,4,0,0
BRDA:188,4,1,0
BRDA:196,5,0,0
BRDA:196,5,1,0
BRDA:199,6,0,0
BRDA:199,6,1,0
BRDA:201,7,0,0
BRDA:201,7,1,0
BRDA:216,8,0,0
BRDA:216,8,1,0
BRDA:217,9,0,0
BRDA:217,9,1,0
BRDA:235,10,0,0
BRDA:235,10,1,0
BRDA:270,11,0,0
BRDA:270,11,1,0
BRDA:277,12,0,0
BRDA:277,12,1,0
BRDA:280,13,0,0
BRDA:280,13,1,0
BRDA:280,14,0,0
BRDA:280,14,1,0
BRDA:288,15,0,0
BRDA:288,15,1,0
BRDA:288,16,0,0
BRDA:288,16,1,0
BRDA:288,16,2,0
BRDA:306,17,0,0
BRDA:306,17,1,0
BRDA:306,18,0,0
BRDA:306,18,1,0
BRDA:310,19,0,0
BRDA:310,19,1,0
BRDA:329,20,0,0
BRDA:329,20,1,0
BRDA:334,21,0,0
BRDA:334,21,1,0
BRDA:337,22,0,0
BRDA:337,22,1,0
BRDA:351,23,0,0
BRDA:351,23,1,0
BRDA:351,24,0,0
BRDA:351,24,1,0
BRDA:354,25,0,0
BRDA:354,25,1,0
BRDA:354,26,0,0
BRDA:354,26,1,0
BRDA:375,27,0,0
BRDA:375,27,1,0
BRDA:386,28,0,0
BRDA:386,28,1,0
BRDA:403,29,0,0
BRDA:403,29,1,0
BRDA:421,30,0,0
BRDA:421,30,1,0
BRDA:427,31,0,0
BRDA:427,31,1,0
BRDA:440,32,0,0
BRDA:440,32,1,0
BRDA:442,33,0,0
BRDA:442,33,1,0
BRDA:444,34,0,0
BRDA:444,34,1,0
BRDA:445,35,0,0
BRDA:445,35,1,0
BRDA:454,36,0,0
BRDA:454,36,1,0
BRDA:455,37,0,0
BRDA:455,37,1,0
BRDA:456,38,0,0
BRDA:456,38,1,0
BRDA:468,39,0,0
BRDA:468,39,1,0
BRDA:480,40,0,0
BRDA:480,40,1,0
BRDA:483,41,0,0
BRDA:483,41,1,0
BRDA:485,42,0,0
BRDA:485,42,1,0
BRDA:486,43,0,0
BRDA:486,43,1,0
BRDA:494,44,0,0
BRDA:494,44,1,0
BRDA:495,45,0,0
BRDA:495,45,1,0
BRDA:497,46,0,0
BRDA:497,46,1,0
BRDA:499,47,0,0
BRDA:499,47,1,0
BRDA:505,48,0,0
BRDA:505,48,1,0
BRDA:532,49,0,0
BRDA:532,49,1,0
BRDA:533,50,0,0
BRDA:533,50,1,0
BRDA:544,51,0,0
BRDA:544,51,1,0
BRDA:558,52,0,0
BRDA:558,52,1,0
BRDA:558,53,0,0
BRDA:558,53,1,0
BRDA:563,54,0,0
BRDA:563,54,1,0
BRDA:577,55,0,0
BRDA:577,55,1,0
BRDA:581,56,0,0
BRDA:581,56,1,0
BRDA:581,57,0,0
BRDA:581,57,1,0
BRDA:589,58,0,0
BRDA:589,58,1,0
BRDA:591,59,0,0
BRDA:591,59,1,0
BRDA:592,60,0,0
BRDA:592,60,1,0
BRDA:601,61,0,0
BRDA:601,61,1,0
BRDA:603,62,0,0
BRDA:603,62,1,0
BRDA:605,63,0,0
BRDA:605,63,1,0
BRDA:612,64,0,0
BRDA:612,64,1,0
BRDA:623,65,0,0
BRDA:623,65,1,0
BRDA:625,66,0,0
BRDA:625,66,1,0
BRDA:626,67,0,0
BRDA:626,67,1,0
BRDA:634,68,0,0
BRDA:634,68,1,0
BRDA:635,69,0,0
BRDA:635,69,1,0
BRDA:643,70,0,0
BRDA:643,70,1,0
BRDA:647,71,0,0
BRDA:647,71,1,0
BRDA:651,72,0,0
BRDA:651,72,1,0
BRDA:664,73,0,0
BRDA:664,73,1,0
BRDA:670,74,0,0
BRDA:670,74,1,0
BRDA:671,75,0,0
BRDA:671,75,1,0
BRDA:675,76,0,0
BRDA:675,76,1,0
BRDA:677,77,0,0
BRDA:677,77,1,0
BRDA:684,78,0,0
BRDA:684,78,1,0
BRDA:684,79,0,0
BRDA:684,79,1,0
BRDA:685,80,0,0
BRDA:685,80,1,0
BRDA:686,81,0,0
BRDA:686,81,1,0
BRF:165
BRH:0
end_of_record
TN:
SF:C:\Users\Chandan\Desktop\HANCOM\TEAM CODE\Updated Gitlab code\formcontrols\src\FormDesigner\components\atoms\FDCommandButton\index.vue
FN:46,(anonymous_2)
FN:56,(anonymous_3)
FN:72,(anonymous_4)
FN:91,(anonymous_5)
FN:93,(anonymous_6)
FN:111,(anonymous_7)
FN:185,(anonymous_8)
FN:199,(anonymous_9)
FN:207,(anonymous_10)
FNF:9
FNH:0
FNDA:0,(anonymous_2)
FNDA:0,(anonymous_3)
FNDA:0,(anonymous_4)
FNDA:0,(anonymous_5)
FNDA:0,(anonymous_6)
FNDA:0,(anonymous_7)
FNDA:0,(anonymous_8)
FNDA:0,(anonymous_9)
FNDA:0,(anonymous_10)
DA:36,0
DA:37,0
DA:38,0
DA:46,0
DA:48,0
DA:49,0
DA:57,0
DA:58,0
DA:62,0
DA:73,0
DA:74,0
DA:76,0
DA:77,0
DA:78,0
DA:80,0
DA:92,0
DA:93,0
DA:94,0
DA:98,0
DA:112,0
DA:113,0
DA:123,0
DA:124,0
DA:125,0
DA:127,0
DA:129,0
DA:186,0
DA:187,0
DA:199,0
DA:201,0
DA:208,0
LF:31
LH:0
BRDA:57,0,0,0
BRDA:57,0,1,0
BRDA:58,1,0,0
BRDA:58,1,1,0
BRDA:73,2,0,0
BRDA:73,2,1,0
BRDA:76,3,0,0
BRDA:76,3,1,0
BRDA:77,4,0,0
BRDA:77,4,1,0
BRDA:92,5,0,0
BRDA:92,5,1,0
BRDA:113,6,0,0
BRDA:113,6,1,0
BRDA:124,7,0,0
BRDA:124,7,1,0
BRDA:125,8,0,0
BRDA:125,8,1,0
BRDA:129,9,0,0
BRDA:129,9,1,0
BRDA:136,10,0,0
BRDA:136,10,1,0
BRDA:137,11,0,0
BRDA:137,11,1,0
BRDA:138,12,0,0
BRDA:138,12,1,0
BRDA:139,13,0,0
BRDA:139,13,1,0
BRDA:140,14,0,0
BRDA:140,14,1,0
BRDA:145,15,0,0
BRDA:145,15,1,0
BRDA:148,16,0,0
BRDA:148,16,1,0
BRDA:149,17,0,0
BRDA:149,17,1,0
BRDA:151,18,0,0
BRDA:151,18,1,0
BRDA:155,19,0,0
BRDA:155,19,1,0
BRDA:157,20,0,0
BRDA:157,20,1,0
BRDA:158,21,0,0
BRDA:158,21,1,0
BRDA:166,22,0,0
BRDA:166,22,1,0
BRDA:167,23,0,0
BRDA:167,23,1,0
BRDA:168,24,0,0
BRDA:168,24,1,0
BRDA:169,25,0,0
BRDA:169,25,1,0
BRDA:170,26,0,0
BRDA:170,26,1,0
BRDA:171,27,0,0
BRDA:171,27,1,0
BRF:56
BRH:0
end_of_record
TN:
SF:C:\Users\Chandan\Desktop\HANCOM\TEAM CODE\Updated Gitlab code\formcontrols\src\FormDesigner\components\atoms\FDContextMenu\index.vue
FN:148,(anonymous_2)
FN:197,(anonymous_3)
FN:198,(anonymous_4)
FN:208,(anonymous_5)
FN:212,(anonymous_6)
FN:216,(anonymous_7)
FN:302,(anonymous_8)
FN:321,(anonymous_9)
FN:327,(anonymous_10)
FN:343,(anonymous_11)
FN:373,(anonymous_12)
FN:376,(anonymous_13)
FN:387,(anonymous_14)
FN:396,(anonymous_15)
FN:399,(anonymous_16)
FN:405,(anonymous_17)
FN:414,(anonymous_18)
FN:427,(anonymous_19)
FN:446,(anonymous_20)
FN:466,(anonymous_21)
FN:481,(anonymous_22)
FN:485,(anonymous_23)
FN:500,(anonymous_24)
FN:504,(anonymous_25)
FN:553,(anonymous_26)
FN:584,(anonymous_27)
FN:593,(anonymous_28)
FN:611,(anonymous_29)
FN:663,(anonymous_30)
FN:677,(anonymous_31)
FN:695,(anonymous_32)
FN:697,(anonymous_33)
FN:709,(anonymous_34)
FN:730,(anonymous_35)
FN:739,(anonymous_36)
FN:764,(anonymous_37)
FN:791,(anonymous_38)
FN:829,(anonymous_39)
FN:832,(anonymous_40)
FN:848,(anonymous_41)
FN:914,(anonymous_42)
FN:951,(anonymous_43)
FN:970,(anonymous_44)
FN:999,(anonymous_45)
FN:1027,(anonymous_46)
FN:1032,(anonymous_47)
FN:119,(anonymous_48)
FN:121,(anonymous_49)
FN:122,(anonymous_50)
FN:123,(anonymous_51)
FN:125,(anonymous_52)
FNF:51
FNH:0
FNDA:0,(anonymous_2)
FNDA:0,(anonymous_3)
FNDA:0,(anonymous_4)
FNDA:0,(anonymous_5)
FNDA:0,(anonymous_6)
FNDA:0,(anonymous_7)
FNDA:0,(anonymous_8)
FNDA:0,(anonymous_9)
FNDA:0,(anonymous_10)
FNDA:0,(anonymous_11)
FNDA:0,(anonymous_12)
FNDA:0,(anonymous_13)
FNDA:0,(anonymous_14)
FNDA:0,(anonymous_15)
FNDA:0,(anonymous_16)
FNDA:0,(anonymous_17)
FNDA:0,(anonymous_18)
FNDA:0,(anonymous_19)
FNDA:0,(anonymous_20)
FNDA:0,(anonymous_21)
FNDA:0,(anonymous_22)
FNDA:0,(anonymous_23)
FNDA:0,(anonymous_24)
FNDA:0,(anonymous_25)
FNDA:0,(anonymous_26)
FNDA:0,(anonymous_27)
FNDA:0,(anonymous_28)
FNDA:0,(anonymous_29)
FNDA:0,(anonymous_30)
FNDA:0,(anonymous_31)
FNDA:0,(anonymous_32)
FNDA:0,(anonymous_33)
FNDA:0,(anonymous_34)
FNDA:0,(anonymous_35)
FNDA:0,(anonymous_36)
FNDA:0,(anonymous_37)
FNDA:0,(anonymous_38)
FNDA:0,(anonymous_39)
FNDA:0,(anonymous_40)
FNDA:0,(anonymous_41)
FNDA:0,(anonymous_42)
FNDA:0,(anonymous_43)
FNDA:0,(anonymous_44)
FNDA:0,(anonymous_45)
FNDA:0,(anonymous_46)
FNDA:0,(anonymous_47)
FNDA:0,(anonymous_48)
FNDA:0,(anonymous_49)
FNDA:0,(anonymous_50)
FNDA:0,(anonymous_51)
FNDA:0,(anonymous_52)
DA:83,0
DA:84,0
DA:85,0
DA:87,0
DA:99,0
DA:100,0
DA:108,0
DA:109,0
DA:110,0
DA:111,0
DA:112,0
DA:113,0
DA:114,0
DA:115,0
DA:116,0
DA:119,0
DA:121,0
DA:122,0
DA:123,0
DA:125,0
DA:127,0
DA:128,0
DA:129,0
DA:132,0
DA:133,0
DA:136,0
DA:137,0
DA:138,0
DA:141,0
DA:142,0
DA:145,0
DA:149,0
DA:150,0
DA:151,0
DA:152,0
DA:153,0
DA:154,0
DA:155,0
DA:156,0
DA:157,0
DA:158,0
DA:159,0
DA:160,0
DA:161,0
DA:162,0
DA:163,0
DA:164,0
DA:165,0
DA:166,0
DA:167,0
DA:168,0
DA:169,0
DA:170,0
DA:171,0
DA:172,0
DA:173,0
DA:180,0
DA:181,0
DA:182,0
DA:183,0
DA:185,0
DA:187,0
DA:188,0
DA:189,0
DA:193,0
DA:195,0
DA:198,0
DA:199,0
DA:200,0
DA:201,0
DA:202,0
DA:203,0
DA:209,0
DA:212,0
DA:213,0
DA:217,0
DA:218,0
DA:219,0
DA:222,0
DA:223,0
DA:229,0
DA:230,0
DA:231,0
DA:232,0
DA:233,0
DA:234,0
DA:237,0
DA:238,0
DA:239,0
DA:241,0
DA:242,0
DA:244,0
DA:245,0
DA:251,0
DA:257,0
DA:258,0
DA:259,0
DA:261,0
DA:262,0
DA:263,0
DA:264,0
DA:265,0
DA:267,0
DA:268,0
DA:269,0
DA:273,0
DA:274,0
DA:275,0
DA:276,0
DA:277,0
DA:278,0
DA:279,0
DA:280,0
DA:281,0
DA:287,0
DA:293,0
DA:303,0
DA:304,0
DA:305,0
DA:306,0
DA:307,0
DA:308,0
DA:309,0
DA:310,0
DA:311,0
DA:312,0
DA:315,0
DA:317,0
DA:318,0
DA:322,0
DA:323,0
DA:324,0
DA:325,0
DA:328,0
DA:329,0
DA:330,0
DA:331,0
DA:332,0
DA:333,0
DA:334,0
DA:344,0
DA:345,0
DA:346,0
DA:349,0
DA:350,0
DA:351,0
DA:357,0
DA:359,0
DA:360,0
DA:361,0
DA:362,0
DA:363,0
DA:364,0
DA:369,0
DA:374,0
DA:375,0
DA:376,0
DA:377,0
DA:378,0
DA:379,0
DA:380,0
DA:381,0
DA:382,0
DA:384,0
DA:388,0
DA:397,0
DA:398,0
DA:399,0
DA:400,0
DA:401,0
DA:402,0
DA:403,0
DA:404,0
DA:405,0
DA:406,0
DA:407,0
DA:408,0
DA:410,0
DA:411,0
DA:419,0
DA:428,0
DA:429,0
DA:430,0
DA:434,0
DA:435,0
DA:436,0
DA:437,0
DA:441,0
DA:444,0
DA:445,0
DA:446,0
DA:449,0
DA:450,0
DA:451,0
DA:467,0
DA:468,0
DA:469,0
DA:470,0
DA:471,0
DA:472,0
DA:473,0
DA:477,0
DA:481,0
DA:482,0
DA:486,0
DA:487,0
DA:488,0
DA:490,0
DA:491,0
DA:501,0
DA:502,0
DA:504,0
DA:507,0
DA:508,0
DA:509,0
DA:512,0
DA:513,0
DA:514,0
DA:515,0
DA:516,0
DA:520,0
DA:524,0
DA:525,0
DA:526,0
DA:527,0
DA:531,0
DA:534,0
DA:535,0
DA:536,0
DA:539,0
DA:540,0
DA:554,0
DA:557,0
DA:558,0
DA:559,0
DA:561,0
DA:562,0
DA:565,0
DA:569,0
DA:570,0
DA:585,0
DA:586,0
DA:594,0
DA:595,0
DA:601,0
DA:602,0
DA:603,0
DA:604,0
DA:611,0
DA:612,0
DA:613,0
DA:614,0
DA:615,0
DA:618,0
DA:619,0
DA:625,0
DA:630,0
DA:631,0
DA:632,0
DA:633,0
DA:634,0
DA:640,0
DA:642,0
DA:643,0
DA:644,0
DA:645,0
DA:646,0
DA:649,0
DA:650,0
DA:656,0
DA:664,0
DA:670,0
DA:671,0
DA:672,0
DA:673,0
DA:678,0
DA:679,0
DA:680,0
DA:681,0
DA:682,0
DA:683,0
DA:684,0
DA:685,0
DA:686,0
DA:687,0
DA:691,0
DA:692,0
DA:693,0
DA:696,0
DA:697,0
DA:698,0
DA:699,0
DA:710,0
DA:711,0
DA:712,0
DA:713,0
DA:714,0
DA:715,0
DA:716,0
DA:717,0
DA:719,0
DA:720,0
DA:721,0
DA:722,0
DA:725,0
DA:726,0
DA:727,0
DA:730,0
DA:731,0
DA:732,0
DA:733,0
DA:734,0
DA:735,0
DA:736,0
DA:737,0
DA:738,0
DA:739,0
DA:740,0
DA:749,0
DA:750,0
DA:751,0
DA:756,0
DA:757,0
DA:758,0
DA:759,0
DA:760,0
DA:761,0
DA:762,0
DA:763,0
DA:764,0
DA:767,0
DA:778,0
DA:779,0
DA:781,0
DA:782,0
DA:784,0
DA:785,0
DA:786,0
DA:787,0
DA:788,0
DA:790,0
DA:791,0
DA:794,0
DA:805,0
DA:806,0
DA:812,0
DA:813,0
DA:814,0
DA:818,0
DA:823,0
DA:824,0
DA:826,0
DA:827,0
DA:828,0
DA:829,0
DA:830,0
DA:832,0
DA:833,0
DA:836,0
DA:843,0
DA:844,0
DA:845,0
DA:846,0
DA:847,0
DA:848,0
DA:849,0
DA:850,0
DA:851,0
DA:852,0
DA:853,0
DA:854,0
DA:857,0
DA:858,0
DA:859,0
DA:863,0
DA:864,0
DA:865,0
DA:868,0
DA:871,0
DA:872,0
DA:874,0
DA:875,0
DA:876,0
DA:877,0
DA:878,0
DA:881,0
DA:884,0
DA:885,0
DA:891,0
DA:899,0
DA:905,0
DA:915,0
DA:916,0
DA:917,0
DA:918,0
DA:919,0
DA:920,0
DA:921,0
DA:925,0
DA:929,0
DA:933,0
DA:934,0
DA:935,0
DA:936,0
DA:943,0
DA:952,0
DA:953,0
DA:954,0
DA:955,0
DA:956,0
DA:959,0
DA:961,0
DA:962,0
DA:963,0
DA:964,0
DA:965,0
DA:966,0
DA:968,0
DA:971,0
DA:972,0
DA:973,0
DA:974,0
DA:975,0
DA:976,0
DA:977,0
DA:978,0
DA:979,0
DA:980,0
DA:981,0
DA:982,0
DA:983,0
DA:985,0
DA:986,0
DA:987,0
DA:988,0
DA:990,0
DA:991,0
DA:992,0
DA:993,0
DA:995,0
DA:996,0
DA:999,0
DA:1000,0
DA:1001,0
DA:1002,0
DA:1003,0
DA:1004,0
DA:1005,0
DA:1006,0
DA:1007,0
DA:1008,0
DA:1009,0
DA:1010,0
DA:1011,0
DA:1013,0
DA:1014,0
DA:1015,0
DA:1017,0
DA:1018,0
DA:1019,0
DA:1021,0
DA:1022,0
DA:1028,0
DA:1029,0
DA:1030,0
DA:1031,0
DA:1032,0
DA:1033,0
DA:1039,0
DA:1040,0
DA:1041,0
DA:1042,0
DA:1043,0
DA:1044,0
DA:1045,0
DA:1046,0
DA:1047,0
DA:1048,0
DA:1049,0
DA:1050,0
DA:1051,0
DA:1052,0
DA:1053,0
DA:1054,0
DA:1055,0
DA:1056,0
DA:1057,0
DA:1058,0
DA:1059,0
DA:1060,0
DA:1061,0
LF:491
LH:0
BRDA:149,0,0,0
BRDA:149,0,1,0
BRDA:151,1,0,0
BRDA:151,1,1,0
BRDA:153,2,0,0
BRDA:153,2,1,0
BRDA:155,3,0,0
BRDA:155,3,1,0
BRDA:157,4,0,0
BRDA:157,4,1,0
BRDA:159,5,0,0
BRDA:159,5,1,0
BRDA:161,6,0,0
BRDA:161,6,1,0
BRDA:163,7,0,0
BRDA:163,7,1,0
BRDA:165,8,0,0
BRDA:165,8,1,0
BRDA:167,9,0,0
BRDA:167,9,1,0
BRDA:169,10,0,0
BRDA:169,10,1,0
BRDA:171,11,0,0
BRDA:171,11,1,0
BRDA:180,12,0,0
BRDA:180,12,1,0
BRDA:182,13,0,0
BRDA:182,13,1,0
BRDA:187,14,0,0
BRDA:187,14,1,0
BRDA:189,15,0,0
BRDA:189,15,1,0
BRDA:189,16,0,0
BRDA:189,16,1,0
BRDA:199,17,0,0
BRDA:199,17,1,0
BRDA:200,18,0,0
BRDA:200,18,1,0
BRDA:202,19,0,0
BRDA:202,19,1,0
BRDA:218,20,0,0
BRDA:218,20,1,0
BRDA:229,21,0,0
BRDA:229,21,1,0
BRDA:231,22,0,0
BRDA:231,22,1,0
BRDA:233,23,0,0
BRDA:233,23,1,0
BRDA:233,24,0,0
BRDA:233,24,1,0
BRDA:257,25,0,0
BRDA:257,25,1,0
BRDA:264,26,0,0
BRDA:264,26,1,0
BRDA:265,27,0,0
BRDA:265,27,1,0
BRDA:268,28,0,0
BRDA:268,28,1,0
BRDA:268,29,0,0
BRDA:268,29,1,0
BRDA:311,30,0,0
BRDA:311,30,1,0
BRDA:311,31,0,0
BRDA:311,31,1,0
BRDA:315,32,0,0
BRDA:315,32,1,0
BRDA:317,33,0,0
BRDA:317,33,1,0
BRDA:333,34,0,0
BRDA:333,34,1,0
BRDA:345,35,0,0
BRDA:345,35,1,0
BRDA:349,36,0,0
BRDA:349,36,1,0
BRDA:349,37,0,0
BRDA:349,37,1,0
BRDA:359,38,0,0
BRDA:359,38,1,0
BRDA:361,39,0,0
BRDA:361,39,1,0
BRDA:377,40,0,0
BRDA:377,40,1,0
BRDA:380,41,0,0
BRDA:380,41,1,0
BRDA:380,42,0,0
BRDA:380,42,1,0
BRDA:400,43,0,0
BRDA:400,43,1,0
BRDA:404,44,0,0
BRDA:404,44,1,0
BRDA:404,45,0,0
BRDA:404,45,1,0
BRDA:430,46,0,0
BRDA:430,46,1,0
BRDA:437,47,0,0
BRDA:437,47,1,0
BRDA:437,48,0,0
BRDA:437,48,1,0
BRDA:454,49,0,0
BRDA:454,49,1,0
BRDA:457,50,0,0
BRDA:457,50,1,0
BRDA:469,51,0,0
BRDA:469,51,1,0
BRDA:470,52,0,0
BRDA:470,52,1,0
BRDA:472,53,0,0
BRDA:472,53,1,0
BRDA:472,54,0,0
BRDA:472,54,1,0
BRDA:487,55,0,0
BRDA:487,55,1,0
BRDA:490,56,0,0
BRDA:490,56,1,0
BRDA:504,57,0,0
BRDA:504,57,1,0
BRDA:508,58,0,0
BRDA:508,58,1,0
BRDA:514,59,0,0
BRDA:514,59,1,0
BRDA:525,60,0,0
BRDA:525,60,1,0
BRDA:535,61,0,0
BRDA:535,61,1,0
BRDA:561,62,0,0
BRDA:561,62,1,0
BRDA:561,63,0,0
BRDA:561,63,1,0
BRDA:562,64,0,0
BRDA:562,64,1,0
BRDA:569,65,0,0
BRDA:569,65,1,0
BRDA:613,66,0,0
BRDA:613,66,1,0
BRDA:631,67,0,0
BRDA:631,67,1,0
BRDA:644,68,0,0
BRDA:644,68,1,0
BRDA:645,69,0,0
BRDA:645,69,1,0
BRDA:670,70,0,0
BRDA:670,70,1,0
BRDA:683,71,0,0
BRDA:683,71,1,0
BRDA:684,72,0,0
BRDA:684,72,1,0
BRDA:686,73,0,0
BRDA:686,73,1,0
BRDA:686,74,0,0
BRDA:686,74,1,0
BRDA:710,75,0,0
BRDA:710,75,1,0
BRDA:721,76,0,0
BRDA:721,76,1,0
BRDA:721,77,0,0
BRDA:721,77,1,0
BRDA:732,78,0,0
BRDA:732,78,1,0
BRDA:745,79,0,0
BRDA:745,79,1,0
BRDA:757,80,0,0
BRDA:757,80,1,0
BRDA:774,81,0,0
BRDA:774,81,1,0
BRDA:784,82,0,0
BRDA:784,82,1,0
BRDA:785,83,0,0
BRDA:785,83,1,0
BRDA:801,84,0,0
BRDA:801,84,1,0
BRDA:828,85,0,0
BRDA:828,85,1,0
BRDA:843,86,0,0
BRDA:843,86,1,0
BRDA:846,87,0,0
BRDA:846,87,1,0
BRDA:850,88,0,0
BRDA:850,88,1,0
BRDA:864,89,0,0
BRDA:864,89,1,0
BRDA:876,90,0,0
BRDA:876,90,1,0
BRDA:877,91,0,0
BRDA:877,91,1,0
BRDA:918,92,0,0
BRDA:918,92,1,0
BRDA:919,93,0,0
BRDA:919,93,1,0
BRDA:921,94,0,0
BRDA:921,94,1,0
BRDA:953,95,0,0
BRDA:953,95,1,0
BRDA:953,96,0,0
BRDA:953,96,1,0
BRDA:955,97,0,0
BRDA:955,97,1,0
BRDA:955,98,0,0
BRDA:955,98,1,0
BRDA:956,99,0,0
BRDA:956,99,1,0
BRDA:961,100,0,0
BRDA:961,100,1,0
BRDA:963,101,0,0
BRDA:963,101,1,0
BRDA:963,102,0,0
BRDA:963,102,1,0
BRDA:965,103,0,0
BRDA:965,103,1,0
BRDA:965,104,0,0
BRDA:965,104,1,0
BRDA:974,105,0,0
BRDA:974,105,1,0
BRDA:976,106,0,0
BRDA:976,106,1,0
BRDA:980,107,0,0
BRDA:980,107,1,0
BRDA:985,108,0,0
BRDA:985,108,1,0
BRDA:990,109,0,0
BRDA:990,109,1,0
BRDA:1006,110,0,0
BRDA:1006,110,1,0
BRDA:1009,111,0,0
BRDA:1009,111,1,0
BRDA:1013,112,0,0
BRDA:1013,112,1,0
BRDA:1017,113,0,0
BRDA:1017,113,1,0
BRDA:1031,114,0,0
BRDA:1031,114,1,0
BRDA:1034,115,0,0
BRDA:1034,115,1,0
BRDA:1035,116,0,0
BRDA:1035,116,1,0
BRDA:1036,117,0,0
BRDA:1036,117,1,0
BRDA:1037,118,0,0
BRDA:1037,118,1,0
BRDA:1039,119,0,0
BRDA:1039,119,1,0
BRDA:1041,120,0,0
BRDA:1041,120,1,0
BRDA:1043,121,0,0
BRDA:1043,121,1,0
BRDA:1046,122,0,0
BRDA:1046,122,1,0
BRDA:1049,123,0,0
BRDA:1049,123,1,0
BRDA:1052,124,0,0
BRDA:1052,124,1,0
BRDA:1055,125,0,0
BRDA:1055,125,1,0
BRDA:1057,126,0,0
BRDA:1057,126,1,0
BRDA:1059,127,0,0
BRDA:1059,127,1,0
BRF:256
BRH:0
end_of_record
TN:
SF:C:\Users\Chandan\Desktop\HANCOM\TEAM CODE\Updated Gitlab code\formcontrols\src\FormDesigner\components\atoms\FDControlTabs\index.vue
FN:91,(anonymous_1)
FN:99,(anonymous_2)
FN:112,(anonymous_3)
FN:118,(anonymous_4)
FN:125,(anonymous_5)
FN:133,(anonymous_6)
FN:149,(anonymous_7)
FN:175,(anonymous_8)
FN:49,(anonymous_9)
FN:58,(anonymous_10)
FN:67,(anonymous_11)
FNF:11
FNH:0
FNDA:0,(anonymous_1)
FNDA:0,(anonymous_2)
FNDA:0,(anonymous_3)
FNDA:0,(anonymous_4)
FNDA:0,(anonymous_5)
FNDA:0,(anonymous_6)
FNDA:0,(anonymous_7)
FNDA:0,(anonymous_8)
FNDA:0,(anonymous_9)
FNDA:0,(anonymous_10)
FNDA:0,(anonymous_11)
DA:43,0
DA:44,0
DA:50,0
DA:51,0
DA:53,0
DA:55,0
DA:56,0
DA:59,0
DA:60,0
DA:62,0
DA:64,0
DA:65,0
DA:68,0
DA:69,0
DA:71,0
DA:73,0
DA:74,0
DA:77,0
DA:78,0
DA:79,0
DA:80,0
DA:81,0
DA:82,0
DA:83,0
DA:84,0
DA:85,0
DA:86,0
DA:87,0
DA:88,0
DA:89,0
DA:92,0
DA:100,0
DA:101,0
DA:102,0
DA:104,0
DA:106,0
DA:107,0
DA:112,0
DA:113,0
DA:114,0
DA:118,0
DA:119,0
DA:125,0
DA:126,0
DA:134,0
DA:135,0
DA:136,0
DA:138,0
DA:141,0
DA:150,0
DA:151,0
DA:152,0
DA:153,0
DA:155,0
DA:158,0
DA:161,0
DA:162,0
DA:164,0
DA:176,0
DA:177,0
DA:187,0
LF:61
LH:0
BRDA:92,0,0,0
BRDA:92,0,1,0
BRDA:100,1,0,0
BRDA:100,1,1,0
BRDA:101,2,0,0
BRDA:101,2,1,0
BRDA:106,3,0,0
BRDA:106,3,1,0
BRDA:134,4,0,0
BRDA:134,4,1,0
BRDA:135,5,0,0
BRDA:135,5,1,0
BRDA:150,6,0,0
BRDA:150,6,1,0
BRDA:151,7,0,0
BRDA:151,7,1,0
BRDA:152,8,0,0
BRDA:152,8,1,0
BRDA:161,9,0,0
BRDA:161,9,1,0
BRDA:177,10,0,0
BRDA:177,10,1,0
BRDA:188,11,0,0
BRDA:188,11,1,0
BRDA:189,12,0,0
BRDA:189,12,1,0
BRDA:190,13,0,0
BRDA:190,13,1,0
BRDA:191,14,0,0
BRDA:191,14,1,0
BRDA:193,15,0,0
BRDA:193,15,1,0
BRDA:194,16,0,0
BRDA:194,16,1,0
BRDA:203,17,0,0
BRDA:203,17,1,0
BRDA:204,18,0,0
BRDA:204,18,1,0
BRDA:205,19,0,0
BRDA:205,19,1,0
BRDA:209,20,0,0
BRDA:209,20,1,0
BRDA:49,21,0,0
BRDA:50,22,0,0
BRDA:50,22,1,0
BRDA:58,23,0,0
BRDA:59,24,0,0
BRDA:59,24,1,0
BRDA:67,25,0,0
BRDA:68,26,0,0
BRDA:68,26,1,0
BRF:51
BRH:0
end_of_record
TN:
SF:C:\Users\Chandan\Desktop\HANCOM\TEAM CODE\Updated Gitlab code\formcontrols\src\FormDesigner\components\atoms\FDCustomDropDown\index.vue
FN:36,(anonymous_1)
FN:42,(anonymous_2)
FN:46,(anonymous_3)
FN:51,(anonymous_4)
FN:55,(anonymous_5)
FNF:5
FNH:0
FNDA:0,(anonymous_1)
FNDA:0,(anonymous_2)
FNDA:0,(anonymous_3)
FNDA:0,(anonymous_4)
FNDA:0,(anonymous_5)
DA:30,0
DA:36,0
DA:37,0
DA:38,0
DA:40,0
DA:43,0
DA:47,0
DA:48,0
DA:52,0
DA:55,0
DA:56,0
LF:11
LH:0
BRF:0
BRH:0
end_of_record
TN:
SF:C:\Users\Chandan\Desktop\HANCOM\TEAM CODE\Updated Gitlab code\formcontrols\src\FormDesigner\components\atoms\FDCustomInput\index.vue
FN:21,(anonymous_1)
FN:28,(anonymous_2)
FN:32,(anonymous_3)
FN:36,(anonymous_4)
FN:40,(anonymous_5)
FN:42,(anonymous_6)
FN:51,(anonymous_7)
FNF:7
FNH:0
FNDA:0,(anonymous_1)
FNDA:0,(anonymous_2)
FNDA:0,(anonymous_3)
FNDA:0,(anonymous_4)
FNDA:0,(anonymous_5)
FNDA:0,(anonymous_6)
FNDA:0,(anonymous_7)
DA:16,0
DA:21,0
DA:22,0
DA:24,0
DA:26,0
DA:29,0
DA:33,0
DA:37,0
DA:41,0
DA:42,0
DA:43,0
DA:44,0
DA:47,0
DA:51,0
DA:52,0
LF:15
LH:0
BRDA:43,0,0,0
BRDA:43,0,1,0
BRF:2
BRH:0
end_of_record
TN:
SF:C:\Users\Chandan\Desktop\HANCOM\TEAM CODE\Updated Gitlab code\formcontrols\src\FormDesigner\components\atoms\FDEditableText\index.vue
FN:25,(anonymous_1)
FN:29,(anonymous_2)
FN:30,(anonymous_3)
FN:38,(anonymous_4)
FN:48,(anonymous_5)
FNF:5
FNH:0
FNDA:0,(anonymous_1)
FNDA:0,(anonymous_2)
FNDA:0,(anonymous_3)
FNDA:0,(anonymous_4)
FNDA:0,(anonymous_5)
DA:14,0
DA:19,0
DA:20,0
DA:21,0
DA:23,0
DA:26,0
DA:30,0
DA:31,0
DA:39,0
DA:40,0
DA:41,0
DA:43,0
DA:44,0
DA:49,0
LF:14
LH:0
BRDA:31,0,0,0
BRDA:31,0,1,0
BRDA:40,1,0,0
BRDA:40,1,1,0
BRDA:43,2,0,0
BRDA:43,2,1,0
BRF:6
BRH:0
end_of_record
TN:
SF:C:\Users\Chandan\Desktop\HANCOM\TEAM CODE\Updated Gitlab code\formcontrols\src\FormDesigner\components\atoms\FDErrorPopup\index.vue
FN:54,(anonymous_1)
FN:60,(anonymous_2)
FN:66,(anonymous_3)
FN:67,(anonymous_4)
FN:77,(anonymous_5)
FNF:5
FNH:0
FNDA:0,(anonymous_1)
FNDA:0,(anonymous_2)
FNDA:0,(anonymous_3)
FNDA:0,(anonymous_4)
FNDA:0,(anonymous_5)
DA:49,0
DA:50,0
DA:54,0
DA:55,0
DA:56,0
DA:57,0
DA:58,0
DA:61,0
DA:67,0
DA:68,0
DA:69,0
DA:71,0
DA:73,0
DA:74,0
DA:78,0
LF:15
LH:0
BRDA:62,0,0,0
BRDA:62,0,1,0
BRDA:63,1,0,0
BRDA:63,1,1,0
BRDA:68,2,0,0
BRDA:68,2,1,0
BRF:6
BRH:0
end_of_record
TN:
SF:C:\Users\Chandan\Desktop\HANCOM\TEAM CODE\Updated Gitlab code\formcontrols\src\FormDesigner\components\atoms\FDFrame\index.vue
FN:50,(anonymous_2)
FN:60,(anonymous_3)
FN:67,(anonymous_4)
FN:77,(anonymous_5)
FN:82,(anonymous_6)
FN:87,(anonymous_7)
FN:96,(anonymous_8)
FN:113,(anonymous_9)
FN:138,(anonymous_10)
FN:214,(anonymous_11)
FN:229,(anonymous_12)
FN:231,(anonymous_13)
FN:233,(anonymous_14)
FN:237,(anonymous_15)
FN:243,(anonymous_16)
FN:260,(anonymous_17)
FN:264,(anonymous_18)
FN:46,(anonymous_19)
FNF:18
FNH:0
FNDA:0,(anonymous_2)
FNDA:0,(anonymous_3)
FNDA:0,(anonymous_4)
FNDA:0,(anonymous_5)
FNDA:0,(anonymous_6)
FNDA:0,(anonymous_7)
FNDA:0,(anonymous_8)
FNDA:0,(anonymous_9)
FNDA:0,(anonymous_10)
FNDA:0,(anonymous_11)
FNDA:0,(anonymous_12)
FNDA:0,(anonymous_13)
FNDA:0,(anonymous_14)
FNDA:0,(anonymous_15)
FNDA:0,(anonymous_16)
FNDA:0,(anonymous_17)
FNDA:0,(anonymous_18)
FNDA:0,(anonymous_19)
DA:35,0
DA:38,0
DA:39,0
DA:42,0
DA:46,0
DA:50,0
DA:51,0
DA:52,0
DA:53,0
DA:54,0
DA:61,0
DA:68,0
DA:69,0
DA:70,0
DA:78,0
DA:82,0
DA:83,0
DA:87,0
DA:88,0
DA:97,0
DA:98,0
DA:99,0
DA:100,0
DA:102,0
DA:103,0
DA:114,0
DA:115,0
DA:139,0
DA:140,0
DA:151,0
DA:152,0
DA:153,0
DA:155,0
DA:157,0
DA:215,0
DA:216,0
DA:230,0
DA:231,0
DA:234,0
DA:238,0
DA:239,0
DA:240,0
DA:244,0
DA:245,0
DA:246,0
DA:247,0
DA:248,0
DA:250,0
DA:261,0
DA:265,0
DA:266,0
DA:268,0
LF:52
LH:0
BRDA:99,0,0,0
BRDA:99,0,1,0
BRDA:102,1,0,0
BRDA:102,1,1,0
BRDA:119,2,0,0
BRDA:119,2,1,0
BRDA:120,3,0,0
BRDA:120,3,1,0
BRDA:123,4,0,0
BRDA:123,4,1,0
BRDA:126,5,0,0
BRDA:126,5,1,0
BRDA:140,6,0,0
BRDA:140,6,1,0
BRDA:152,7,0,0
BRDA:152,7,1,0
BRDA:153,8,0,0
BRDA:153,8,1,0
BRDA:164,9,0,0
BRDA:164,9,1,0
BRDA:167,10,0,0
BRDA:167,10,1,0
BRDA:169,11,0,0
BRDA:169,11,1,0
BRDA:170,12,0,0
BRDA:170,12,1,0
BRDA:177,13,0,0
BRDA:177,13,1,0
BRDA:181,14,0,0
BRDA:181,14,1,0
BRDA:182,15,0,0
BRDA:182,15,1,0
BRDA:188,16,0,0
BRDA:188,16,1,0
BRDA:191,17,0,0
BRDA:191,17,1,0
BRDA:194,18,0,0
BRDA:194,18,1,0
BRDA:196,19,0,0
BRDA:196,19,1,0
BRDA:219,20,0,0
BRDA:219,20,1,0
BRDA:247,21,0,0
BRDA:247,21,1,0
BRDA:265,22,0,0
BRDA:265,22,1,0
BRF:46
BRH:0
end_of_record
TN:
SF:C:\Users\Chandan\Desktop\HANCOM\TEAM CODE\Updated Gitlab code\formcontrols\src\FormDesigner\components\atoms\FDImage\index.vue
FN:36,(anonymous_2)
FN:41,(anonymous_3)
FN:50,(anonymous_4)
FN:54,(anonymous_5)
FN:75,(anonymous_6)
FNF:5
FNH:4
FNDA:2,(anonymous_2)
FNDA:1,(anonymous_3)
FNDA:3,(anonymous_4)
FNDA:0,(anonymous_5)
FNDA:5,(anonymous_6)
DA:12,1
DA:21,1
DA:27,1
DA:36,1
DA:37,2
DA:41,1
DA:42,1
DA:51,3
DA:52,3
DA:53,2
DA:54,2
DA:55,0
DA:59,0
DA:64,2
DA:66,1
DA:76,5
DA:77,5
LF:17
LH:15
BRDA:52,0,0,2
BRDA:52,0,1,1
BRDA:52,1,0,3
BRDA:52,1,1,2
BRDA:83,2,0,4
BRDA:83,2,1,1
BRDA:88,3,0,1
BRDA:88,3,1,4
BRDA:89,4,0,5
BRDA:89,4,1,10
BRDA:94,5,0,4
BRDA:94,5,1,1
BRDA:96,6,0,4
BRDA:96,6,1,1
BRDA:97,7,0,4
BRDA:97,7,1,1
BRF:16
BRH:16
end_of_record
TN:
SF:C:\Users\Chandan\Desktop\HANCOM\TEAM CODE\Updated Gitlab code\formcontrols\src\FormDesigner\components\atoms\FDLabel\index.vue
FN:48,(anonymous_2)
FN:121,(anonymous_3)
FN:135,(anonymous_4)
FN:145,(anonymous_5)
FN:147,(anonymous_6)
FNF:5
FNH:0
FNDA:0,(anonymous_2)
FNDA:0,(anonymous_3)
FNDA:0,(anonymous_4)
FNDA:0,(anonymous_5)
FNDA:0,(anonymous_6)
DA:30,0
DA:31,0
DA:32,0
DA:40,0
DA:49,0
DA:50,0
DA:60,0
DA:61,0
DA:62,0
DA:64,0
DA:66,0
DA:122,0
DA:123,0
DA:135,0
DA:137,0
DA:146,0
DA:147,0
DA:148,0
DA:152,0
DA:158,0
LF:20
LH:0
BRDA:50,0,0,0
BRDA:50,0,1,0
BRDA:61,1,0,0
BRDA:61,1,1,0
BRDA:62,2,0,0
BRDA:62,2,1,0
BRDA:66,3,0,0
BRDA:66,3,1,0
BRDA:73,4,0,0
BRDA:73,4,1,0
BRDA:75,5,0,0
BRDA:75,5,1,0
BRDA:82,6,0,0
BRDA:82,6,1,0
BRDA:83,7,0,0
BRDA:83,7,1,0
BRDA:84,8,0,0
BRDA:84,8,1,0
BRDA:85,9,0,0
BRDA:85,9,1,0
BRDA:87,10,0,0
BRDA:87,10,1,0
BRDA:92,11,0,0
BRDA:92,11,1,0
BRDA:94,12,0,0
BRDA:94,12,1,0
BRDA:95,13,0,0
BRDA:95,13,1,0
BRDA:104,14,0,0
BRDA:104,14,1,0
BRDA:105,15,0,0
BRDA:105,15,1,0
BRDA:146,16,0,0
BRDA:146,16,1,0
BRF:34
BRH:0
end_of_record
TN:
SF:C:\Users\Chandan\Desktop\HANCOM\TEAM CODE\Updated Gitlab code\formcontrols\src\FormDesigner\components\atoms\FDLabelSample\index.vue
FN:25,(anonymous_2)
FNF:1
FNH:0
FNDA:0,(anonymous_2)
DA:18,0
DA:19,0
DA:24,0
DA:26,0
DA:27,0
DA:31,0
LF:6
LH:0
BRDA:27,0,0,0
BRDA:27,0,1,0
BRDA:31,1,0,0
BRDA:31,1,1,0
BRDA:35,2,0,0
BRDA:35,2,1,0
BRDA:37,3,0,0
BRDA:37,3,1,0
BRDA:38,4,0,0
BRDA:38,4,1,0
BRDA:39,5,0,0
BRDA:39,5,1,0
BRDA:40,6,0,0
BRDA:40,6,1,0
BRDA:41,7,0,0
BRDA:41,7,1,0
BRDA:42,8,0,0
BRDA:42,8,1,0
BRDA:44,9,0,0
BRDA:44,9,1,0
BRDA:46,10,0,0
BRDA:46,10,1,0
BRDA:47,11,0,0
BRDA:47,11,1,0
BRF:24
BRH:0
end_of_record
TN:
SF:C:\Users\Chandan\Desktop\HANCOM\TEAM CODE\Updated Gitlab code\formcontrols\src\FormDesigner\components\atoms\FDListBox\index.vue
FN:87,(anonymous_2)
FN:92,(anonymous_3)
FN:101,(anonymous_4)
FN:133,(anonymous_5)
FN:177,(anonymous_6)
FN:196,(anonymous_7)
FN:223,(anonymous_8)
FN:242,(anonymous_9)
FN:255,(anonymous_10)
FN:260,(anonymous_11)
FN:266,(anonymous_12)
FNF:11
FNH:0
FNDA:0,(anonymous_2)
FNDA:0,(anonymous_3)
FNDA:0,(anonymous_4)
FNDA:0,(anonymous_5)
FNDA:0,(anonymous_6)
FNDA:0,(anonymous_7)
FNDA:0,(anonymous_8)
FNDA:0,(anonymous_9)
FNDA:0,(anonymous_10)
FNDA:0,(anonymous_11)
FNDA:0,(anonymous_12)
DA:73,0
DA:82,0
DA:87,0
DA:88,0
DA:90,0
DA:93,0
DA:102,0
DA:103,0
DA:104,0
DA:105,0
DA:107,0
DA:109,0
DA:134,0
DA:135,0
DA:145,0
DA:178,0
DA:179,0
DA:196,0
DA:197,0
DA:201,0
DA:202,0
DA:203,0
DA:204,0
DA:205,0
DA:206,0
DA:207,0
DA:210,0
DA:211,0
DA:213,0
DA:216,0
DA:224,0
DA:225,0
DA:226,0
DA:227,0
DA:228,0
DA:229,0
DA:231,0
DA:242,0
DA:243,0
DA:244,0
DA:255,0
DA:256,0
DA:260,0
DA:261,0
DA:262,0
DA:267,0
DA:268,0
DA:269,0
LF:48
LH:0
BRDA:104,0,0,0
BRDA:104,0,1,0
BRDA:105,1,0,0
BRDA:105,1,1,0
BRDA:112,2,0,0
BRDA:112,2,1,0
BRDA:115,3,0,0
BRDA:115,3,1,0
BRDA:119,4,0,0
BRDA:119,4,1,0
BRDA:135,5,0,0
BRDA:135,5,1,0
BRDA:149,6,0,0
BRDA:149,6,1,0
BRDA:151,7,0,0
BRDA:151,7,1,0
BRDA:152,8,0,0
BRDA:152,8,1,0
BRDA:161,9,0,0
BRDA:161,9,1,0
BRDA:162,10,0,0
BRDA:162,10,1,0
BRDA:163,11,0,0
BRDA:163,11,1,0
BRDA:180,12,0,0
BRDA:180,12,1,0
BRDA:197,13,0,0
BRDA:197,13,1,0
BRDA:197,14,0,0
BRDA:197,14,1,0
BRDA:204,15,0,0
BRDA:204,15,1,0
BRDA:210,16,0,0
BRDA:210,16,1,0
BRDA:228,17,0,0
BRDA:228,17,1,0
BRDA:228,18,0,0
BRDA:228,18,1,0
BRDA:243,19,0,0
BRDA:243,19,1,0
BRDA:261,20,0,0
BRDA:261,20,1,0
BRF:42
BRH:0
end_of_record
TN:
SF:C:\Users\Chandan\Desktop\HANCOM\TEAM CODE\Updated Gitlab code\formcontrols\src\FormDesigner\components\atoms\FDMultiPage\index.vue
FN:134,(anonymous_2)
FN:155,(anonymous_3)
FN:159,(anonymous_4)
FN:167,(anonymous_5)
FN:177,(anonymous_6)
FN:200,(anonymous_7)
FN:214,(anonymous_8)
FN:252,(anonymous_9)
FN:282,(anonymous_10)
FN:336,(anonymous_11)
FN:354,(anonymous_12)
FN:371,(anonymous_13)
FN:390,(anonymous_14)
FN:401,(anonymous_15)
FN:416,(anonymous_16)
FN:437,(anonymous_17)
FN:495,(anonymous_18)
FN:516,(anonymous_19)
FN:529,(anonymous_20)
FN:546,(anonymous_21)
FN:561,(anonymous_22)
FN:589,(anonymous_23)
FN:600,(anonymous_24)
FN:604,(anonymous_25)
FN:610,(anonymous_26)
FN:625,(anonymous_27)
FN:629,(anonymous_28)
FN:637,(anonymous_29)
FN:655,(anonymous_30)
FN:659,(anonymous_31)
FN:661,(anonymous_32)
FN:664,(anonymous_33)
FN:673,(anonymous_34)
FN:681,(anonymous_35)
FN:683,(anonymous_36)
FN:693,(anonymous_37)
FN:135,(anonymous_38)
FN:130,(anonymous_39)
FNF:38
FNH:0
FNDA:0,(anonymous_2)
FNDA:0,(anonymous_3)
FNDA:0,(anonymous_4)
FNDA:0,(anonymous_5)
FNDA:0,(anonymous_6)
FNDA:0,(anonymous_7)
FNDA:0,(anonymous_8)
FNDA:0,(anonymous_9)
FNDA:0,(anonymous_10)
FNDA:0,(anonymous_11)
FNDA:0,(anonymous_12)
FNDA:0,(anonymous_13)
FNDA:0,(anonymous_14)
FNDA:0,(anonymous_15)
FNDA:0,(anonymous_16)
FNDA:0,(anonymous_17)
FNDA:0,(anonymous_18)
FNDA:0,(anonymous_19)
FNDA:0,(anonymous_20)
FNDA:0,(anonymous_21)
FNDA:0,(anonymous_22)
FNDA:0,(anonymous_23)
FNDA:0,(anonymous_24)
FNDA:0,(anonymous_25)
FNDA:0,(anonymous_26)
FNDA:0,(anonymous_27)
FNDA:0,(anonymous_28)
FNDA:0,(anonymous_29)
FNDA:0,(anonymous_30)
FNDA:0,(anonymous_31)
FNDA:0,(anonymous_32)
FNDA:0,(anonymous_33)
FNDA:0,(anonymous_34)
FNDA:0,(anonymous_35)
FNDA:0,(anonymous_36)
FNDA:0,(anonymous_37)
FNDA:0,(anonymous_38)
FNDA:0,(anonymous_39)
DA:109,0
DA:111,0
DA:112,0
DA:113,0
DA:114,0
DA:115,0
DA:116,0
DA:121,0
DA:123,0
DA:130,0
DA:134,0
DA:135,0
DA:136,0
DA:137,0
DA:138,0
DA:139,0
DA:140,0
DA:141,0
DA:142,0
DA:144,0
DA:145,0
DA:146,0
DA:147,0
DA:148,0
DA:149,0
DA:150,0
DA:151,0
DA:152,0
DA:153,0
DA:154,0
DA:156,0
DA:160,0
DA:168,0
DA:178,0
DA:179,0
DA:180,0
DA:181,0
DA:183,0
DA:185,0
DA:201,0
DA:202,0
DA:215,0
DA:216,0
DA:217,0
DA:218,0
DA:219,0
DA:220,0
DA:221,0
DA:223,0
DA:253,0
DA:254,0
DA:257,0
DA:283,0
DA:284,0
DA:289,0
DA:294,0
DA:337,0
DA:338,0
DA:339,0
DA:340,0
DA:355,0
DA:356,0
DA:360,0
DA:362,0
DA:372,0
DA:373,0
DA:374,0
DA:378,0
DA:380,0
DA:381,0
DA:391,0
DA:392,0
DA:393,0
DA:402,0
DA:403,0
DA:417,0
DA:418,0
DA:419,0
DA:420,0
DA:421,0
DA:427,0
DA:438,0
DA:439,0
DA:496,0
DA:497,0
DA:498,0
DA:499,0
DA:500,0
DA:506,0
DA:517,0
DA:518,0
DA:519,0
DA:521,0
DA:530,0
DA:531,0
DA:533,0
DA:534,0
DA:536,0
DA:547,0
DA:548,0
DA:550,0
DA:561,0
DA:562,0
DA:563,0
DA:564,0
DA:565,0
DA:566,0
DA:567,0
DA:568,0
DA:569,0
DA:570,0
DA:572,0
DA:573,0
DA:574,0
DA:575,0
DA:578,0
DA:589,0
DA:590,0
DA:600,0
DA:601,0
DA:605,0
DA:606,0
DA:607,0
DA:608,0
DA:609,0
DA:610,0
DA:611,0
DA:612,0
DA:613,0
DA:614,0
DA:616,0
DA:617,0
DA:620,0
DA:621,0
DA:626,0
DA:627,0
DA:630,0
DA:631,0
DA:632,0
DA:633,0
DA:638,0
DA:639,0
DA:640,0
DA:641,0
DA:642,0
DA:647,0
DA:649,0
DA:656,0
DA:657,0
DA:658,0
DA:659,0
DA:662,0
DA:665,0
DA:674,0
DA:675,0
DA:676,0
DA:677,0
DA:678,0
DA:679,0
DA:680,0
DA:681,0
DA:682,0
DA:683,0
DA:685,0
DA:686,0
DA:688,0
DA:690,0
DA:694,0
DA:695,0
DA:697,0
LF:170
LH:0
BRDA:180,0,0,0
BRDA:180,0,1,0
BRDA:181,1,0,0
BRDA:181,1,1,0
BRDA:218,2,0,0
BRDA:218,2,1,0
BRDA:220,3,0,0
BRDA:220,3,1,0
BRDA:224,4,0,0
BRDA:224,4,1,0
BRDA:229,5,0,0
BRDA:229,5,1,0
BRDA:230,6,0,0
BRDA:230,6,1,0
BRDA:231,7,0,0
BRDA:231,7,1,0
BRDA:232,8,0,0
BRDA:232,8,1,0
BRDA:233,9,0,0
BRDA:233,9,1,0
BRDA:237,10,0,0
BRDA:237,10,1,0
BRDA:241,11,0,0
BRDA:241,11,1,0
BRDA:253,12,0,0
BRDA:253,12,1,0
BRDA:254,13,0,0
BRDA:254,13,1,0
BRDA:263,14,0,0
BRDA:263,14,1,0
BRDA:268,15,0,0
BRDA:268,15,1,0
BRDA:284,16,0,0
BRDA:284,16,1,0
BRDA:289,17,0,0
BRDA:289,17,1,0
BRDA:297,18,0,0
BRDA:297,18,1,0
BRDA:303,19,0,0
BRDA:303,19,1,0
BRDA:307,20,0,0
BRDA:307,20,1,0
BRDA:321,21,0,0
BRDA:321,21,1,0
BRDA:356,22,0,0
BRDA:356,22,1,0
BRDA:356,23,0,0
BRDA:356,23,1,0
BRDA:374,24,0,0
BRDA:374,24,1,0
BRDA:374,25,0,0
BRDA:374,25,1,0
BRDA:404,26,0,0
BRDA:404,26,1,0
BRDA:417,27,0,0
BRDA:417,27,1,0
BRDA:441,28,0,0
BRDA:441,28,1,0
BRDA:449,29,0,0
BRDA:449,29,1,0
BRDA:456,30,0,0
BRDA:456,30,1,0
BRDA:465,31,0,0
BRDA:465,31,1,0
BRDA:472,32,0,0
BRDA:472,32,1,0
BRDA:481,33,0,0
BRDA:481,33,1,0
BRDA:482,34,0,0
BRDA:482,34,1,0
BRDA:496,35,0,0
BRDA:496,35,1,0
BRDA:517,36,0,0
BRDA:517,36,1,0
BRDA:530,37,0,0
BRDA:530,37,1,0
BRDA:547,38,0,0
BRDA:547,38,1,0
BRDA:562,39,0,0
BRDA:562,39,1,0
BRDA:565,40,0,0
BRDA:565,40,1,0
BRDA:566,41,0,0
BRDA:566,41,1,0
BRDA:569,42,0,0
BRDA:569,42,1,0
BRDA:572,43,0,0
BRDA:572,43,1,0
BRDA:606,44,0,0
BRDA:606,44,1,0
BRDA:613,45,0,0
BRDA:613,45,1,0
BRDA:616,46,0,0
BRDA:616,46,1,0
BRDA:631,47,0,0
BRDA:631,47,1,0
BRDA:631,48,0,0
BRDA:631,48,1,0
BRDA:631,48,2,0
BRDA:641,49,0,0
BRDA:641,49,1,0
BRDA:647,50,0,0
BRDA:647,50,1,0
BRDA:679,51,0,0
BRDA:679,51,1,0
BRDA:682,52,0,0
BRDA:682,52,1,0
BRDA:685,53,0,0
BRDA:685,53,1,0
BRDA:685,54,0,0
BRDA:685,54,1,0
BRDA:694,55,0,0
BRDA:694,55,1,0
BRF:113
BRH:0
end_of_record
TN:
SF:C:\Users\Chandan\Desktop\HANCOM\TEAM CODE\Updated Gitlab code\formcontrols\src\FormDesigner\components\atoms\FDOptionButton\index.vue
FN:70,(anonymous_2)
FN:84,(anonymous_3)
FN:118,(anonymous_4)
FN:131,(anonymous_5)
FN:143,(anonymous_6)
FN:160,(anonymous_7)
FN:231,(anonymous_8)
FN:244,(anonymous_9)
FN:258,(anonymous_10)
FN:280,(anonymous_11)
FN:297,(anonymous_12)
FN:299,(anonymous_13)
FN:324,(anonymous_14)
FNF:13
FNH:0
FNDA:0,(anonymous_2)
FNDA:0,(anonymous_3)
FNDA:0,(anonymous_4)
FNDA:0,(anonymous_5)
FNDA:0,(anonymous_6)
FNDA:0,(anonymous_7)
FNDA:0,(anonymous_8)
FNDA:0,(anonymous_9)
FNDA:0,(anonymous_10)
FNDA:0,(anonymous_11)
FNDA:0,(anonymous_12)
FNDA:0,(anonymous_13)
FNDA:0,(anonymous_14)
DA:51,0
DA:52,0
DA:53,0
DA:61,0
DA:62,0
DA:63,0
DA:64,0
DA:71,0
DA:72,0
DA:73,0
DA:84,0
DA:85,0
DA:86,0
DA:87,0
DA:88,0
DA:89,0
DA:90,0
DA:91,0
DA:92,0
DA:94,0
DA:95,0
DA:97,0
DA:98,0
DA:99,0
DA:100,0
DA:101,0
DA:102,0
DA:104,0
DA:105,0
DA:118,0
DA:119,0
DA:120,0
DA:122,0
DA:132,0
DA:133,0
DA:135,0
DA:144,0
DA:145,0
DA:146,0
DA:147,0
DA:161,0
DA:162,0
DA:172,0
DA:173,0
DA:174,0
DA:176,0
DA:178,0
DA:232,0
DA:233,0
DA:245,0
DA:246,0
DA:259,0
DA:260,0
DA:281,0
DA:282,0
DA:297,0
DA:298,0
DA:299,0
DA:300,0
DA:301,0
DA:303,0
DA:306,0
DA:310,0
DA:316,0
DA:325,0
LF:65
LH:0
BRDA:71,0,0,0
BRDA:71,0,1,0
BRDA:85,1,0,0
BRDA:85,1,1,0
BRDA:85,2,0,0
BRDA:85,2,1,0
BRDA:86,3,0,0
BRDA:86,3,1,0
BRDA:89,4,0,0
BRDA:89,4,1,0
BRDA:90,5,0,0
BRDA:90,5,1,0
BRDA:97,6,0,0
BRDA:97,6,1,0
BRDA:100,7,0,0
BRDA:100,7,1,0
BRDA:119,8,0,0
BRDA:119,8,1,0
BRDA:132,9,0,0
BRDA:132,9,1,0
BRDA:133,10,0,0
BRDA:133,10,1,0
BRDA:144,11,0,0
BRDA:144,11,1,0
BRDA:162,12,0,0
BRDA:162,12,1,0
BRDA:173,13,0,0
BRDA:173,13,1,0
BRDA:174,14,0,0
BRDA:174,14,1,0
BRDA:185,15,0,0
BRDA:185,15,1,0
BRDA:188,16,0,0
BRDA:188,16,1,0
BRDA:189,17,0,0
BRDA:189,17,1,0
BRDA:190,18,0,0
BRDA:190,18,1,0
BRDA:192,19,0,0
BRDA:192,19,1,0
BRDA:196,20,0,0
BRDA:196,20,1,0
BRDA:198,21,0,0
BRDA:198,21,1,0
BRDA:199,22,0,0
BRDA:199,22,1,0
BRDA:207,23,0,0
BRDA:207,23,1,0
BRDA:212,24,0,0
BRDA:212,24,1,0
BRDA:214,25,0,0
BRDA:214,25,1,0
BRDA:219,26,0,0
BRDA:219,26,1,0
BRDA:247,27,0,0
BRDA:247,27,1,0
BRDA:264,28,0,0
BRDA:264,28,1,0
BRDA:298,29,0,0
BRDA:298,29,1,0
BRF:60
BRH:0
end_of_record
TN:
SF:C:\Users\Chandan\Desktop\HANCOM\TEAM CODE\Updated Gitlab code\formcontrols\src\FormDesigner\components\atoms\FDSVGImage\index.vue
FNF:0
FNH:0
DA:10,0
DA:15,0
DA:16,0
LF:3
LH:0
BRF:0
BRH:0
end_of_record
TN:
SF:C:\Users\Chandan\Desktop\HANCOM\TEAM CODE\Updated Gitlab code\formcontrols\src\FormDesigner\components\atoms\FDSample\index.vue
FN:65,(anonymous_1)
FN:75,(anonymous_2)
FN:83,(anonymous_3)
FNF:3
FNH:0
FNDA:0,(anonymous_1)
FNDA:0,(anonymous_2)
FNDA:0,(anonymous_3)
DA:29,0
DA:32,0
DA:37,0
DA:41,0
DA:45,0
DA:49,0
DA:53,0
DA:58,0
DA:65,0
DA:66,0
DA:75,0
DA:76,0
DA:84,0
DA:85,0
LF:14
LH:0
BRDA:85,0,0,0
BRDA:85,0,1,0
BRF:2
BRH:0
end_of_record
TN:
SF:C:\Users\Chandan\Desktop\HANCOM\TEAM CODE\Updated Gitlab code\formcontrols\src\FormDesigner\components\atoms\FDScrollBar\index.vue
FN:116,(anonymous_2)
FN:126,(anonymous_3)
FN:148,(anonymous_4)
FN:149,(anonymous_5)
FN:159,(anonymous_6)
FN:172,(anonymous_7)
FN:173,(anonymous_8)
FN:184,(anonymous_9)
FN:203,(anonymous_10)
FN:235,(anonymous_11)
FN:261,(anonymous_12)
FN:292,(anonymous_13)
FNF:12
FNH:0
FNDA:0,(anonymous_2)
FNDA:0,(anonymous_3)
FNDA:0,(anonymous_4)
FNDA:0,(anonymous_5)
FNDA:0,(anonymous_6)
FNDA:0,(anonymous_7)
FNDA:0,(anonymous_8)
FNDA:0,(anonymous_9)
FNDA:0,(anonymous_10)
FNDA:0,(anonymous_11)
FNDA:0,(anonymous_12)
FNDA:0,(anonymous_13)
DA:105,0
DA:106,0
DA:107,0
DA:108,0
DA:116,0
DA:117,0
DA:118,0
DA:119,0
DA:127,0
DA:128,0
DA:129,0
DA:130,0
DA:131,0
DA:132,0
DA:133,0
DA:134,0
DA:136,0
DA:138,0
DA:139,0
DA:140,0
DA:142,0
DA:145,0
DA:149,0
DA:150,0
DA:151,0
DA:152,0
DA:153,0
DA:160,0
DA:161,0
DA:163,0
DA:172,0
DA:173,0
DA:174,0
DA:185,0
DA:186,0
DA:204,0
DA:205,0
DA:206,0
DA:207,0
DA:209,0
DA:211,0
DA:236,0
DA:237,0
DA:262,0
DA:263,0
DA:293,0
LF:46
LH:0
BRDA:129,0,0,0
BRDA:129,0,1,0
BRDA:131,1,0,0
BRDA:131,1,1,0
BRDA:132,2,0,0
BRDA:132,2,1,0
BRDA:138,3,0,0
BRDA:138,3,1,0
BRDA:150,4,0,0
BRDA:150,4,1,0
BRDA:152,5,0,0
BRDA:152,5,1,0
BRDA:152,6,0,0
BRDA:152,6,1,0
BRDA:160,7,0,0
BRDA:160,7,1,0
BRDA:160,8,0,0
BRDA:160,8,1,0
BRDA:187,9,0,0
BRDA:187,9,1,0
BRDA:190,10,0,0
BRDA:190,10,1,0
BRDA:206,11,0,0
BRDA:206,11,1,0
BRDA:207,12,0,0
BRDA:207,12,1,0
BRDA:214,13,0,0
BRDA:214,13,1,0
BRDA:218,14,0,0
BRDA:218,14,1,0
BRDA:221,15,0,0
BRDA:221,15,1,0
BRDA:240,16,0,0
BRDA:240,16,1,0
BRDA:245,17,0,0
BRDA:245,17,1,0
BRDA:246,18,0,0
BRDA:246,18,1,0
BRDA:247,19,0,0
BRDA:247,19,1,0
BRDA:248,20,0,0
BRDA:248,20,1,0
BRDA:249,21,0,0
BRDA:249,21,1,0
BRDA:264,22,0,0
BRDA:264,22,1,0
BRDA:273,23,0,0
BRDA:273,23,1,0
BRF:48
BRH:0
end_of_record
TN:
SF:C:\Users\Chandan\Desktop\HANCOM\TEAM CODE\Updated Gitlab code\formcontrols\src\FormDesigner\components\atoms\FDSpinButton\index.vue
FN:97,(anonymous_2)
FN:107,(anonymous_3)
FN:121,(anonymous_4)
FN:136,(anonymous_5)
FN:151,(anonymous_6)
FN:175,(anonymous_7)
FN:208,(anonymous_8)
FN:209,(anonymous_9)
FN:220,(anonymous_10)
FN:242,(anonymous_11)
FN:250,(anonymous_12)
FNF:11
FNH:0
FNDA:0,(anonymous_2)
FNDA:0,(anonymous_3)
FNDA:0,(anonymous_4)
FNDA:0,(anonymous_5)
FNDA:0,(anonymous_6)
FNDA:0,(anonymous_7)
FNDA:0,(anonymous_8)
FNDA:0,(anonymous_9)
FNDA:0,(anonymous_10)
FNDA:0,(anonymous_11)
FNDA:0,(anonymous_12)
DA:81,0
DA:82,0
DA:83,0
DA:84,0
DA:97,0
DA:98,0
DA:99,0
DA:100,0
DA:101,0
DA:108,0
DA:109,0
DA:111,0
DA:122,0
DA:123,0
DA:137,0
DA:138,0
DA:152,0
DA:153,0
DA:176,0
DA:177,0
DA:208,0
DA:209,0
DA:210,0
DA:220,0
DA:221,0
DA:222,0
DA:223,0
DA:224,0
DA:226,0
DA:227,0
DA:228,0
DA:230,0
DA:243,0
DA:251,0
LF:34
LH:0
BRDA:108,0,0,0
BRDA:108,0,1,0
BRDA:108,1,0,0
BRDA:108,1,1,0
BRDA:160,2,0,0
BRDA:160,2,1,0
BRDA:181,3,0,0
BRDA:181,3,1,0
BRDA:185,4,0,0
BRDA:185,4,1,0
BRDA:191,5,0,0
BRDA:191,5,1,0
BRDA:196,6,0,0
BRDA:196,6,1,0
BRDA:221,7,0,0
BRDA:221,7,1,0
BRDA:223,8,0,0
BRDA:223,8,1,0
BRDA:227,9,0,0
BRDA:227,9,1,0
BRF:20
BRH:0
end_of_record
TN:
SF:C:\Users\Chandan\Desktop\HANCOM\TEAM CODE\Updated Gitlab code\formcontrols\src\FormDesigner\components\atoms\FDTabStrip\index.vue
FN:73,(anonymous_2)
FN:94,(anonymous_3)
FN:98,(anonymous_4)
FN:113,(anonymous_5)
FN:124,(anonymous_6)
FN:135,(anonymous_7)
FN:149,(anonymous_8)
FN:165,(anonymous_9)
FN:176,(anonymous_10)
FN:203,(anonymous_11)
FN:232,(anonymous_12)
FN:259,(anonymous_13)
FN:278,(anonymous_14)
FN:298,(anonymous_15)
FN:330,(anonymous_16)
FN:348,(anonymous_17)
FN:370,(anonymous_18)
FN:382,(anonymous_19)
FN:393,(anonymous_20)
FN:397,(anonymous_21)
FN:403,(anonymous_22)
FN:419,(anonymous_23)
FN:423,(anonymous_24)
FN:74,(anonymous_25)
FNF:24
FNH:0
FNDA:0,(anonymous_2)
FNDA:0,(anonymous_3)
FNDA:0,(anonymous_4)
FNDA:0,(anonymous_5)
FNDA:0,(anonymous_6)
FNDA:0,(anonymous_7)
FNDA:0,(anonymous_8)
FNDA:0,(anonymous_9)
FNDA:0,(anonymous_10)
FNDA:0,(anonymous_11)
FNDA:0,(anonymous_12)
FNDA:0,(anonymous_13)
FNDA:0,(anonymous_14)
FNDA:0,(anonymous_15)
FNDA:0,(anonymous_16)
FNDA:0,(anonymous_17)
FNDA:0,(anonymous_18)
FNDA:0,(anonymous_19)
FNDA:0,(anonymous_20)
FNDA:0,(anonymous_21)
FNDA:0,(anonymous_22)
FNDA:0,(anonymous_23)
FNDA:0,(anonymous_24)
FNDA:0,(anonymous_25)
DA:57,0
DA:58,0
DA:59,0
DA:60,0
DA:61,0
DA:63,0
DA:64,0
DA:73,0
DA:74,0
DA:75,0
DA:76,0
DA:77,0
DA:78,0
DA:79,0
DA:81,0
DA:82,0
DA:83,0
DA:84,0
DA:85,0
DA:88,0
DA:89,0
DA:90,0
DA:91,0
DA:92,0
DA:95,0
DA:99,0
DA:100,0
DA:101,0
DA:102,0
DA:105,0
DA:106,0
DA:108,0
DA:109,0
DA:110,0
DA:111,0
DA:112,0
DA:113,0
DA:115,0
DA:125,0
DA:126,0
DA:127,0
DA:136,0
DA:137,0
DA:138,0
DA:140,0
DA:150,0
DA:151,0
DA:152,0
DA:153,0
DA:155,0
DA:156,0
DA:166,0
DA:167,0
DA:177,0
DA:178,0
DA:179,0
DA:180,0
DA:182,0
DA:184,0
DA:204,0
DA:205,0
DA:206,0
DA:207,0
DA:208,0
DA:209,0
DA:210,0
DA:212,0
DA:233,0
DA:234,0
DA:235,0
DA:237,0
DA:260,0
DA:261,0
DA:279,0
DA:280,0
DA:299,0
DA:300,0
DA:331,0
DA:332,0
DA:335,0
DA:337,0
DA:348,0
DA:349,0
DA:350,0
DA:351,0
DA:352,0
DA:353,0
DA:354,0
DA:355,0
DA:356,0
DA:357,0
DA:358,0
DA:359,0
DA:360,0
DA:361,0
DA:364,0
DA:367,0
DA:371,0
DA:372,0
DA:373,0
DA:382,0
DA:383,0
DA:393,0
DA:394,0
DA:398,0
DA:399,0
DA:400,0
DA:401,0
DA:402,0
DA:403,0
DA:404,0
DA:405,0
DA:406,0
DA:407,0
DA:409,0
DA:410,0
DA:413,0
DA:414,0
DA:419,0
DA:420,0
DA:424,0
LF:121
LH:0
BRDA:99,0,0,0
BRDA:99,0,1,0
BRDA:100,1,0,0
BRDA:100,1,1,0
BRDA:137,2,0,0
BRDA:137,2,1,0
BRDA:137,3,0,0
BRDA:137,3,1,0
BRDA:152,4,0,0
BRDA:152,4,1,0
BRDA:152,5,0,0
BRDA:152,5,1,0
BRDA:179,6,0,0
BRDA:179,6,1,0
BRDA:180,7,0,0
BRDA:180,7,1,0
BRDA:189,8,0,0
BRDA:189,8,1,0
BRDA:207,9,0,0
BRDA:207,9,1,0
BRDA:209,10,0,0
BRDA:209,10,1,0
BRDA:214,11,0,0
BRDA:214,11,1,0
BRDA:215,12,0,0
BRDA:215,12,1,0
BRDA:216,13,0,0
BRDA:216,13,1,0
BRDA:217,14,0,0
BRDA:217,14,1,0
BRDA:218,15,0,0
BRDA:218,15,1,0
BRDA:219,16,0,0
BRDA:219,16,1,0
BRDA:220,17,0,0
BRDA:220,17,1,0
BRDA:221,18,0,0
BRDA:221,18,1,0
BRDA:234,19,0,0
BRDA:234,19,1,0
BRDA:235,20,0,0
BRDA:235,20,1,0
BRDA:240,21,0,0
BRDA:240,21,1,0
BRDA:243,22,0,0
BRDA:243,22,1,0
BRDA:247,23,0,0
BRDA:247,23,1,0
BRDA:248,24,0,0
BRDA:248,24,1,0
BRDA:263,25,0,0
BRDA:263,25,1,0
BRDA:268,26,0,0
BRDA:268,26,1,0
BRDA:281,27,0,0
BRDA:281,27,1,0
BRDA:285,28,0,0
BRDA:285,28,1,0
BRDA:303,29,0,0
BRDA:303,29,1,0
BRDA:310,30,0,0
BRDA:310,30,1,0
BRDA:311,31,0,0
BRDA:311,31,1,0
BRDA:317,32,0,0
BRDA:317,32,1,0
BRDA:321,33,0,0
BRDA:321,33,1,0
BRDA:322,34,0,0
BRDA:322,34,1,0
BRDA:332,35,0,0
BRDA:332,35,1,0
BRDA:350,36,0,0
BRDA:350,36,1,0
BRDA:353,37,0,0
BRDA:353,37,1,0
BRDA:356,38,0,0
BRDA:356,38,1,0
BRDA:358,39,0,0
BRDA:358,39,1,0
BRDA:399,40,0,0
BRDA:399,40,1,0
BRDA:406,41,0,0
BRDA:406,41,1,0
BRDA:409,42,0,0
BRDA:409,42,1,0
BRF:86
BRH:0
end_of_record
TN:
SF:C:\Users\Chandan\Desktop\HANCOM\TEAM CODE\Updated Gitlab code\formcontrols\src\FormDesigner\components\atoms\FDTextBox\index.vue
FN:110,(anonymous_2)
FN:125,(anonymous_3)
FN:191,(anonymous_4)
FN:242,(anonymous_5)
FN:258,(anonymous_6)
FN:275,(anonymous_7)
FN:308,(anonymous_8)
FN:339,(anonymous_9)
FN:350,(anonymous_10)
FN:352,(anonymous_11)
FN:382,(anonymous_12)
FN:401,(anonymous_13)
FN:426,(anonymous_14)
FN:451,(anonymous_15)
FN:487,(anonymous_16)
FN:502,(anonymous_17)
FN:73,(anonymous_18)
FN:95,(anonymous_19)
FNF:18
FNH:0
FNDA:0,(anonymous_2)
FNDA:0,(anonymous_3)
FNDA:0,(anonymous_4)
FNDA:0,(anonymous_5)
FNDA:0,(anonymous_6)
FNDA:0,(anonymous_7)
FNDA:0,(anonymous_8)
FNDA:0,(anonymous_9)
FNDA:0,(anonymous_10)
FNDA:0,(anonymous_11)
FNDA:0,(anonymous_12)
FNDA:0,(anonymous_13)
FNDA:0,(anonymous_14)
FNDA:0,(anonymous_15)
FNDA:0,(anonymous_16)
FNDA:0,(anonymous_17)
FNDA:0,(anonymous_18)
FNDA:0,(anonymous_19)
DA:51,0
DA:60,0
DA:74,0
DA:75,0
DA:76,0
DA:77,0
DA:79,0
DA:81,0
DA:96,0
DA:97,0
DA:98,0
DA:100,0
DA:106,0
DA:107,0
DA:108,0
DA:109,0
DA:111,0
DA:112,0
DA:116,0
DA:126,0
DA:127,0
DA:138,0
DA:193,0
DA:194,0
DA:197,0
DA:198,0
DA:200,0
DA:203,0
DA:204,0
DA:205,0
DA:207,0
DA:212,0
DA:213,0
DA:214,0
DA:216,0
DA:220,0
DA:221,0
DA:223,0
DA:227,0
DA:232,0
DA:243,0
DA:244,0
DA:259,0
DA:260,0
DA:262,0
DA:263,0
DA:276,0
DA:277,0
DA:278,0
DA:279,0
DA:280,0
DA:281,0
DA:282,0
DA:283,0
DA:284,0
DA:288,0
DA:290,0
DA:291,0
DA:292,0
DA:294,0
DA:297,0
DA:309,0
DA:310,0
DA:311,0
DA:315,0
DA:319,0
DA:320,0
DA:325,0
DA:328,0
DA:340,0
DA:341,0
DA:343,0
DA:350,0
DA:351,0
DA:352,0
DA:353,0
DA:355,0
DA:356,0
DA:357,0
DA:358,0
DA:360,0
DA:361,0
DA:362,0
DA:363,0
DA:364,0
DA:365,0
DA:366,0
DA:370,0
DA:374,0
DA:375,0
DA:378,0
DA:383,0
DA:384,0
DA:385,0
DA:386,0
DA:390,0
DA:401,0
DA:402,0
DA:403,0
DA:404,0
DA:405,0
DA:409,0
DA:411,0
DA:415,0
DA:427,0
DA:428,0
DA:429,0
DA:433,0
DA:438,0
DA:441,0
DA:456,0
DA:457,0
DA:458,0
DA:459,0
DA:460,0
DA:461,0
DA:462,0
DA:463,0
DA:464,0
DA:468,0
DA:472,0
DA:474,0
DA:477,0
DA:488,0
DA:489,0
DA:491,0
DA:503,0
DA:504,0
DA:505,0
DA:506,0
DA:510,0
DA:513,0
DA:514,0
LF:133
LH:0
BRDA:111,0,0,0
BRDA:111,0,1,0
BRDA:111,1,0,0
BRDA:111,1,1,0
BRDA:112,2,0,0
BRDA:112,2,1,0
BRDA:127,3,0,0
BRDA:127,3,1,0
BRDA:144,4,0,0
BRDA:144,4,1,0
BRDA:151,5,0,0
BRDA:151,5,1,0
BRDA:152,6,0,0
BRDA:152,6,1,0
BRDA:153,7,0,0
BRDA:153,7,1,0
BRDA:155,8,0,0
BRDA:155,8,1,0
BRDA:157,9,0,0
BRDA:157,9,1,0
BRDA:159,10,0,0
BRDA:159,10,1,0
BRDA:163,11,0,0
BRDA:163,11,1,0
BRDA:165,12,0,0
BRDA:165,12,1,0
BRDA:166,13,0,0
BRDA:166,13,1,0
BRDA:174,14,0,0
BRDA:174,14,1,0
BRDA:175,15,0,0
BRDA:175,15,1,0
BRDA:176,16,0,0
BRDA:176,16,1,0
BRDA:197,17,0,0
BRDA:197,17,1,0
BRDA:198,18,0,0
BRDA:198,18,1,0
BRDA:205,19,0,0
BRDA:205,19,1,0
BRDA:214,20,0,0
BRDA:214,20,1,0
BRDA:259,21,0,0
BRDA:259,21,1,0
BRDA:276,22,0,0
BRDA:276,22,1,0
BRDA:278,23,0,0
BRDA:278,23,1,0
BRDA:283,24,0,0
BRDA:283,24,1,0
BRDA:310,25,0,0
BRDA:310,25,1,0
BRDA:319,26,0,0
BRDA:319,26,1,0
BRDA:340,27,0,0
BRDA:340,27,1,0
BRDA:351,28,0,0
BRDA:351,28,1,0
BRDA:384,29,0,0
BRDA:384,29,1,0
BRDA:403,30,0,0
BRDA:403,30,1,0
BRDA:427,31,0,0
BRDA:427,31,1,0
BRDA:428,32,0,0
BRDA:428,32,1,0
BRDA:456,33,0,0
BRDA:456,33,1,0
BRDA:457,34,0,0
BRDA:457,34,1,0
BRDA:488,35,0,0
BRDA:488,35,1,0
BRDA:503,36,0,0
BRDA:503,36,1,0
BRDA:503,37,0,0
BRDA:503,37,1,0
BRDA:506,38,0,0
BRDA:506,38,1,0
BRDA:506,39,0,0
BRDA:506,39,1,0
BRDA:74,40,0,0
BRDA:74,40,1,0
BRDA:74,41,0,0
BRDA:74,41,1,0
BRDA:96,42,0,0
BRDA:96,42,1,0
BRF:86
BRH:0
end_of_record
TN:
SF:C:\Users\Chandan\Desktop\HANCOM\TEAM CODE\Updated Gitlab code\formcontrols\src\FormDesigner\components\atoms\FDToggleButton\index.vue
FN:47,(anonymous_2)
FN:58,(anonymous_3)
FN:74,(anonymous_4)
FN:106,(anonymous_5)
FN:194,(anonymous_6)
FN:208,(anonymous_7)
FN:219,(anonymous_8)
FN:221,(anonymous_9)
FN:241,(anonymous_10)
FNF:9
FNH:0
FNDA:0,(anonymous_2)
FNDA:0,(anonymous_3)
FNDA:0,(anonymous_4)
FNDA:0,(anonymous_5)
FNDA:0,(anonymous_6)
FNDA:0,(anonymous_7)
FNDA:0,(anonymous_8)
FNDA:0,(anonymous_9)
FNDA:0,(anonymous_10)
DA:37,0
DA:38,0
DA:39,0
DA:47,0
DA:49,0
DA:50,0
DA:51,0
DA:59,0
DA:60,0
DA:64,0
DA:75,0
DA:76,0
DA:77,0
DA:78,0
DA:79,0
DA:80,0
DA:81,0
DA:82,0
DA:83,0
DA:84,0
DA:86,0
DA:88,0
DA:89,0
DA:91,0
DA:94,0
DA:97,0
DA:107,0
DA:108,0
DA:118,0
DA:119,0
DA:120,0
DA:122,0
DA:124,0
DA:195,0
DA:196,0
DA:208,0
DA:210,0
DA:220,0
DA:221,0
DA:222,0
DA:228,0
DA:242,0
LF:42
LH:0
BRDA:59,0,0,0
BRDA:59,0,1,0
BRDA:60,1,0,0
BRDA:60,1,1,0
BRDA:75,2,0,0
BRDA:75,2,1,0
BRDA:77,3,0,0
BRDA:77,3,1,0
BRDA:80,4,0,0
BRDA:80,4,1,0
BRDA:81,5,0,0
BRDA:81,5,1,0
BRDA:83,6,0,0
BRDA:83,6,1,0
BRDA:88,7,0,0
BRDA:88,7,1,0
BRDA:108,8,0,0
BRDA:108,8,1,0
BRDA:119,9,0,0
BRDA:119,9,1,0
BRDA:120,10,0,0
BRDA:120,10,1,0
BRDA:130,11,0,0
BRDA:130,11,1,0
BRDA:137,12,0,0
BRDA:137,12,1,0
BRDA:138,13,0,0
BRDA:138,13,1,0
BRDA:143,14,0,0
BRDA:143,14,1,0
BRDA:145,15,0,0
BRDA:145,15,1,0
BRDA:145,16,0,0
BRDA:145,16,1,0
BRDA:145,16,2,0
BRDA:145,16,3,0
BRDA:145,16,4,0
BRDA:153,17,0,0
BRDA:153,17,1,0
BRDA:157,18,0,0
BRDA:157,18,1,0
BRDA:159,19,0,0
BRDA:159,19,1,0
BRDA:160,20,0,0
BRDA:160,20,1,0
BRDA:168,21,0,0
BRDA:168,21,1,0
BRDA:169,22,0,0
BRDA:169,22,1,0
BRDA:170,23,0,0
BRDA:170,23,1,0
BRDA:171,24,0,0
BRDA:171,24,1,0
BRDA:172,25,0,0
BRDA:172,25,1,0
BRDA:173,26,0,0
BRDA:173,26,1,0
BRDA:174,27,0,0
BRDA:174,27,1,0
BRDA:220,28,0,0
BRDA:220,28,1,0
BRF:61
BRH:0
end_of_record
TN:
SF:C:\Users\Chandan\Desktop\HANCOM\TEAM CODE\Updated Gitlab code\formcontrols\src\FormDesigner\components\atoms\UseTest\index.vue
FN:42,(anonymous_2)
FN:56,(anonymous_3)
FN:65,(anonymous_4)
FN:75,(anonymous_5)
FN:82,(anonymous_6)
FN:86,(anonymous_7)
FN:37,(anonymous_8)
FN:38,(anonymous_9)
FNF:8
FNH:0
FNDA:0,(anonymous_2)
FNDA:0,(anonymous_3)
FNDA:0,(anonymous_4)
FNDA:0,(anonymous_5)
FNDA:0,(anonymous_6)
FNDA:0,(anonymous_7)
FNDA:0,(anonymous_8)
FNDA:0,(anonymous_9)
DA:21,0
DA:22,0
DA:23,0
DA:28,0
DA:30,0
DA:31,0
DA:32,0
DA:33,0
DA:34,0
DA:35,0
DA:36,0
DA:37,0
DA:38,0
DA:39,0
DA:40,0
DA:43,0
DA:44,0
DA:45,0
DA:47,0
DA:48,0
DA:57,0
DA:66,0
DA:67,0
DA:76,0
DA:83,0
DA:87,0
LF:26
LH:0
BRDA:45,0,0,0
BRDA:45,0,1,0
BRDA:66,1,0,0
BRDA:66,1,1,0
BRF:4
BRH:0
end_of_record
TN:
SF:C:\Users\Chandan\Desktop\HANCOM\TEAM CODE\Updated Gitlab code\formcontrols\src\FormDesigner\components\molecules\FDResizeControlSample\index.vue
FN:33,(anonymous_2)
FN:39,(anonymous_3)
FN:45,(anonymous_4)
FN:50,(anonymous_5)
FN:54,(anonymous_6)
FN:58,(anonymous_7)
FNF:6
FNH:0
FNDA:0,(anonymous_2)
FNDA:0,(anonymous_3)
FNDA:0,(anonymous_4)
FNDA:0,(anonymous_5)
FNDA:0,(anonymous_6)
FNDA:0,(anonymous_7)
DA:21,0
DA:22,0
DA:23,0
DA:24,0
DA:33,0
DA:34,0
DA:35,0
DA:37,0
DA:40,0
DA:43,0
DA:46,0
DA:47,0
DA:51,0
DA:55,0
DA:59,0
DA:60,0
DA:61,0
DA:66,0
LF:18
LH:0
BRDA:60,0,0,0
BRDA:60,0,1,0
BRF:2
BRH:0
end_of_record
TN:
SF:C:\Users\Chandan\Desktop\HANCOM\TEAM CODE\Updated Gitlab code\formcontrols\src\FormDesigner\components\molecules\FDResizeHandler\index.vue
FN:34,(anonymous_2)
FN:59,(anonymous_3)
FN:63,(anonymous_4)
FN:68,(anonymous_5)
FN:72,(anonymous_6)
FN:77,(anonymous_7)
FN:85,(anonymous_8)
FN:91,(anonymous_9)
FN:97,(anonymous_10)
FN:106,(anonymous_11)
FN:114,(anonymous_12)
FN:132,(anonymous_13)
FN:146,(anonymous_14)
FN:151,(anonymous_15)
FN:167,(anonymous_16)
FN:169,(anonymous_17)
FN:181,(anonymous_18)
FN:186,(anonymous_19)
FN:192,(anonymous_20)
FN:198,(anonymous_21)
FN:209,(anonymous_22)
FN:235,(anonymous_23)
FN:262,(anonymous_24)
FN:282,(anonymous_25)
FN:291,(anonymous_26)
FN:306,(anonymous_27)
FN:310,(anonymous_28)
FN:318,(anonymous_29)
FN:322,(anonymous_30)
FN:36,(anonymous_31)
FN:37,(anonymous_32)
FNF:31
FNH:0
FNDA:0,(anonymous_2)
FNDA:0,(anonymous_3)
FNDA:0,(anonymous_4)
FNDA:0,(anonymous_5)
FNDA:0,(anonymous_6)
FNDA:0,(anonymous_7)
FNDA:0,(anonymous_8)
FNDA:0,(anonymous_9)
FNDA:0,(anonymous_10)
FNDA:0,(anonymous_11)
FNDA:0,(anonymous_12)
FNDA:0,(anonymous_13)
FNDA:0,(anonymous_14)
FNDA:0,(anonymous_15)
FNDA:0,(anonymous_16)
FNDA:0,(anonymous_17)
FNDA:0,(anonymous_18)
FNDA:0,(anonymous_19)
FNDA:0,(anonymous_20)
FNDA:0,(anonymous_21)
FNDA:0,(anonymous_22)
FNDA:0,(anonymous_23)
FNDA:0,(anonymous_24)
FNDA:0,(anonymous_25)
FNDA:0,(anonymous_26)
FNDA:0,(anonymous_27)
FNDA:0,(anonymous_28)
FNDA:0,(anonymous_29)
FNDA:0,(anonymous_30)
FNDA:0,(anonymous_31)
FNDA:0,(anonymous_32)
DA:26,0
DA:27,0
DA:28,0
DA:29,0
DA:34,0
DA:36,0
DA:37,0
DA:39,0
DA:40,0
DA:41,0
DA:42,0
DA:44,0
DA:52,0
DA:54,0
DA:56,0
DA:57,0
DA:59,0
DA:60,0
DA:63,0
DA:64,0
DA:68,0
DA:69,0
DA:72,0
DA:73,0
DA:77,0
DA:78,0
DA:81,0
DA:82,0
DA:83,0
DA:84,0
DA:86,0
DA:87,0
DA:88,0
DA:89,0
DA:92,0
DA:93,0
DA:94,0
DA:95,0
DA:98,0
DA:99,0
DA:100,0
DA:102,0
DA:107,0
DA:108,0
DA:109,0
DA:110,0
DA:115,0
DA:116,0
DA:117,0
DA:118,0
DA:119,0
DA:120,0
DA:121,0
DA:122,0
DA:125,0
DA:126,0
DA:127,0
DA:133,0
DA:134,0
DA:135,0
DA:136,0
DA:147,0
DA:148,0
DA:149,0
DA:150,0
DA:151,0
DA:152,0
DA:153,0
DA:154,0
DA:155,0
DA:156,0
DA:157,0
DA:158,0
DA:159,0
DA:160,0
DA:162,0
DA:163,0
DA:164,0
DA:165,0
DA:166,0
DA:167,0
DA:169,0
DA:173,0
DA:175,0
DA:177,0
DA:182,0
DA:183,0
DA:184,0
DA:187,0
DA:193,0
DA:199,0
DA:210,0
DA:211,0
DA:212,0
DA:213,0
DA:214,0
DA:216,0
DA:218,0
DA:221,0
DA:222,0
DA:236,0
DA:237,0
DA:238,0
DA:239,0
DA:240,0
DA:241,0
DA:242,0
DA:244,0
DA:247,0
DA:248,0
DA:250,0
DA:251,0
DA:252,0
DA:253,0
DA:255,0
DA:263,0
DA:264,0
DA:265,0
DA:266,0
DA:267,0
DA:268,0
DA:269,0
DA:271,0
DA:272,0
DA:283,0
DA:292,0
DA:307,0
DA:311,0
DA:319,0
DA:323,0
LF:130
LH:0
BRDA:98,0,0,0
BRDA:98,0,1,0
BRDA:99,1,0,0
BRDA:99,1,1,0
BRDA:99,2,0,0
BRDA:99,2,1,0
BRDA:108,3,0,0
BRDA:108,3,1,0
BRDA:115,4,0,0
BRDA:115,4,1,0
BRDA:117,5,0,0
BRDA:117,5,1,0
BRDA:117,6,0,0
BRDA:117,6,1,0
BRDA:119,7,0,0
BRDA:119,7,1,0
BRDA:119,8,0,0
BRDA:119,8,1,0
BRDA:121,9,0,0
BRDA:121,9,1,0
BRDA:133,10,0,0
BRDA:133,10,1,0
BRDA:152,11,0,0
BRDA:152,11,1,0
BRDA:152,12,0,0
BRDA:152,12,1,0
BRDA:152,12,2,0
BRDA:157,13,0,0
BRDA:157,13,1,0
BRDA:159,14,0,0
BRDA:159,14,1,0
BRDA:166,15,0,0
BRDA:166,15,1,0
BRDA:166,16,0,0
BRDA:166,16,1,0
BRDA:193,17,0,0
BRDA:193,17,1,0
BRDA:199,18,0,0
BRDA:199,18,1,0
BRDA:221,19,0,0
BRDA:221,19,1,0
BRDA:221,20,0,0
BRDA:221,20,1,0
BRDA:252,21,0,0
BRDA:252,21,1,0
BRDA:252,22,0,0
BRDA:252,22,1,0
BRDA:252,22,2,0
BRDA:253,23,0,0
BRDA:253,23,1,0
BRDA:271,24,0,0
BRDA:271,24,1,0
BRDA:293,25,0,0
BRDA:293,25,1,0
BRDA:295,26,0,0
BRDA:295,26,1,0
BRDA:311,27,0,0
BRDA:311,27,1,0
BRDA:311,27,2,0
BRF:59
BRH:0
end_of_record
TN:
SF:C:\Users\Chandan\Desktop\HANCOM\TEAM CODE\Updated Gitlab code\formcontrols\src\FormDesigner\components\molecules\FDTableItems\index.vue
FN:55,(anonymous_2)
FN:59,(anonymous_3)
FN:63,(anonymous_4)
FN:67,(anonymous_5)
FNF:4
FNH:0
FNDA:0,(anonymous_2)
FNDA:0,(anonymous_3)
FNDA:0,(anonymous_4)
FNDA:0,(anonymous_5)
DA:36,0
DA:37,0
DA:38,0
DA:39,0
DA:40,0
DA:51,0
DA:52,0
DA:53,0
DA:56,0
DA:59,0
DA:60,0
DA:63,0
DA:64,0
DA:67,0
DA:68,0
LF:15
LH:0
BRF:0
BRH:0
end_of_record
TN:
SF:C:\Users\Chandan\Desktop\HANCOM\TEAM CODE\Updated Gitlab code\formcontrols\src\FormDesigner\components\molecules\FDUserform\index.vue
FN:60,(anonymous_2)
FN:66,(anonymous_3)
FN:70,(anonymous_4)
FN:74,(anonymous_5)
FN:78,(anonymous_6)
FN:83,(anonymous_7)
FN:92,(anonymous_8)
FN:96,(anonymous_9)
FN:111,(anonymous_10)
FN:127,(anonymous_11)
FN:138,(anonymous_12)
FN:187,(anonymous_13)
FN:191,(anonymous_14)
FN:208,(anonymous_15)
FN:214,(anonymous_16)
FN:216,(anonymous_17)
FNF:16
FNH:0
FNDA:0,(anonymous_2)
FNDA:0,(anonymous_3)
FNDA:0,(anonymous_4)
FNDA:0,(anonymous_5)
FNDA:0,(anonymous_6)
FNDA:0,(anonymous_7)
FNDA:0,(anonymous_8)
FNDA:0,(anonymous_9)
FNDA:0,(anonymous_10)
FNDA:0,(anonymous_11)
FNDA:0,(anonymous_12)
FNDA:0,(anonymous_13)
FNDA:0,(anonymous_14)
FNDA:0,(anonymous_15)
FNDA:0,(anonymous_16)
FNDA:0,(anonymous_17)
DA:46,0
DA:47,0
DA:48,0
DA:49,0
DA:51,0
DA:60,0
DA:61,0
DA:62,0
DA:63,0
DA:65,0
DA:67,0
DA:71,0
DA:75,0
DA:78,0
DA:79,0
DA:83,0
DA:84,0
DA:93,0
DA:97,0
DA:98,0
DA:99,0
DA:112,0
DA:113,0
DA:114,0
DA:115,0
DA:116,0
DA:118,0
DA:119,0
DA:128,0
DA:139,0
DA:145,0
DA:146,0
DA:188,0
DA:192,0
DA:193,0
DA:199,0
DA:205,0
DA:209,0
DA:210,0
DA:211,0
DA:215,0
DA:216,0
LF:42
LH:0
BRDA:115,0,0,0
BRDA:115,0,1,0
BRDA:118,1,0,0
BRDA:118,1,1,0
BRDA:129,2,0,0
BRDA:129,2,1,0
BRDA:139,3,0,0
BRDA:139,3,1,0
BRDA:148,4,0,0
BRDA:148,4,1,0
BRDA:152,5,0,0
BRDA:152,5,1,0
BRDA:154,6,0,0
BRDA:154,6,1,0
BRDA:155,7,0,0
BRDA:155,7,1,0
BRDA:163,8,0,0
BRDA:163,8,1,0
BRDA:164,9,0,0
BRDA:164,9,1,0
BRDA:167,10,0,0
BRDA:167,10,1,0
BRDA:171,11,0,0
BRDA:171,11,1,0
BRDA:175,12,0,0
BRDA:175,12,1,0
BRDA:177,13,0,0
BRDA:177,13,1,0
BRDA:188,14,0,0
BRDA:188,14,1,0
BRF:30
BRH:0
end_of_record
TN:
SF:C:\Users\Chandan\Desktop\HANCOM\TEAM CODE\Updated Gitlab code\formcontrols\src\FormDesigner\components\molecules\FDUserformTabOrder\index.vue
FN:68,(anonymous_2)
FN:77,(anonymous_3)
FN:91,(anonymous_4)
FN:92,(anonymous_5)
FN:126,(anonymous_6)
FN:69,(anonymous_7)
FNF:6
FNH:0
FNDA:0,(anonymous_2)
FNDA:0,(anonymous_3)
FNDA:0,(anonymous_4)
FNDA:0,(anonymous_5)
FNDA:0,(anonymous_6)
FNDA:0,(anonymous_7)
DA:57,0
DA:58,0
DA:59,0
DA:61,0
DA:68,0
DA:69,0
DA:70,0
DA:71,0
DA:72,0
DA:73,0
DA:74,0
DA:75,0
DA:78,0
DA:79,0
DA:81,0
DA:82,0
DA:89,0
DA:92,0
DA:95,0
DA:96,0
DA:97,0
DA:98,0
DA:99,0
DA:100,0
DA:101,0
DA:104,0
DA:105,0
DA:106,0
DA:108,0
DA:109,0
DA:111,0
DA:112,0
DA:120,0
DA:121,0
DA:122,0
DA:127,0
LF:36
LH:0
BRDA:79,0,0,0
BRDA:79,0,1,0
BRDA:98,1,0,0
BRDA:98,1,1,0
BRDA:101,2,0,0
BRDA:101,2,1,0
BRDA:104,3,0,0
BRDA:104,3,1,0
BRDA:111,4,0,0
BRDA:111,4,1,0
BRDA:111,5,0,0
BRDA:111,5,1,0
BRF:12
BRH:0
end_of_record
TN:
SF:C:\Users\Chandan\Desktop\HANCOM\TEAM CODE\Updated Gitlab code\formcontrols\src\FormDesigner\components\organisms\FDColorPalettes\index.vue
FN:97,(anonymous_1)
FN:106,(anonymous_2)
FN:109,(anonymous_3)
FN:115,(anonymous_4)
FN:121,(anonymous_5)
FN:125,(anonymous_6)
FN:128,(anonymous_7)
FNF:7
FNH:0
FNDA:0,(anonymous_1)
FNDA:0,(anonymous_2)
FNDA:0,(anonymous_3)
FNDA:0,(anonymous_4)
FNDA:0,(anonymous_5)
FNDA:0,(anonymous_6)
FNDA:0,(anonymous_7)
DA:82,0
DA:83,0
DA:84,0
DA:97,0
DA:98,0
DA:99,0
DA:100,0
DA:101,0
DA:102,0
DA:103,0
DA:107,0
DA:108,0
DA:109,0
DA:110,0
DA:116,0
DA:117,0
DA:118,0
DA:122,0
DA:125,0
DA:126,0
DA:129,0
LF:21
LH:0
BRDA:108,0,0,0
BRDA:108,0,1,0
BRF:2
BRH:0
end_of_record
TN:
SF:C:\Users\Chandan\Desktop\HANCOM\TEAM CODE\Updated Gitlab code\formcontrols\src\FormDesigner\components\organisms\FDContainer\index.vue
FN:86,(anonymous_2)
FN:138,(anonymous_3)
FN:146,(anonymous_4)
FN:173,(anonymous_5)
FN:177,(anonymous_6)
FN:190,(anonymous_7)
FN:193,(anonymous_8)
FN:211,(anonymous_9)
FN:230,(anonymous_10)
FN:245,(anonymous_11)
FN:260,(anonymous_12)
FN:272,(anonymous_13)
FN:287,(anonymous_14)
FN:300,(anonymous_15)
FN:311,(anonymous_16)
FN:320,(anonymous_17)
FN:349,(anonymous_18)
FN:376,(anonymous_19)
FN:411,(anonymous_20)
FN:420,(anonymous_21)
FN:427,(anonymous_22)
FN:428,(anonymous_23)
FN:438,(anonymous_24)
FN:441,(anonymous_25)
FN:444,(anonymous_26)
FN:452,(anonymous_27)
FN:475,(anonymous_28)
FN:486,(anonymous_29)
FN:489,(anonymous_30)
FN:490,(anonymous_31)
FN:493,(anonymous_32)
FN:502,(anonymous_33)
FN:96,(anonymous_34)
FN:97,(anonymous_35)
FN:99,(anonymous_36)
FNF:35
FNH:0
FNDA:0,(anonymous_2)
FNDA:0,(anonymous_3)
FNDA:0,(anonymous_4)
FNDA:0,(anonymous_5)
FNDA:0,(anonymous_6)
FNDA:0,(anonymous_7)
FNDA:0,(anonymous_8)
FNDA:0,(anonymous_9)
FNDA:0,(anonymous_10)
FNDA:0,(anonymous_11)
FNDA:0,(anonymous_12)
FNDA:0,(anonymous_13)
FNDA:0,(anonymous_14)
FNDA:0,(anonymous_15)
FNDA:0,(anonymous_16)
FNDA:0,(anonymous_17)
FNDA:0,(anonymous_18)
FNDA:0,(anonymous_19)
FNDA:0,(anonymous_20)
FNDA:0,(anonymous_21)
FNDA:0,(anonymous_22)
FNDA:0,(anonymous_23)
FNDA:0,(anonymous_24)
FNDA:0,(anonymous_25)
FNDA:0,(anonymous_26)
FNDA:0,(anonymous_27)
FNDA:0,(anonymous_28)
FNDA:0,(anonymous_29)
FNDA:0,(anonymous_30)
FNDA:0,(anonymous_31)
FNDA:0,(anonymous_32)
FNDA:0,(anonymous_33)
FNDA:0,(anonymous_34)
FNDA:0,(anonymous_35)
FNDA:0,(anonymous_36)
DA:61,0
DA:62,0
DA:63,0
DA:64,0
DA:65,0
DA:66,0
DA:67,0
DA:76,0
DA:77,0
DA:86,0
DA:88,0
DA:90,0
DA:91,0
DA:92,0
DA:93,0
DA:96,0
DA:97,0
DA:99,0
DA:101,0
DA:102,0
DA:103,0
DA:104,0
DA:107,0
DA:110,0
DA:112,0
DA:113,0
DA:114,0
DA:115,0
DA:116,0
DA:117,0
DA:118,0
DA:120,0
DA:121,0
DA:122,0
DA:123,0
DA:125,0
DA:126,0
DA:127,0
DA:128,0
DA:130,0
DA:131,0
DA:132,0
DA:139,0
DA:147,0
DA:148,0
DA:149,0
DA:150,0
DA:151,0
DA:152,0
DA:153,0
DA:154,0
DA:155,0
DA:160,0
DA:163,0
DA:165,0
DA:174,0
DA:175,0
DA:176,0
DA:177,0
DA:178,0
DA:179,0
DA:182,0
DA:191,0
DA:192,0
DA:193,0
DA:194,0
DA:195,0
DA:196,0
DA:199,0
DA:212,0
DA:217,0
DA:218,0
DA:219,0
DA:231,0
DA:246,0
DA:261,0
DA:262,0
DA:263,0
DA:264,0
DA:265,0
DA:266,0
DA:270,0
DA:271,0
DA:272,0
DA:273,0
DA:274,0
DA:278,0
DA:288,0
DA:289,0
DA:290,0
DA:291,0
DA:292,0
DA:293,0
DA:294,0
DA:295,0
DA:296,0
DA:297,0
DA:298,0
DA:299,0
DA:300,0
DA:303,0
DA:304,0
DA:305,0
DA:306,0
DA:309,0
DA:310,0
DA:311,0
DA:314,0
DA:315,0
DA:316,0
DA:319,0
DA:320,0
DA:323,0
DA:324,0
DA:325,0
DA:326,0
DA:330,0
DA:331,0
DA:332,0
DA:333,0
DA:334,0
DA:335,0
DA:339,0
DA:340,0
DA:341,0
DA:342,0
DA:343,0
DA:344,0
DA:345,0
DA:346,0
DA:347,0
DA:348,0
DA:349,0
DA:350,0
DA:351,0
DA:352,0
DA:353,0
DA:354,0
DA:355,0
DA:356,0
DA:357,0
DA:358,0
DA:359,0
DA:365,0
DA:366,0
DA:367,0
DA:369,0
DA:370,0
DA:371,0
DA:372,0
DA:373,0
DA:375,0
DA:376,0
DA:377,0
DA:378,0
DA:380,0
DA:381,0
DA:382,0
DA:383,0
DA:388,0
DA:389,0
DA:390,0
DA:392,0
DA:393,0
DA:395,0
DA:398,0
DA:399,0
DA:404,0
DA:405,0
DA:411,0
DA:412,0
DA:421,0
DA:428,0
DA:431,0
DA:432,0
DA:436,0
DA:439,0
DA:442,0
DA:445,0
DA:453,0
DA:454,0
DA:455,0
DA:456,0
DA:457,0
DA:458,0
DA:476,0
DA:487,0
DA:490,0
DA:491,0
DA:493,0
DA:494,0
DA:502,0
DA:503,0
DA:504,0
LF:194
LH:0
BRDA:147,0,0,0
BRDA:147,0,1,0
BRDA:150,1,0,0
BRDA:150,1,1,0
BRDA:152,2,0,0
BRDA:152,2,1,0
BRDA:154,3,0,0
BRDA:154,3,1,0
BRDA:178,4,0,0
BRDA:178,4,1,0
BRDA:262,5,0,0
BRDA:262,5,1,0
BRDA:262,6,0,0
BRDA:262,6,1,0
BRDA:265,7,0,0
BRDA:265,7,1,0
BRDA:265,8,0,0
BRDA:265,8,1,0
BRDA:270,9,0,0
BRDA:270,9,1,0
BRDA:288,10,0,0
BRDA:288,10,1,0
BRDA:288,11,0,0
BRDA:288,11,1,0
BRDA:288,11,2,0
BRDA:288,11,3,0
BRDA:288,11,4,0
BRDA:290,12,0,0
BRDA:290,12,1,0
BRDA:291,13,0,0
BRDA:291,13,1,0
BRDA:299,14,0,0
BRDA:299,14,1,0
BRDA:306,15,0,0
BRDA:306,15,1,0
BRDA:310,16,0,0
BRDA:310,16,1,0
BRDA:319,17,0,0
BRDA:319,17,1,0
BRDA:330,18,0,0
BRDA:330,18,1,0
BRDA:330,19,0,0
BRDA:330,19,1,0
BRDA:333,20,0,0
BRDA:333,20,1,0
BRDA:334,21,0,0
BRDA:334,21,1,0
BRDA:335,22,0,0
BRDA:335,22,1,0
BRDA:335,22,2,0
BRDA:335,22,3,0
BRDA:335,22,4,0
BRDA:335,22,5,0
BRDA:339,23,0,0
BRDA:339,23,1,0
BRDA:339,24,0,0
BRDA:339,24,1,0
BRDA:339,24,2,0
BRDA:339,24,3,0
BRDA:347,25,0,0
BRDA:347,25,1,0
BRDA:348,26,0,0
BRDA:348,26,1,0
BRDA:348,27,0,0
BRDA:348,27,1,0
BRDA:353,28,0,0
BRDA:353,28,1,0
BRDA:353,29,0,0
BRDA:353,29,1,0
BRDA:356,30,0,0
BRDA:356,30,1,0
BRDA:357,31,0,0
BRDA:357,31,1,0
BRDA:357,32,0,0
BRDA:357,32,1,0
BRDA:365,33,0,0
BRDA:365,33,1,0
BRDA:365,34,0,0
BRDA:365,34,1,0
BRDA:369,35,0,0
BRDA:369,35,1,0
BRDA:371,36,0,0
BRDA:371,36,1,0
BRDA:371,37,0,0
BRDA:371,37,1,0
BRDA:380,38,0,0
BRDA:380,38,1,0
BRDA:382,39,0,0
BRDA:382,39,1,0
BRDA:388,40,0,0
BRDA:388,40,1,0
BRDA:389,41,0,0
BRDA:389,41,1,0
BRDA:389,42,0,0
BRDA:389,42,1,0
BRDA:424,43,0,0
BRDA:424,43,1,0
BRDA:428,44,0,0
BRDA:428,44,1,0
BRDA:431,45,0,0
BRDA:431,45,1,0
BRDA:454,46,0,0
BRDA:454,46,1,0
BRDA:455,47,0,0
BRDA:455,47,1,0
BRDA:459,48,0,0
BRDA:459,48,1,0
BRDA:460,49,0,0
BRDA:460,49,1,0
BRDA:461,50,0,0
BRDA:461,50,1,0
BRDA:503,51,0,0
BRDA:503,51,1,0
BRF:113
BRH:0
end_of_record
TN:
SF:C:\Users\Chandan\Desktop\HANCOM\TEAM CODE\Updated Gitlab code\formcontrols\src\FormDesigner\components\organisms\FDCustomColorTabs\index.vue
FN:25,(anonymous_2)
FN:30,(anonymous_3)
FNF:2
FNH:0
FNDA:0,(anonymous_2)
FNDA:0,(anonymous_3)
DA:11,0
DA:12,0
DA:18,0
DA:19,0
DA:20,0
DA:22,0
DA:23,0
DA:26,0
DA:30,0
DA:31,0
LF:10
LH:0
BRF:0
BRH:0
end_of_record
TN:
SF:C:\Users\Chandan\Desktop\HANCOM\TEAM CODE\Updated Gitlab code\formcontrols\src\FormDesigner\components\organisms\FDCustomFontDialog\index.vue
FN:30,(anonymous_2)
FN:34,(anonymous_3)
FN:38,(anonymous_4)
FN:42,(anonymous_5)
FNF:4
FNH:0
FNDA:0,(anonymous_2)
FNDA:0,(anonymous_3)
FNDA:0,(anonymous_4)
FNDA:0,(anonymous_5)
DA:22,0
DA:23,0
DA:30,0
DA:31,0
DA:32,0
DA:33,0
DA:35,0
DA:38,0
DA:39,0
DA:43,0
LF:10
LH:0
BRF:0
BRH:0
end_of_record
TN:
SF:C:\Users\Chandan\Desktop\HANCOM\TEAM CODE\Updated Gitlab code\formcontrols\src\FormDesigner\components\organisms\FDFontCustomInput\index.vue
FN:28,(anonymous_2)
FN:31,(anonymous_3)
FNF:2
FNH:0
FNDA:0,(anonymous_2)
FNDA:0,(anonymous_3)
DA:17,0
DA:18,0
DA:26,0
DA:28,0
DA:29,0
DA:32,0
LF:6
LH:0
BRF:0
BRH:0
end_of_record
TN:
SF:C:\Users\Chandan\Desktop\HANCOM\TEAM CODE\Updated Gitlab code\formcontrols\src\FormDesigner\components\organisms\FDFontDialog\index.vue
FN:205,(anonymous_2)
FN:251,(anonymous_3)
FN:255,(anonymous_4)
FN:272,(anonymous_5)
FN:276,(anonymous_6)
FN:296,(anonymous_7)
FN:314,(anonymous_8)
FN:319,(anonymous_9)
FN:322,(anonymous_10)
FN:328,(anonymous_11)
FN:338,(anonymous_12)
FNF:11
FNH:0
FNDA:0,(anonymous_2)
FNDA:0,(anonymous_3)
FNDA:0,(anonymous_4)
FNDA:0,(anonymous_5)
FNDA:0,(anonymous_6)
FNDA:0,(anonymous_7)
FNDA:0,(anonymous_8)
FNDA:0,(anonymous_9)
FNDA:0,(anonymous_10)
FNDA:0,(anonymous_11)
FNDA:0,(anonymous_12)
DA:190,0
DA:191,0
DA:192,0
DA:193,0
DA:205,0
DA:206,0
DA:207,0
DA:208,0
DA:209,0
DA:210,0
DA:214,0
DA:215,0
DA:216,0
DA:217,0
DA:218,0
DA:219,0
DA:220,0
DA:221,0
DA:222,0
DA:239,0
DA:240,0
DA:241,0
DA:242,0
DA:252,0
DA:253,0
DA:256,0
DA:257,0
DA:258,0
DA:259,0
DA:260,0
DA:261,0
DA:262,0
DA:263,0
DA:264,0
DA:265,0
DA:266,0
DA:267,0
DA:269,0
DA:273,0
DA:274,0
DA:277,0
DA:278,0
DA:279,0
DA:280,0
DA:281,0
DA:282,0
DA:283,0
DA:284,0
DA:285,0
DA:286,0
DA:287,0
DA:288,0
DA:290,0
DA:293,0
DA:297,0
DA:298,0
DA:299,0
DA:300,0
DA:301,0
DA:302,0
DA:303,0
DA:304,0
DA:305,0
DA:307,0
DA:308,0
DA:310,0
DA:311,0
DA:314,0
DA:315,0
DA:319,0
DA:320,0
DA:323,0
DA:329,0
DA:339,0
DA:340,0
DA:341,0
DA:342,0
DA:343,0
DA:344,0
LF:79
LH:0
BRDA:256,0,0,0
BRDA:256,0,1,0
BRDA:256,1,0,0
BRDA:256,1,1,0
BRDA:260,2,0,0
BRDA:260,2,1,0
BRDA:264,3,0,0
BRDA:264,3,1,0
BRDA:280,4,0,0
BRDA:280,4,1,0
BRDA:282,5,0,0
BRDA:282,5,1,0
BRDA:297,6,0,0
BRDA:297,6,1,0
BRDA:297,7,0,0
BRDA:297,7,1,0
BRDA:300,8,0,0
BRDA:300,8,1,0
BRDA:303,9,0,0
BRDA:303,9,1,0
BRDA:324,10,0,0
BRDA:324,10,1,0
BRDA:325,11,0,0
BRDA:325,11,1,0
BRF:24
BRH:0
end_of_record
TN:
SF:C:\Users\Chandan\Desktop\HANCOM\TEAM CODE\Updated Gitlab code\formcontrols\src\FormDesigner\components\organisms\FDGroupControl\index.vue
FN:36,(anonymous_2)
FN:67,(anonymous_3)
FN:75,(anonymous_4)
FN:83,(anonymous_5)
FN:91,(anonymous_6)
FN:98,(anonymous_7)
FN:124,(anonymous_8)
FN:135,(anonymous_9)
FN:143,(anonymous_10)
FN:158,(anonymous_11)
FN:159,(anonymous_12)
FN:164,(anonymous_13)
FN:171,(anonymous_14)
FN:182,(anonymous_15)
FN:194,(anonymous_16)
FN:201,(anonymous_17)
FN:203,(anonymous_18)
FN:234,(anonymous_19)
FN:288,(anonymous_20)
FN:311,(anonymous_21)
FN:327,(anonymous_22)
FN:331,(anonymous_23)
FN:335,(anonymous_24)
FN:340,(anonymous_25)
FN:349,(anonymous_26)
FN:434,(anonymous_27)
FN:615,(anonymous_28)
FN:640,(anonymous_29)
FN:649,(anonymous_30)
FN:650,(anonymous_31)
FN:654,(anonymous_32)
FN:660,(anonymous_33)
FN:675,(anonymous_34)
FN:691,(anonymous_35)
FN:698,(anonymous_36)
FN:37,(anonymous_37)
FN:39,(anonymous_38)
FN:40,(anonymous_39)
FNF:38
FNH:0
FNDA:0,(anonymous_2)
FNDA:0,(anonymous_3)
FNDA:0,(anonymous_4)
FNDA:0,(anonymous_5)
FNDA:0,(anonymous_6)
FNDA:0,(anonymous_7)
FNDA:0,(anonymous_8)
FNDA:0,(anonymous_9)
FNDA:0,(anonymous_10)
FNDA:0,(anonymous_11)
FNDA:0,(anonymous_12)
FNDA:0,(anonymous_13)
FNDA:0,(anonymous_14)
FNDA:0,(anonymous_15)
FNDA:0,(anonymous_16)
FNDA:0,(anonymous_17)
FNDA:0,(anonymous_18)
FNDA:0,(anonymous_19)
FNDA:0,(anonymous_20)
FNDA:0,(anonymous_21)
FNDA:0,(anonymous_22)
FNDA:0,(anonymous_23)
FNDA:0,(anonymous_24)
FNDA:0,(anonymous_25)
FNDA:0,(anonymous_26)
FNDA:0,(anonymous_27)
FNDA:0,(anonymous_28)
FNDA:0,(anonymous_29)
FNDA:0,(anonymous_30)
FNDA:0,(anonymous_31)
FNDA:0,(anonymous_32)
FNDA:0,(anonymous_33)
FNDA:0,(anonymous_34)
FNDA:0,(anonymous_35)
FNDA:0,(anonymous_36)
FNDA:0,(anonymous_37)
FNDA:0,(anonymous_38)
FNDA:0,(anonymous_39)
DA:23,0
DA:29,0
DA:30,0
DA:31,0
DA:36,0
DA:37,0
DA:39,0
DA:40,0
DA:42,0
DA:43,0
DA:44,0
DA:45,0
DA:47,0
DA:48,0
DA:49,0
DA:51,0
DA:52,0
DA:54,0
DA:62,0
DA:63,0
DA:64,0
DA:65,0
DA:66,0
DA:68,0
DA:70,0
DA:71,0
DA:72,0
DA:73,0
DA:76,0
DA:77,0
DA:78,0
DA:79,0
DA:80,0
DA:81,0
DA:84,0
DA:85,0
DA:86,0
DA:87,0
DA:88,0
DA:89,0
DA:92,0
DA:93,0
DA:94,0
DA:95,0
DA:99,0
DA:100,0
DA:101,0
DA:102,0
DA:103,0
DA:104,0
DA:105,0
DA:106,0
DA:107,0
DA:108,0
DA:109,0
DA:110,0
DA:111,0
DA:112,0
DA:113,0
DA:114,0
DA:115,0
DA:116,0
DA:117,0
DA:118,0
DA:119,0
DA:125,0
DA:126,0
DA:127,0
DA:128,0
DA:129,0
DA:130,0
DA:131,0
DA:132,0
DA:136,0
DA:145,0
DA:146,0
DA:150,0
DA:151,0
DA:153,0
DA:154,0
DA:156,0
DA:159,0
DA:160,0
DA:162,0
DA:165,0
DA:166,0
DA:167,0
DA:172,0
DA:174,0
DA:175,0
DA:176,0
DA:187,0
DA:195,0
DA:196,0
DA:202,0
DA:203,0
DA:206,0
DA:207,0
DA:216,0
DA:217,0
DA:218,0
DA:219,0
DA:220,0
DA:222,0
DA:226,0
DA:228,0
DA:229,0
DA:230,0
DA:231,0
DA:234,0
DA:237,0
DA:238,0
DA:239,0
DA:242,0
DA:246,0
DA:247,0
DA:249,0
DA:250,0
DA:252,0
DA:253,0
DA:254,0
DA:255,0
DA:256,0
DA:257,0
DA:258,0
DA:260,0
DA:262,0
DA:266,0
DA:272,0
DA:274,0
DA:276,0
DA:278,0
DA:282,0
DA:283,0
DA:284,0
DA:289,0
DA:290,0
DA:295,0
DA:296,0
DA:300,0
DA:312,0
DA:313,0
DA:314,0
DA:315,0
DA:316,0
DA:317,0
DA:318,0
DA:319,0
DA:320,0
DA:321,0
DA:323,0
DA:324,0
DA:325,0
DA:326,0
DA:327,0
DA:328,0
DA:331,0
DA:332,0
DA:336,0
DA:337,0
DA:338,0
DA:339,0
DA:340,0
DA:341,0
DA:342,0
DA:345,0
DA:346,0
DA:347,0
DA:348,0
DA:349,0
DA:350,0
DA:351,0
DA:352,0
DA:353,0
DA:355,0
DA:356,0
DA:357,0
DA:359,0
DA:360,0
DA:361,0
DA:362,0
DA:363,0
DA:365,0
DA:368,0
DA:369,0
DA:372,0
DA:373,0
DA:375,0
DA:376,0
DA:377,0
DA:378,0
DA:379,0
DA:380,0
DA:381,0
DA:382,0
DA:383,0
DA:385,0
DA:386,0
DA:387,0
DA:389,0
DA:391,0
DA:393,0
DA:395,0
DA:399,0
DA:400,0
DA:401,0
DA:402,0
DA:403,0
DA:404,0
DA:410,0
DA:411,0
DA:412,0
DA:413,0
DA:415,0
DA:416,0
DA:419,0
DA:422,0
DA:423,0
DA:425,0
DA:426,0
DA:427,0
DA:435,0
DA:436,0
DA:437,0
DA:438,0
DA:439,0
DA:440,0
DA:442,0
DA:445,0
DA:446,0
DA:449,0
DA:450,0
DA:452,0
DA:453,0
DA:455,0
DA:456,0
DA:458,0
DA:459,0
DA:460,0
DA:461,0
DA:462,0
DA:463,0
DA:464,0
DA:465,0
DA:466,0
DA:467,0
DA:468,0
DA:469,0
DA:470,0
DA:474,0
DA:478,0
DA:482,0
DA:487,0
DA:488,0
DA:489,0
DA:491,0
DA:492,0
DA:493,0
DA:495,0
DA:496,0
DA:497,0
DA:500,0
DA:501,0
DA:502,0
DA:504,0
DA:505,0
DA:506,0
DA:509,0
DA:511,0
DA:513,0
DA:516,0
DA:521,0
DA:524,0
DA:529,0
DA:532,0
DA:537,0
DA:541,0
DA:545,0
DA:546,0
DA:547,0
DA:548,0
DA:549,0
DA:550,0
DA:552,0
DA:553,0
DA:554,0
DA:555,0
DA:556,0
DA:557,0
DA:559,0
DA:560,0
DA:561,0
DA:562,0
DA:563,0
DA:564,0
DA:571,0
DA:572,0
DA:573,0
DA:574,0
DA:576,0
DA:577,0
DA:580,0
DA:583,0
DA:584,0
DA:585,0
DA:586,0
DA:587,0
DA:588,0
DA:590,0
DA:591,0
DA:592,0
DA:594,0
DA:595,0
DA:596,0
DA:598,0
DA:599,0
DA:600,0
DA:602,0
DA:603,0
DA:604,0
DA:606,0
DA:607,0
DA:608,0
DA:616,0
DA:617,0
DA:619,0
DA:621,0
DA:622,0
DA:623,0
DA:624,0
DA:625,0
DA:626,0
DA:627,0
DA:628,0
DA:629,0
DA:633,0
DA:634,0
DA:635,0
DA:636,0
DA:641,0
DA:642,0
DA:647,0
DA:650,0
DA:654,0
DA:655,0
DA:656,0
DA:657,0
DA:658,0
DA:659,0
DA:660,0
DA:661,0
DA:665,0
DA:666,0
DA:667,0
DA:669,0
DA:670,0
DA:671,0
DA:672,0
DA:673,0
DA:674,0
DA:675,0
DA:678,0
DA:682,0
DA:690,0
DA:691,0
DA:694,0
DA:695,0
DA:698,0
DA:704,0
DA:705,0
LF:370
LH:0
BRDA:92,0,0,0
BRDA:92,0,1,0
BRDA:103,1,0,0
BRDA:103,1,1,0
BRDA:103,2,0,0
BRDA:103,2,1,0
BRDA:104,3,0,0
BRDA:104,3,1,0
BRDA:107,4,0,0
BRDA:107,4,1,0
BRDA:110,5,0,0
BRDA:110,5,1,0
BRDA:115,6,0,0
BRDA:115,6,1,0
BRDA:127,7,0,0
BRDA:127,7,1,0
BRDA:165,8,0,0
BRDA:165,8,1,0
BRDA:172,9,0,0
BRDA:172,9,1,0
BRDA:174,10,0,0
BRDA:174,10,1,0
BRDA:174,11,0,0
BRDA:174,11,1,0
BRDA:197,12,0,0
BRDA:197,12,1,0
BRDA:198,13,0,0
BRDA:198,13,1,0
BRDA:206,14,0,0
BRDA:206,14,1,0
BRDA:222,15,0,0
BRDA:222,15,1,0
BRDA:254,16,0,0
[...]
FNDA:0,(anonymous_3)
FNDA:0,(anonymous_4)
FNDA:0,(anonymous_5)
FNDA:0,(anonymous_6)
FNDA:0,(anonymous_7)
FNDA:0,(anonymous_8)
FNDA:0,(anonymous_9)
DA:1,0
DA:9,0
DA:10,0
DA:16,0
DA:20,0
DA:21,0
DA:22,0
DA:24,0
DA:25,0
DA:26,0
DA:27,0
DA:30,0
DA:31,0
DA:32,0
DA:33,0
DA:34,0
DA:35,0
DA:39,0
DA:45,0
DA:46,0
DA:49,0
DA:52,0
DA:53,0
DA:54,0
DA:57,0
DA:58,0
DA:59,0
DA:60,0
DA:65,0
DA:66,0
DA:67,0
DA:68,0
DA:69,0
DA:73,0
DA:76,0
LF:35
LH:0
BRDA:58,0,0,0
BRDA:58,0,1,0
BRDA:67,1,0,0
BRDA:67,1,1,0
BRDA:77,2,0,0
BRDA:77,2,1,0
BRDA:78,3,0,0
BRDA:78,3,1,0
BRF:8
BRH:0
end_of_record
TN:
SF:C:\Users\Chandan\Desktop\HANCOM\TEAM CODE\Updated Gitlab code\formcontrols\src\api\abstract\FormDesigner\FdSelectVue.ts
FN:10,(anonymous_0)
FN:36,(anonymous_1)
FN:40,(anonymous_2)
FN:46,(anonymous_3)
FN:55,(anonymous_4)
FN:61,(anonymous_5)
FN:65,(anonymous_6)
FN:75,(anonymous_7)
FN:127,(anonymous_8)
FN:130,(anonymous_9)
FN:133,(anonymous_10)
FN:137,(anonymous_11)
FN:146,(anonymous_12)
FN:154,(anonymous_13)
FN:19,(anonymous_14)
FN:20,(anonymous_15)
FN:21,(anonymous_16)
FNF:17
FNH:0
FNDA:0,(anonymous_0)
FNDA:0,(anonymous_1)
FNDA:0,(anonymous_2)
FNDA:0,(anonymous_3)
FNDA:0,(anonymous_4)
FNDA:0,(anonymous_5)
FNDA:0,(anonymous_6)
FNDA:0,(anonymous_7)
FNDA:0,(anonymous_8)
FNDA:0,(anonymous_9)
FNDA:0,(anonymous_10)
FNDA:0,(anonymous_11)
FNDA:0,(anonymous_12)
FNDA:0,(anonymous_13)
FNDA:0,(anonymous_14)
FNDA:0,(anonymous_15)
FNDA:0,(anonymous_16)
DA:1,0
DA:3,0
DA:5,0
DA:10,0
DA:11,0
DA:15,0
DA:16,0
DA:17,0
DA:19,0
DA:20,0
DA:21,0
DA:22,0
DA:23,0
DA:24,0
DA:25,0
DA:27,0
DA:33,0
DA:34,0
DA:36,0
DA:37,0
DA:41,0
DA:42,0
DA:47,0
DA:56,0
DA:57,0
DA:62,0
DA:65,0
DA:66,0
DA:67,0
DA:68,0
DA:69,0
DA:70,0
DA:71,0
DA:72,0
DA:76,0
DA:78,0
DA:81,0
DA:82,0
DA:83,0
DA:84,0
DA:85,0
DA:86,0
DA:87,0
DA:88,0
DA:89,0
DA:90,0
DA:91,0
DA:92,0
DA:93,0
DA:94,0
DA:95,0
DA:96,0
DA:97,0
DA:98,0
DA:99,0
DA:100,0
DA:101,0
DA:103,0
DA:104,0
DA:106,0
DA:107,0
DA:108,0
DA:110,0
DA:111,0
DA:112,0
DA:114,0
DA:115,0
DA:116,0
DA:118,0
DA:119,0
DA:120,0
DA:128,0
DA:131,0
DA:134,0
DA:138,0
DA:147,0
DA:155,0
DA:156,0
DA:157,0
LF:79
LH:0
BRDA:41,0,0,0
BRDA:41,0,1,0
BRDA:56,1,0,0
BRDA:56,1,1,0
BRDA:66,2,0,0
BRDA:66,2,1,0
BRDA:69,3,0,0
BRDA:69,3,1,0
BRDA:71,4,0,0
BRDA:71,4,1,0
BRDA:79,5,0,0
BRDA:79,5,1,0
BRDA:78,6,0,0
BRDA:78,6,1,0
BRDA:78,6,2,0
BRDA:82,7,0,0
BRDA:82,7,1,0
BRDA:87,8,0,0
BRDA:87,8,1,0
BRDA:88,9,0,0
BRDA:88,9,1,0
BRDA:89,10,0,0
BRDA:89,10,1,0
BRDA:90,11,0,0
BRDA:90,11,1,0
BRDA:91,12,0,0
BRDA:91,12,1,0
BRDA:91,13,0,0
BRDA:91,13,1,0
BRDA:92,14,0,0
BRDA:92,14,1,0
BRDA:92,15,0,0
BRDA:92,15,1,0
BRDA:93,16,0,0
BRDA:93,16,1,0
BRDA:93,17,0,0
BRDA:93,17,1,0
BRDA:94,18,0,0
BRDA:94,18,1,0
BRDA:94,19,0,0
BRDA:94,19,1,0
BRDA:95,20,0,0
BRDA:95,20,1,0
BRDA:95,21,0,0
BRDA:95,21,1,0
BRDA:96,22,0,0
BRDA:96,22,1,0
BRDA:96,23,0,0
BRDA:96,23,1,0
BRDA:97,24,0,0
BRDA:97,24,1,0
BRDA:97,25,0,0
BRDA:97,25,1,0
BRDA:98,26,0,0
BRDA:98,26,1,0
BRDA:98,27,0,0
BRDA:98,27,1,0
BRDA:99,28,0,0
BRDA:99,28,1,0
BRDA:100,29,0,0
BRDA:100,29,1,0
BRDA:100,30,0,0
BRDA:100,30,1,0
BRDA:106,31,0,0
BRDA:106,31,1,0
BRDA:107,32,0,0
BRDA:107,32,1,0
BRDA:111,33,0,0
BRDA:111,33,1,0
BRDA:114,34,0,0
BRDA:114,34,1,0
BRDA:115,35,0,0
BRDA:115,35,1,0
BRDA:119,36,0,0
BRDA:119,36,1,0
BRDA:156,37,0,0
BRDA:156,37,1,0
BRF:77
BRH:0
end_of_record
TN:
SF:C:\Users\Chandan\Desktop\HANCOM\TEAM CODE\Updated Gitlab code\formcontrols\src\api\abstract\FormDesigner\FdSelectVueSample.ts
FN:17,(anonymous_0)
FN:25,(anonymous_1)
FN:33,(anonymous_2)
FN:13,(anonymous_3)
FN:14,(anonymous_4)
FNF:5
FNH:0
FNDA:0,(anonymous_0)
FNDA:0,(anonymous_1)
FNDA:0,(anonymous_2)
FNDA:0,(anonymous_3)
FNDA:0,(anonymous_4)
DA:1,0
DA:3,0
DA:7,0
DA:8,0
DA:9,0
DA:10,0
DA:12,0
DA:13,0
DA:14,0
DA:17,0
DA:18,0
DA:25,0
DA:26,0
DA:33,0
DA:34,0
DA:35,0
DA:36,0
DA:37,0
DA:38,0
DA:39,0
DA:40,0
DA:41,0
DA:42,0
DA:43,0
DA:45,0
DA:47,0
DA:48,0
DA:49,0
DA:51,0
DA:52,0
DA:53,0
DA:54,0
DA:55,0
DA:57,0
DA:58,0
DA:59,0
DA:60,0
DA:62,0
DA:63,0
DA:64,0
DA:66,0
DA:67,0
DA:68,0
DA:70,0
DA:71,0
DA:73,0
DA:74,0
DA:76,0
DA:78,0
DA:79,0
DA:80,0
DA:82,0
DA:83,0
DA:84,0
DA:86,0
DA:87,0
DA:126,0
LF:57
LH:0
BRDA:37,0,0,0
BRDA:37,0,1,0
BRDA:38,1,0,0
BRDA:38,1,1,0
BRDA:39,2,0,0
BRDA:39,2,1,0
BRDA:40,3,0,0
BRDA:40,3,1,0
BRDA:41,4,0,0
BRDA:41,4,1,0
BRDA:46,5,0,0
BRDA:46,5,1,0
BRDA:46,5,2,0
BRDA:46,5,3,0
BRDA:46,5,4,0
BRDA:46,5,5,0
BRDA:46,5,6,0
BRDA:46,5,7,0
BRDA:46,5,8,0
BRDA:91,6,0,0
BRDA:91,6,1,0
BRDA:92,7,0,0
BRDA:92,7,1,0
BRF:23
BRH:0
end_of_record
TN:
SF:C:\Users\Chandan\Desktop\HANCOM\TEAM CODE\Updated Gitlab code\formcontrols\src\api\abstract\FormDesigner\@types\FdControlVue.d.ts
FNF:0
FNH:0
LF:0
LH:0
BRF:0
BRH:0
end_of_record
TN:
SF:C:\Users\Chandan\Desktop\HANCOM\TEAM CODE\Updated Gitlab code\formcontrols\src\api\storybook\utilPropCase.js
FN:13,getStoryFunction
FN:14,(anonymous_1)
FN:17,(anonymous_2)
FN:28,(anonymous_3)
FN:31,(anonymous_4)
FN:34,(anonymous_5)
FN:37,(anonymous_6)
FN:40,(anonymous_7)
FN:43,(anonymous_8)
FN:46,(anonymous_9)
FN:49,(anonymous_10)
FN:52,(anonymous_11)
FN:55,(anonymous_12)
FN:58,(anonymous_13)
FN:61,(anonymous_14)
FN:64,(anonymous_15)
FN:67,(anonymous_16)
FN:70,(anonymous_17)
FN:73,(anonymous_18)
FN:76,(anonymous_19)
FN:79,(anonymous_20)
FN:82,(anonymous_21)
FN:85,(anonymous_22)
FN:88,(anonymous_23)
FN:91,(anonymous_24)
FN:94,(anonymous_25)
FN:97,(anonymous_26)
FN:100,(anonymous_27)
FN:103,(anonymous_28)
FN:106,(anonymous_29)
FN:109,(anonymous_30)
FN:112,(anonymous_31)
FN:115,(anonymous_32)
FN:118,(anonymous_33)
FN:121,(anonymous_34)
FN:124,(anonymous_35)
FN:127,(anonymous_36)
FN:130,(anonymous_37)
FN:133,(anonymous_38)
FN:136,(anonymous_39)
FN:139,(anonymous_40)
FN:142,(anonymous_41)
FN:145,(anonymous_42)
FN:148,(anonymous_43)
FN:151,(anonymous_44)
FN:154,(anonymous_45)
FN:157,(anonymous_46)
FN:160,(anonymous_47)
FN:163,(anonymous_48)
FN:166,(anonymous_49)
FN:169,(anonymous_50)
FN:172,(anonymous_51)
FN:175,(anonymous_52)
FN:178,(anonymous_53)
FN:181,(anonymous_54)
FN:184,(anonymous_55)
FN:187,(anonymous_56)
FN:190,(anonymous_57)
FN:193,(anonymous_58)
FN:196,(anonymous_59)
FN:199,(anonymous_60)
FN:202,(anonymous_61)
FN:205,(anonymous_62)
FN:208,(anonymous_63)
FN:211,(anonymous_64)
FN:214,(anonymous_65)
FN:217,(anonymous_66)
FN:220,(anonymous_67)
FN:223,(anonymous_68)
FN:226,(anonymous_69)
FN:229,(anonymous_70)
FN:232,(anonymous_71)
FN:235,(anonymous_72)
FN:238,(anonymous_73)
FN:241,(anonymous_74)
FN:250,(anonymous_75)
FN:259,(anonymous_76)
FN:262,(anonymous_77)
FN:265,(anonymous_78)
FN:268,(anonymous_79)
FN:271,(anonymous_80)
FN:274,(anonymous_81)
FN:277,(anonymous_82)
FN:280,(anonymous_83)
FN:283,(anonymous_84)
FN:286,(anonymous_85)
FN:289,(anonymous_86)
FN:292,(anonymous_87)
FN:295,(anonymous_88)
FN:298,(anonymous_89)
FN:301,(anonymous_90)
FN:304,(anonymous_91)
FN:315,(anonymous_92)
FN:318,(anonymous_93)
FN:321,(anonymous_94)
FN:324,(anonymous_95)
FN:327,(anonymous_96)
FN:330,(anonymous_97)
FNF:98
FNH:0
FNDA:0,getStoryFunction
FNDA:0,(anonymous_1)
FNDA:0,(anonymous_2)
FNDA:0,(anonymous_3)
FNDA:0,(anonymous_4)
FNDA:0,(anonymous_5)
FNDA:0,(anonymous_6)
FNDA:0,(anonymous_7)
FNDA:0,(anonymous_8)
FNDA:0,(anonymous_9)
FNDA:0,(anonymous_10)
FNDA:0,(anonymous_11)
FNDA:0,(anonymous_12)
FNDA:0,(anonymous_13)
FNDA:0,(anonymous_14)
FNDA:0,(anonymous_15)
FNDA:0,(anonymous_16)
FNDA:0,(anonymous_17)
FNDA:0,(anonymous_18)
FNDA:0,(anonymous_19)
FNDA:0,(anonymous_20)
FNDA:0,(anonymous_21)
FNDA:0,(anonymous_22)
FNDA:0,(anonymous_23)
FNDA:0,(anonymous_24)
FNDA:0,(anonymous_25)
FNDA:0,(anonymous_26)
FNDA:0,(anonymous_27)
FNDA:0,(anonymous_28)
FNDA:0,(anonymous_29)
FNDA:0,(anonymous_30)
FNDA:0,(anonymous_31)
FNDA:0,(anonymous_32)
FNDA:0,(anonymous_33)
FNDA:0,(anonymous_34)
FNDA:0,(anonymous_35)
FNDA:0,(anonymous_36)
FNDA:0,(anonymous_37)
FNDA:0,(anonymous_38)
FNDA:0,(anonymous_39)
FNDA:0,(anonymous_40)
FNDA:0,(anonymous_41)
FNDA:0,(anonymous_42)
FNDA:0,(anonymous_43)
FNDA:0,(anonymous_44)
FNDA:0,(anonymous_45)
FNDA:0,(anonymous_46)
FNDA:0,(anonymous_47)
FNDA:0,(anonymous_48)
FNDA:0,(anonymous_49)
FNDA:0,(anonymous_50)
FNDA:0,(anonymous_51)
FNDA:0,(anonymous_52)
FNDA:0,(anonymous_53)
FNDA:0,(anonymous_54)
FNDA:0,(anonymous_55)
FNDA:0,(anonymous_56)
FNDA:0,(anonymous_57)
FNDA:0,(anonymous_58)
FNDA:0,(anonymous_59)
FNDA:0,(anonymous_60)
FNDA:0,(anonymous_61)
FNDA:0,(anonymous_62)
FNDA:0,(anonymous_63)
FNDA:0,(anonymous_64)
FNDA:0,(anonymous_65)
FNDA:0,(anonymous_66)
FNDA:0,(anonymous_67)
FNDA:0,(anonymous_68)
FNDA:0,(anonymous_69)
FNDA:0,(anonymous_70)
FNDA:0,(anonymous_71)
FNDA:0,(anonymous_72)
FNDA:0,(anonymous_73)
FNDA:0,(anonymous_74)
FNDA:0,(anonymous_75)
FNDA:0,(anonymous_76)
FNDA:0,(anonymous_77)
FNDA:0,(anonymous_78)
FNDA:0,(anonymous_79)
FNDA:0,(anonymous_80)
FNDA:0,(anonymous_81)
FNDA:0,(anonymous_82)
FNDA:0,(anonymous_83)
FNDA:0,(anonymous_84)
FNDA:0,(anonymous_85)
FNDA:0,(anonymous_86)
FNDA:0,(anonymous_87)
FNDA:0,(anonymous_88)
FNDA:0,(anonymous_89)
FNDA:0,(anonymous_90)
FNDA:0,(anonymous_91)
FNDA:0,(anonymous_92)
FNDA:0,(anonymous_93)
FNDA:0,(anonymous_94)
FNDA:0,(anonymous_95)
FNDA:0,(anonymous_96)
FNDA:0,(anonymous_97)
DA:10,0
DA:11,0
DA:14,0
DA:15,0
DA:17,0
DA:18,0
DA:19,0
DA:20,0
DA:21,0
DA:22,0
DA:23,0
DA:24,0
DA:26,0
DA:28,0
DA:29,0
DA:31,0
DA:32,0
DA:34,0
DA:35,0
DA:37,0
DA:38,0
DA:40,0
DA:41,0
DA:43,0
DA:44,0
DA:46,0
DA:47,0
DA:49,0
DA:50,0
DA:52,0
DA:53,0
DA:55,0
DA:56,0
DA:58,0
DA:59,0
DA:61,0
DA:62,0
DA:64,0
DA:65,0
DA:67,0
DA:68,0
DA:70,0
DA:71,0
DA:73,0
DA:74,0
DA:76,0
DA:77,0
DA:79,0
DA:80,0
DA:82,0
DA:83,0
DA:85,0
DA:86,0
DA:88,0
DA:89,0
DA:91,0
DA:92,0
DA:94,0
DA:95,0
DA:97,0
DA:98,0
DA:100,0
DA:101,0
DA:103,0
DA:104,0
DA:106,0
DA:107,0
DA:109,0
DA:110,0
DA:112,0
DA:113,0
DA:115,0
DA:116,0
DA:118,0
DA:119,0
DA:121,0
DA:122,0
DA:124,0
DA:125,0
DA:127,0
DA:128,0
DA:130,0
DA:131,0
DA:133,0
DA:134,0
DA:136,0
DA:137,0
DA:139,0
DA:140,0
DA:142,0
DA:143,0
DA:145,0
DA:146,0
DA:148,0
DA:149,0
DA:151,0
DA:152,0
DA:154,0
DA:155,0
DA:157,0
DA:158,0
DA:160,0
DA:161,0
DA:163,0
DA:164,0
DA:166,0
DA:167,0
DA:169,0
DA:170,0
DA:172,0
DA:173,0
DA:175,0
DA:176,0
DA:178,0
DA:179,0
DA:181,0
DA:182,0
DA:184,0
DA:185,0
DA:187,0
DA:188,0
DA:190,0
DA:191,0
DA:193,0
DA:194,0
DA:196,0
DA:197,0
DA:199,0
DA:200,0
DA:202,0
DA:203,0
DA:205,0
DA:206,0
DA:208,0
DA:209,0
DA:211,0
DA:212,0
DA:214,0
DA:215,0
DA:217,0
DA:218,0
DA:220,0
DA:221,0
DA:223,0
DA:224,0
DA:226,0
DA:227,0
DA:229,0
DA:230,0
DA:232,0
DA:233,0
DA:235,0
DA:236,0
DA:238,0
DA:239,0
DA:241,0
DA:242,0
DA:243,0
DA:245,0
DA:248,0
DA:250,0
DA:251,0
DA:252,0
DA:254,0
DA:257,0
DA:259,0
DA:260,0
DA:262,0
DA:263,0
DA:265,0
DA:266,0
DA:268,0
DA:269,0
DA:271,0
DA:272,0
DA:274,0
DA:275,0
DA:277,0
DA:278,0
DA:280,0
DA:281,0
DA:283,0
DA:284,0
DA:286,0
DA:287,0
DA:289,0
DA:290,0
DA:292,0
DA:293,0
DA:295,0
DA:296,0
DA:298,0
DA:299,0
DA:301,0
DA:302,0
DA:304,0
DA:305,0
DA:306,0
DA:307,0
DA:308,0
DA:310,0
DA:313,0
DA:315,0
DA:316,0
DA:318,0
DA:319,0
DA:321,0
DA:322,0
DA:324,0
DA:325,0
DA:327,0
DA:328,0
DA:330,0
DA:331,0
DA:334,0
LF:215
LH:0
BRDA:15,0,0,0
BRDA:15,0,1,0
BRDA:15,0,2,0
BRDA:15,0,3,0
BRDA:15,0,4,0
BRDA:15,0,5,0
BRDA:15,0,6,0
BRDA:15,0,7,0
BRDA:15,0,8,0
BRDA:15,0,9,0
BRDA:15,0,10,0
BRDA:15,0,11,0
BRDA:15,0,12,0
BRDA:15,0,13,0
BRDA:15,0,14,0
BRDA:15,0,15,0
BRDA:15,0,16,0
BRDA:15,0,17,0
BRDA:15,0,18,0
BRDA:15,0,19,0
BRDA:15,0,20,0
BRDA:15,0,21,0
BRDA:15,0,22,0
BRDA:15,0,23,0
BRDA:15,0,24,0
BRDA:15,0,25,0
BRDA:15,0,26,0
BRDA:15,0,27,0
BRDA:15,0,28,0
BRDA:15,0,29,0
BRDA:15,0,30,0
BRDA:15,0,31,0
BRDA:15,0,32,0
BRDA:15,0,33,0
BRDA:15,0,34,0
BRDA:15,0,35,0
BRDA:15,0,36,0
BRDA:15,0,37,0
BRDA:15,0,38,0
BRDA:15,0,39,0
BRDA:15,0,40,0
BRDA:15,0,41,0
BRDA:15,0,42,0
BRDA:15,0,43,0
BRDA:15,0,44,0
BRDA:15,0,45,0
BRDA:15,0,46,0
BRDA:15,0,47,0
BRDA:15,0,48,0
BRDA:15,0,49,0
BRDA:15,0,50,0
BRDA:15,0,51,0
BRDA:15,0,52,0
BRDA:15,0,53,0
BRDA:15,0,54,0
BRDA:15,0,55,0
BRDA:15,0,56,0
BRDA:15,0,57,0
BRDA:15,0,58,0
BRDA:15,0,59,0
BRDA:15,0,60,0
BRDA:15,0,61,0
BRDA:15,0,62,0
BRDA:15,0,63,0
BRDA:15,0,64,0
BRDA:15,0,65,0
BRDA:15,0,66,0
BRDA:15,0,67,0
BRDA:15,0,68,0
BRDA:15,0,69,0
BRDA:15,0,70,0
BRDA:15,0,71,0
BRDA:15,0,72,0
BRDA:15,0,73,0
BRDA:15,0,74,0
BRDA:15,0,75,0
BRDA:15,0,76,0
BRDA:15,0,77,0
BRDA:15,0,78,0
BRDA:15,0,79,0
BRDA:15,0,80,0
BRDA:15,0,81,0
BRDA:15,0,82,0
BRDA:15,0,83,0
BRDA:15,0,84,0
BRDA:15,0,85,0
BRDA:15,0,86,0
BRDA:15,0,87,0
BRDA:15,0,88,0
BRDA:15,0,89,0
BRDA:15,0,90,0
BRDA:15,0,91,0
BRDA:15,0,92,0
BRDA:15,0,93,0
BRDA:15,0,94,0
BRDA:15,0,95,0
BRDA:18,1,0,0
BRDA:18,1,1,0
BRDA:19,2,0,0
BRDA:19,2,1,0
BRDA:20,3,0,0
BRDA:20,3,1,0
BRDA:21,4,0,0
BRDA:21,4,1,0
BRDA:22,5,0,0
BRDA:22,5,1,0
BRDA:23,6,0,0
BRDA:23,6,1,0
BRDA:24,7,0,0
BRDA:24,7,1,0
BRDA:242,8,0,0
BRDA:242,8,1,0
BRDA:242,9,0,0
BRDA:242,9,1,0
BRDA:251,10,0,0
BRDA:251,10,1,0
BRDA:305,11,0,0
BRDA:305,11,1,0
BRDA:307,12,0,0
BRDA:307,12,1,0
BRF:120
BRH:0
end_of_record
TN:
SF:C:\Users\Chandan\Desktop\HANCOM\TEAM CODE\Updated Gitlab code\formcontrols\src\api\storybook\utilReactivity.js
FN:8,updateVuexCallback
FN:9,(anonymous_1)
FN:20,updateDataCallback
FN:21,(anonymous_3)
FN:27,initUpdate
FNF:5
FNH:0
FNDA:0,updateVuexCallback
FNDA:0,(anonymous_1)
FNDA:0,updateDataCallback
FNDA:0,(anonymous_3)
FNDA:0,initUpdate
DA:4,0
DA:6,0
DA:9,0
DA:10,0
DA:11,0
DA:21,0
DA:22,0
DA:23,0
DA:28,0
DA:29,0
DA:30,0
DA:31,0
DA:32,0
DA:33,0
LF:14
LH:0
BRDA:29,0,0,0
BRDA:29,0,1,0
BRDA:29,1,0,0
BRDA:29,1,1,0
BRF:4
BRH:0
end_of_record
TN:
SF:C:\Users\Chandan\Desktop\HANCOM\TEAM CODE\Updated Gitlab code\formcontrols\src\store\index.ts
FN:14,(anonymous_0)
FNF:1
FNH:1
FNDA:1,(anonymous_0)
DA:1,1
DA:2,1
DA:4,1
DA:7,1
DA:10,1
DA:14,1
DA:15,1
DA:17,1
DA:23,1
DA:25,1
LF:10
LH:10
BRF:0
BRH:0
end_of_record
TN:
SF:C:\Users\Chandan\Desktop\HANCOM\TEAM CODE\Updated Gitlab code\formcontrols\src\storeModules\FormDesigner\store.ts
FNF:0
FNH:0
DA:1,0
DA:2,0
DA:4,0
DA:6,0
DA:17,0
LF:5
LH:0
BRF:0
BRH:0
end_of_record
TN:
SF:C:\Users\Chandan\Desktop\HANCOM\TEAM CODE\Updated Gitlab code\formcontrols\src\storeModules\fd\actions.ts
FN:128,(anonymous_0)
FN:131,(anonymous_1)
FN:134,(anonymous_2)
FN:137,(anonymous_3)
FN:140,(anonymous_4)
FN:143,(anonymous_5)
FN:146,(anonymous_6)
FN:149,(anonymous_7)
FN:152,(anonymous_8)
FN:155,(anonymous_9)
FN:158,(anonymous_10)
FN:161,(anonymous_11)
FN:164,(anonymous_12)
FN:167,(anonymous_13)
FN:170,(anonymous_14)
FN:173,(anonymous_15)
FN:176,(anonymous_16)
FN:179,(anonymous_17)
FN:201,(anonymous_18)
FNF:19
FNH:0
FNDA:0,(anonymous_0)
FNDA:0,(anonymous_1)
FNDA:0,(anonymous_2)
FNDA:0,(anonymous_3)
FNDA:0,(anonymous_4)
FNDA:0,(anonymous_5)
FNDA:0,(anonymous_6)
FNDA:0,(anonymous_7)
FNDA:0,(anonymous_8)
FNDA:0,(anonymous_9)
FNDA:0,(anonymous_10)
FNDA:0,(anonymous_11)
FNDA:0,(anonymous_12)
FNDA:0,(anonymous_13)
FNDA:0,(anonymous_14)
FNDA:0,(anonymous_15)
FNDA:0,(anonymous_16)
FNDA:0,(anonymous_17)
FNDA:0,(anonymous_18)
DA:127,1
DA:129,0
DA:132,0
DA:135,0
DA:138,0
DA:141,0
DA:144,0
DA:147,0
DA:150,0
DA:153,0
DA:156,0
DA:159,0
DA:162,0
DA:165,0
DA:168,0
DA:171,0
DA:174,0
DA:177,0
DA:180,0
DA:185,0
DA:190,0
DA:195,0
DA:202,0
DA:206,1
LF:24
LH:2
BRF:0
BRH:0
end_of_record
TN:
SF:C:\Users\Chandan\Desktop\HANCOM\TEAM CODE\Updated Gitlab code\formcontrols\src\storeModules\fd\checkValidation.ts
FN:1,checkPropertyValue
FNF:1
FNH:0
FNDA:0,checkPropertyValue
DA:1,1
DA:2,0
DA:3,0
DA:6,0
DA:7,0
DA:11,0
DA:12,0
DA:15,0
DA:16,0
DA:19,0
DA:20,0
DA:22,0
DA:23,0
DA:25,0
DA:26,0
DA:28,0
DA:29,0
DA:31,0
DA:32,0
DA:36,0
DA:37,0
DA:39,0
LF:22
LH:1
BRDA:4,0,0,0
BRDA:4,0,1,0
BRDA:4,0,2,0
BRDA:4,0,3,0
BRDA:4,0,4,0
BRDA:4,0,5,0
BRDA:4,0,6,0
BRDA:4,0,7,0
BRDA:4,0,8,0
BRDA:4,0,9,0
BRDA:4,0,10,0
BRDA:4,0,11,0
BRDA:4,0,12,0
BRDA:4,0,13,0
BRDA:4,0,14,0
BRDA:4,0,15,0
BRDA:6,1,0,0
BRDA:6,1,1,0
BRDA:11,2,0,0
BRDA:11,2,1,0
BRDA:15,3,0,0
BRDA:15,3,1,0
BRDA:19,4,0,0
BRDA:19,4,1,0
BRDA:22,5,0,0
BRDA:22,5,1,0
BRDA:25,6,0,0
BRDA:25,6,1,0
BRDA:28,7,0,0
BRDA:28,7,1,0
BRDA:31,8,0,0
BRDA:31,8,1,0
BRDA:36,9,0,0
BRDA:36,9,1,0
BRF:34
BRH:0
end_of_record
TN:
SF:C:\Users\Chandan\Desktop\HANCOM\TEAM CODE\Updated Gitlab code\formcontrols\src\storeModules\fd\index.ts
FNF:0
FNH:0
DA:2,1
DA:3,1
DA:4,1
DA:5,1
DA:7,1
DA:8,1
DA:10,1
DA:16,1
DA:43,1
LF:9
LH:9
BRF:0
BRH:0
end_of_record
TN:
SF:C:\Users\Chandan\Desktop\HANCOM\TEAM CODE\Updated Gitlab code\formcontrols\src\storeModules\fd\mutations.ts
FN:106,(anonymous_0)
FN:107,(anonymous_1)
FN:117,(anonymous_2)
FN:128,(anonymous_3)
FN:134,(anonymous_4)
FN:157,(anonymous_5)
FN:166,(anonymous_6)
FN:176,(anonymous_7)
FN:180,(anonymous_8)
FN:197,(anonymous_9)
FN:200,(anonymous_10)
FN:217,(anonymous_11)
FN:221,(anonymous_12)
FN:226,(anonymous_13)
FN:239,(anonymous_14)
FN:249,(anonymous_15)
FN:256,(anonymous_16)
FN:257,(anonymous_17)
FN:258,(anonymous_18)
FN:261,(anonymous_19)
FNF:20
FNH:0
FNDA:0,(anonymous_0)
FNDA:0,(anonymous_1)
FNDA:0,(anonymous_2)
FNDA:0,(anonymous_3)
FNDA:0,(anonymous_4)
FNDA:0,(anonymous_5)
FNDA:0,(anonymous_6)
FNDA:0,(anonymous_7)
FNDA:0,(anonymous_8)
FNDA:0,(anonymous_9)
FNDA:0,(anonymous_10)
FNDA:0,(anonymous_11)
FNDA:0,(anonymous_12)
FNDA:0,(anonymous_13)
FNDA:0,(anonymous_14)
FNDA:0,(anonymous_15)
FNDA:0,(anonymous_16)
FNDA:0,(anonymous_17)
FNDA:0,(anonymous_18)
FNDA:0,(anonymous_19)
DA:2,1
DA:3,1
DA:105,1
DA:108,0
DA:109,0
DA:110,0
DA:111,0
DA:112,0
DA:114,0
DA:118,0
DA:119,0
DA:120,0
DA:121,0
DA:122,0
DA:124,0
DA:129,0
DA:130,0
DA:135,0
DA:136,0
DA:137,0
DA:138,0
DA:139,0
DA:140,0
DA:141,0
DA:142,0
DA:143,0
DA:146,0
DA:150,0
DA:153,0
DA:158,0
DA:159,0
DA:160,0
DA:161,0
DA:162,0
DA:167,0
DA:168,0
DA:169,0
DA:170,0
DA:172,0
DA:177,0
DA:178,0
DA:179,0
DA:180,0
DA:181,0
DA:182,0
DA:183,0
DA:184,0
DA:185,0
DA:189,0
DA:190,0
DA:191,0
DA:192,0
DA:193,0
DA:198,0
DA:199,0
DA:200,0
DA:201,0
DA:202,0
DA:203,0
DA:204,0
DA:205,0
DA:209,0
DA:210,0
DA:211,0
DA:212,0
DA:213,0
DA:218,0
DA:219,0
DA:222,0
DA:223,0
DA:224,0
DA:227,0
DA:228,0
DA:229,0
DA:230,0
DA:242,0
DA:243,0
DA:244,0
DA:246,0
DA:250,0
DA:251,0
DA:253,0
DA:259,0
DA:262,0
DA:266,1
LF:85
LH:4
BRDA:110,0,0,0
BRDA:110,0,1,0
BRDA:120,1,0,0
BRDA:120,1,1,0
BRDA:139,2,0,0
BRDA:139,2,1,0
BRDA:139,3,0,0
BRDA:139,3,1,0
BRDA:140,4,0,0
BRDA:140,4,1,0
BRDA:141,5,0,0
BRDA:141,5,1,0
BRDA:142,6,0,0
BRDA:142,6,1,0
BRDA:158,7,0,0
BRDA:158,7,1,0
BRDA:158,8,0,0
BRDA:158,8,1,0
BRDA:161,9,0,0
BRDA:161,9,1,0
BRDA:161,10,0,0
BRDA:161,10,1,0
BRDA:167,11,0,0
BRDA:167,11,1,0
BRDA:167,12,0,0
BRDA:167,12,1,0
BRDA:170,13,0,0
BRDA:170,13,1,0
BRDA:170,14,0,0
BRDA:170,14,1,0
BRDA:182,15,0,0
BRDA:182,15,1,0
BRDA:190,16,0,0
BRDA:190,16,1,0
BRDA:202,17,0,0
BRDA:202,17,1,0
BRDA:210,18,0,0
BRDA:210,18,1,0
BRDA:242,19,0,0
BRDA:242,19,1,0
BRDA:250,20,0,0
BRDA:250,20,1,0
BRF:42
BRH:0
end_of_record
TN:
SF:C:\Users\Chandan\Desktop\HANCOM\TEAM CODE\Updated Gitlab code\formcontrols\src\stories\util.ts
FN:19,checkProps
FN:28,checkSlots
FN:37,checkElms
FN:46,checkClass
FN:66,checkEvent
FN:98,checkAll
FN:99,(anonymous_7)
FN:102,(anonymous_8)
FN:105,(anonymous_9)
FN:108,(anonymous_10)
FN:111,(anonymous_11)
FN:127,changeMode
FN:142,(anonymous_13)
FN:142,(anonymous_14)
FNF:14
FNH:0
FNDA:0,checkProps
FNDA:0,checkSlots
FNDA:0,checkElms
FNDA:0,checkClass
FNDA:0,checkEvent
FNDA:0,checkAll
FNDA:0,(anonymous_7)
FNDA:0,(anonymous_8)
FNDA:0,(anonymous_9)
FNDA:0,(anonymous_10)
FNDA:0,(anonymous_11)
FNDA:0,changeMode
FNDA:0,(anonymous_13)
FNDA:0,(anonymous_14)
DA:20,0
DA:21,0
DA:22,0
DA:23,0
DA:24,0
DA:29,0
DA:30,0
DA:31,0
DA:32,0
DA:33,0
DA:38,0
DA:39,0
DA:40,0
DA:41,0
DA:42,0
DA:47,0
DA:48,0
DA:49,0
DA:50,0
DA:51,0
DA:52,0
DA:53,0
DA:54,0
DA:55,0
DA:56,0
DA:57,0
DA:58,0
DA:60,0
DA:67,0
DA:68,0
DA:69,0
DA:71,0
DA:72,0
DA:73,0
DA:74,0
DA:76,0
DA:78,0
DA:79,0
DA:80,0
DA:82,0
DA:84,0
DA:85,0
DA:86,0
DA:87,0
DA:88,0
DA:89,0
DA:91,0
DA:99,0
DA:100,0
DA:102,0
DA:103,0
DA:105,0
DA:106,0
DA:108,0
DA:109,0
DA:111,0
DA:112,0
DA:116,0
DA:125,0
DA:127,0
DA:128,0
DA:129,0
DA:130,0
DA:131,0
DA:132,0
DA:133,0
DA:134,0
DA:135,0
DA:136,0
DA:137,0
DA:138,0
DA:141,0
DA:142,0
DA:143,0
DA:144,0
DA:145,0
DA:149,0
LF:77
LH:0
BRDA:57,0,0,0
BRDA:57,0,1,0
BRDA:88,1,0,0
BRDA:88,1,1,0
BRDA:128,2,0,0
BRDA:128,2,1,0
BRDA:129,3,0,0
BRDA:129,3,1,0
BRDA:134,4,0,0
BRDA:134,4,1,0
BRDA:137,5,0,0
BRDA:137,5,1,0
BRDA:141,6,0,0
BRDA:141,6,1,0
BRF:14
BRH:0
end_of_record
